<?xml version="1.0" encoding="UTF-8"?>
  <testsuites tests="21" disabled="0" errors="0" failures="19" time="63.550677">
      <testsuite name="DevOps MCP E2E Test Suite" package="/Users/seancorkum/projects/devops-mcp/test/e2e" tests="0" disabled="0" skipped="0" errors="0" failures="0" time="0.009925" timestamp="2025-07-06T10:59:37">
          <properties>
              <property name="SuiteSucceeded" value="true"></property>
              <property name="SuiteHasProgrammaticFocus" value="false"></property>
              <property name="SpecialSuiteFailureReason" value=""></property>
              <property name="SuiteLabels" value="[]"></property>
              <property name="RandomSeed" value="1751817573"></property>
              <property name="RandomizeAllSpecs" value="false"></property>
              <property name="LabelFilter" value=""></property>
              <property name="FocusStrings" value=""></property>
              <property name="SkipStrings" value=""></property>
              <property name="FocusFiles" value=""></property>
              <property name="SkipFiles" value=""></property>
              <property name="FailOnPending" value="false"></property>
              <property name="FailOnEmpty" value="false"></property>
              <property name="FailFast" value="false"></property>
              <property name="FlakeAttempts" value="2"></property>
              <property name="DryRun" value="false"></property>
              <property name="ParallelTotal" value="5"></property>
              <property name="OutputInterceptorMode" value=""></property>
          </properties>
      </testsuite>
      <testsuite name="Multi-Agent Collaboration E2E Test Suite" package="/Users/seancorkum/projects/devops-mcp/test/e2e/scenarios" tests="21" disabled="0" skipped="0" errors="0" failures="19" time="63.540752" timestamp="2025-07-06T10:59:40">
          <properties>
              <property name="SuiteSucceeded" value="false"></property>
              <property name="SuiteHasProgrammaticFocus" value="false"></property>
              <property name="SpecialSuiteFailureReason" value=""></property>
              <property name="SuiteLabels" value="[]"></property>
              <property name="RandomSeed" value="1751817573"></property>
              <property name="RandomizeAllSpecs" value="false"></property>
              <property name="LabelFilter" value=""></property>
              <property name="FocusStrings" value=""></property>
              <property name="SkipStrings" value=""></property>
              <property name="FocusFiles" value=""></property>
              <property name="SkipFiles" value=""></property>
              <property name="FailOnPending" value="false"></property>
              <property name="FailOnEmpty" value="false"></property>
              <property name="FailFast" value="false"></property>
              <property name="FlakeAttempts" value="2"></property>
              <property name="DryRun" value="false"></property>
              <property name="ParallelTotal" value="5"></property>
              <property name="OutputInterceptorMode" value=""></property>
          </properties>
          <testcase name="[It] Multi-Agent Collaboration E2E Tests Code Review Workflow should coordinate code review between multiple agents" classname="Multi-Agent Collaboration E2E Test Suite" status="failed" time="0.459763917">
              <failure message="Unexpected error:&#xA;    &lt;*fmt.wrapError | 0xc00021e060&gt;: &#xA;    failed to connect: failed to WebSocket dial: expected handshake response status code 101 but got 502&#xA;    {&#xA;        msg: &#34;failed to connect: failed to WebSocket dial: expected handshake response status code 101 but got 502&#34;,&#xA;        err: &lt;*fmt.wrapError | 0xc00021e040&gt;{&#xA;            msg: &#34;failed to WebSocket dial: expected handshake response status code 101 but got 502&#34;,&#xA;            err: &lt;*errors.errorString | 0xc0001be000&gt;{&#xA;                s: &#34;expected handshake response status code 101 but got 502&#34;,&#xA;            },&#xA;        },&#xA;    }&#xA;occurred" type="failed">[FAILED] Unexpected error:&#xA;    &lt;*fmt.wrapError | 0xc00021e060&gt;: &#xA;    failed to connect: failed to WebSocket dial: expected handshake response status code 101 but got 502&#xA;    {&#xA;        msg: &#34;failed to connect: failed to WebSocket dial: expected handshake response status code 101 but got 502&#34;,&#xA;        err: &lt;*fmt.wrapError | 0xc00021e040&gt;{&#xA;            msg: &#34;failed to WebSocket dial: expected handshake response status code 101 but got 502&#34;,&#xA;            err: &lt;*errors.errorString | 0xc0001be000&gt;{&#xA;                s: &#34;expected handshake response status code 101 but got 502&#34;,&#xA;            },&#xA;        },&#xA;    }&#xA;occurred&#xA;In [It] at: /Users/seancorkum/projects/devops-mcp/test/e2e/scenarios/multi_agent_test.go:149 @ 07/06/25 10:59:40.744&#xA;&#xA;There were additional failures detected after the initial failure. These are visible in the timeline&#xA;</failure>
              <system-err>&gt; Enter [BeforeEach] Multi-Agent Collaboration E2E Tests - /Users/seancorkum/projects/devops-mcp/test/e2e/scenarios/multi_agent_test.go:28 @ 07/06/25 10:59:40.288&#xA;&lt; Exit [BeforeEach] Multi-Agent Collaboration E2E Tests - /Users/seancorkum/projects/devops-mcp/test/e2e/scenarios/multi_agent_test.go:28 @ 07/06/25 10:59:40.295 (7ms)&#xA;&gt; Enter [It] should coordinate code review between multiple agents - /Users/seancorkum/projects/devops-mcp/test/e2e/scenarios/multi_agent_test.go:128 @ 07/06/25 10:59:40.295&#xA;[FAILED] Failure recorded during attempt 1:&#xA;Unexpected error:&#xA;    &lt;*fmt.wrapError | 0xc0003043c0&gt;: &#xA;    failed to connect: failed to WebSocket dial: expected handshake response status code 101 but got 502&#xA;    {&#xA;        msg: &#34;failed to connect: failed to WebSocket dial: expected handshake response status code 101 but got 502&#34;,&#xA;        err: &lt;*fmt.wrapError | 0xc0003043a0&gt;{&#xA;            msg: &#34;failed to WebSocket dial: expected handshake response status code 101 but got 502&#34;,&#xA;            err: &lt;*errors.errorString | 0xc0001ce530&gt;{&#xA;                s: &#34;expected handshake response status code 101 but got 502&#34;,&#xA;            },&#xA;        },&#xA;    }&#xA;occurred&#xA;In [It] at: /Users/seancorkum/projects/devops-mcp/test/e2e/scenarios/multi_agent_test.go:153 @ 07/06/25 10:59:40.696&#xA;&lt; Exit [It] should coordinate code review between multiple agents - /Users/seancorkum/projects/devops-mcp/test/e2e/scenarios/multi_agent_test.go:128 @ 07/06/25 10:59:40.696 (401ms)&#xA;&gt; Enter [AfterEach] Multi-Agent Collaboration E2E Tests - /Users/seancorkum/projects/devops-mcp/test/e2e/scenarios/multi_agent_test.go:38 @ 07/06/25 10:59:40.697&#xA;&lt; Exit [AfterEach] Multi-Agent Collaboration E2E Tests - /Users/seancorkum/projects/devops-mcp/test/e2e/scenarios/multi_agent_test.go:38 @ 07/06/25 10:59:40.7 (3ms)&#xA;&#xA;Attempt #1 Failed.  Retrying ↺ @ 07/06/25 10:59:40.7&#xA;&#xA;&gt; Enter [BeforeEach] Multi-Agent Collaboration E2E Tests - /Users/seancorkum/projects/devops-mcp/test/e2e/scenarios/multi_agent_test.go:28 @ 07/06/25 10:59:40.7&#xA;&lt; Exit [BeforeEach] Multi-Agent Collaboration E2E Tests - /Users/seancorkum/projects/devops-mcp/test/e2e/scenarios/multi_agent_test.go:28 @ 07/06/25 10:59:40.705 (5ms)&#xA;&gt; Enter [It] should coordinate code review between multiple agents - /Users/seancorkum/projects/devops-mcp/test/e2e/scenarios/multi_agent_test.go:128 @ 07/06/25 10:59:40.706&#xA;[FAILED] Unexpected error:&#xA;    &lt;*fmt.wrapError | 0xc00021e060&gt;: &#xA;    failed to connect: failed to WebSocket dial: expected handshake response status code 101 but got 502&#xA;    {&#xA;        msg: &#34;failed to connect: failed to WebSocket dial: expected handshake response status code 101 but got 502&#34;,&#xA;        err: &lt;*fmt.wrapError | 0xc00021e040&gt;{&#xA;            msg: &#34;failed to WebSocket dial: expected handshake response status code 101 but got 502&#34;,&#xA;            err: &lt;*errors.errorString | 0xc0001be000&gt;{&#xA;                s: &#34;expected handshake response status code 101 but got 502&#34;,&#xA;            },&#xA;        },&#xA;    }&#xA;occurred&#xA;In [It] at: /Users/seancorkum/projects/devops-mcp/test/e2e/scenarios/multi_agent_test.go:149 @ 07/06/25 10:59:40.744&#xA;&lt; Exit [It] should coordinate code review between multiple agents - /Users/seancorkum/projects/devops-mcp/test/e2e/scenarios/multi_agent_test.go:128 @ 07/06/25 10:59:40.744 (39ms)&#xA;&gt; Enter [AfterEach] Multi-Agent Collaboration E2E Tests - /Users/seancorkum/projects/devops-mcp/test/e2e/scenarios/multi_agent_test.go:38 @ 07/06/25 10:59:40.745&#xA;&lt; Exit [AfterEach] Multi-Agent Collaboration E2E Tests - /Users/seancorkum/projects/devops-mcp/test/e2e/scenarios/multi_agent_test.go:38 @ 07/06/25 10:59:40.747 (3ms)&#xA;</system-err>
          </testcase>
          <testcase name="[It] Single Agent E2E Tests Basic Agent Lifecycle should complete full agent lifecycle" classname="Multi-Agent Collaboration E2E Test Suite" status="failed" time="0.106219772">
              <failure message="Unexpected error:&#xA;    &lt;*fmt.wrapError | 0xc0000aa2a0&gt;: &#xA;    failed to connect: failed to WebSocket dial: expected handshake response status code 101 but got 502&#xA;    {&#xA;        msg: &#34;failed to connect: failed to WebSocket dial: expected handshake response status code 101 but got 502&#34;,&#xA;        err: &lt;*fmt.wrapError | 0xc0000aa000&gt;{&#xA;            msg: &#34;failed to WebSocket dial: expected handshake response status code 101 but got 502&#34;,&#xA;            err: &lt;*errors.errorString | 0xc0003ce000&gt;{&#xA;                s: &#34;expected handshake response status code 101 but got 502&#34;,&#xA;            },&#xA;        },&#xA;    }&#xA;occurred" type="failed">[FAILED] Unexpected error:&#xA;    &lt;*fmt.wrapError | 0xc0000aa2a0&gt;: &#xA;    failed to connect: failed to WebSocket dial: expected handshake response status code 101 but got 502&#xA;    {&#xA;        msg: &#34;failed to connect: failed to WebSocket dial: expected handshake response status code 101 but got 502&#34;,&#xA;        err: &lt;*fmt.wrapError | 0xc0000aa000&gt;{&#xA;            msg: &#34;failed to WebSocket dial: expected handshake response status code 101 but got 502&#34;,&#xA;            err: &lt;*errors.errorString | 0xc0003ce000&gt;{&#xA;                s: &#34;expected handshake response status code 101 but got 502&#34;,&#xA;            },&#xA;        },&#xA;    }&#xA;occurred&#xA;In [It] at: /Users/seancorkum/projects/devops-mcp/test/e2e/scenarios/single_agent_test.go:73 @ 07/06/25 10:59:40.852&#xA;&#xA;There were additional failures detected after the initial failure. These are visible in the timeline&#xA;</failure>
              <system-out>[10:59:40] [INFO] single-agent: Connecting agent edf160bf-ca7c-48b5-8d36-43f4908d4383&#xA;[10:59:40] [INFO] single-agent: Connecting agent 0049e90b-0b59-4baa-b7ce-d24c4afaadad&#xA;</system-out>
              <system-err>&gt; Enter [BeforeEach] Single Agent E2E Tests - /Users/seancorkum/projects/devops-mcp/test/e2e/scenarios/single_agent_test.go:30 @ 07/06/25 10:59:40.749&#xA;&lt; Exit [BeforeEach] Single Agent E2E Tests - /Users/seancorkum/projects/devops-mcp/test/e2e/scenarios/single_agent_test.go:30 @ 07/06/25 10:59:40.754 (5ms)&#xA;&gt; Enter [It] should complete full agent lifecycle - /Users/seancorkum/projects/devops-mcp/test/e2e/scenarios/single_agent_test.go:47 @ 07/06/25 10:59:40.755&#xA;[FAILED] Failure recorded during attempt 1:&#xA;Unexpected error:&#xA;    &lt;*fmt.wrapError | 0xc000304080&gt;: &#xA;    failed to connect: failed to WebSocket dial: expected handshake response status code 101 but got 502&#xA;    {&#xA;        msg: &#34;failed to connect: failed to WebSocket dial: expected handshake response status code 101 but got 502&#34;,&#xA;        err: &lt;*fmt.wrapError | 0xc000304060&gt;{&#xA;            msg: &#34;failed to WebSocket dial: expected handshake response status code 101 but got 502&#34;,&#xA;            err: &lt;*errors.errorString | 0xc0001be000&gt;{&#xA;                s: &#34;expected handshake response status code 101 but got 502&#34;,&#xA;            },&#xA;        },&#xA;    }&#xA;occurred&#xA;In [It] at: /Users/seancorkum/projects/devops-mcp/test/e2e/scenarios/single_agent_test.go:73 @ 07/06/25 10:59:40.798&#xA;&lt; Exit [It] should complete full agent lifecycle - /Users/seancorkum/projects/devops-mcp/test/e2e/scenarios/single_agent_test.go:47 @ 07/06/25 10:59:40.798 (44ms)&#xA;&gt; Enter [AfterEach] Single Agent E2E Tests - /Users/seancorkum/projects/devops-mcp/test/e2e/scenarios/single_agent_test.go:40 @ 07/06/25 10:59:40.798&#xA;&lt; Exit [AfterEach] Single Agent E2E Tests - /Users/seancorkum/projects/devops-mcp/test/e2e/scenarios/single_agent_test.go:40 @ 07/06/25 10:59:40.802 (3ms)&#xA;&#xA;Attempt #1 Failed.  Retrying ↺ @ 07/06/25 10:59:40.802&#xA;&#xA;&gt; Enter [BeforeEach] Single Agent E2E Tests - /Users/seancorkum/projects/devops-mcp/test/e2e/scenarios/single_agent_test.go:30 @ 07/06/25 10:59:40.802&#xA;&lt; Exit [BeforeEach] Single Agent E2E Tests - /Users/seancorkum/projects/devops-mcp/test/e2e/scenarios/single_agent_test.go:30 @ 07/06/25 10:59:40.806 (3ms)&#xA;&gt; Enter [It] should complete full agent lifecycle - /Users/seancorkum/projects/devops-mcp/test/e2e/scenarios/single_agent_test.go:47 @ 07/06/25 10:59:40.806&#xA;[FAILED] Unexpected error:&#xA;    &lt;*fmt.wrapError | 0xc0000aa2a0&gt;: &#xA;    failed to connect: failed to WebSocket dial: expected handshake response status code 101 but got 502&#xA;    {&#xA;        msg: &#34;failed to connect: failed to WebSocket dial: expected handshake response status code 101 but got 502&#34;,&#xA;        err: &lt;*fmt.wrapError | 0xc0000aa000&gt;{&#xA;            msg: &#34;failed to WebSocket dial: expected handshake response status code 101 but got 502&#34;,&#xA;            err: &lt;*errors.errorString | 0xc0003ce000&gt;{&#xA;                s: &#34;expected handshake response status code 101 but got 502&#34;,&#xA;            },&#xA;        },&#xA;    }&#xA;occurred&#xA;In [It] at: /Users/seancorkum/projects/devops-mcp/test/e2e/scenarios/single_agent_test.go:73 @ 07/06/25 10:59:40.852&#xA;&lt; Exit [It] should complete full agent lifecycle - /Users/seancorkum/projects/devops-mcp/test/e2e/scenarios/single_agent_test.go:47 @ 07/06/25 10:59:40.852 (46ms)&#xA;&gt; Enter [AfterEach] Single Agent E2E Tests - /Users/seancorkum/projects/devops-mcp/test/e2e/scenarios/single_agent_test.go:40 @ 07/06/25 10:59:40.852&#xA;&lt; Exit [AfterEach] Single Agent E2E Tests - /Users/seancorkum/projects/devops-mcp/test/e2e/scenarios/single_agent_test.go:40 @ 07/06/25 10:59:40.855 (3ms)&#xA;</system-err>
          </testcase>
          <testcase name="[It] Single Agent E2E Tests Session Management should manage sessions correctly" classname="Multi-Agent Collaboration E2E Test Suite" status="failed" time="1.52328972">
              <failure message="Unexpected error:&#xA;    &lt;*fmt.wrapError | 0xc0003040a0&gt;: &#xA;    failed to connect: failed to WebSocket dial: expected handshake response status code 101 but got 502&#xA;    {&#xA;        msg: &#34;failed to connect: failed to WebSocket dial: expected handshake response status code 101 but got 502&#34;,&#xA;        err: &lt;*fmt.wrapError | 0xc000304080&gt;{&#xA;            msg: &#34;failed to WebSocket dial: expected handshake response status code 101 but got 502&#34;,&#xA;            err: &lt;*errors.errorString | 0xc0001ce010&gt;{&#xA;                s: &#34;expected handshake response status code 101 but got 502&#34;,&#xA;            },&#xA;        },&#xA;    }&#xA;occurred" type="failed">[FAILED] Unexpected error:&#xA;    &lt;*fmt.wrapError | 0xc0003040a0&gt;: &#xA;    failed to connect: failed to WebSocket dial: expected handshake response status code 101 but got 502&#xA;    {&#xA;        msg: &#34;failed to connect: failed to WebSocket dial: expected handshake response status code 101 but got 502&#34;,&#xA;        err: &lt;*fmt.wrapError | 0xc000304080&gt;{&#xA;            msg: &#34;failed to WebSocket dial: expected handshake response status code 101 but got 502&#34;,&#xA;            err: &lt;*errors.errorString | 0xc0001ce010&gt;{&#xA;                s: &#34;expected handshake response status code 101 but got 502&#34;,&#xA;            },&#xA;        },&#xA;    }&#xA;occurred&#xA;In [It] at: /Users/seancorkum/projects/devops-mcp/test/e2e/scenarios/single_agent_test.go:347 @ 07/06/25 10:59:42.376&#xA;&#xA;There were additional failures detected after the initial failure. These are visible in the timeline&#xA;</failure>
              <system-err>&gt; Enter [BeforeEach] Single Agent E2E Tests - /Users/seancorkum/projects/devops-mcp/test/e2e/scenarios/single_agent_test.go:30 @ 07/06/25 10:59:40.856&#xA;&lt; Exit [BeforeEach] Single Agent E2E Tests - /Users/seancorkum/projects/devops-mcp/test/e2e/scenarios/single_agent_test.go:30 @ 07/06/25 10:59:40.86 (4ms)&#xA;&gt; Enter [It] should manage sessions correctly - /Users/seancorkum/projects/devops-mcp/test/e2e/scenarios/single_agent_test.go:327 @ 07/06/25 10:59:40.86&#xA;[FAILED] Failure recorded during attempt 1:&#xA;Expected&#xA;    &lt;string&gt;: &#xA;not to be empty&#xA;In [It] at: /Users/seancorkum/projects/devops-mcp/test/e2e/scenarios/single_agent_test.go:366 @ 07/06/25 10:59:42.078&#xA;&lt; Exit [It] should manage sessions correctly - /Users/seancorkum/projects/devops-mcp/test/e2e/scenarios/single_agent_test.go:327 @ 07/06/25 10:59:42.078 (1.218s)&#xA;&gt; Enter [AfterEach] Single Agent E2E Tests - /Users/seancorkum/projects/devops-mcp/test/e2e/scenarios/single_agent_test.go:40 @ 07/06/25 10:59:42.079&#xA;&lt; Exit [AfterEach] Single Agent E2E Tests - /Users/seancorkum/projects/devops-mcp/test/e2e/scenarios/single_agent_test.go:40 @ 07/06/25 10:59:42.081 (2ms)&#xA;&#xA;Attempt #1 Failed.  Retrying ↺ @ 07/06/25 10:59:42.081&#xA;&#xA;&gt; Enter [BeforeEach] Single Agent E2E Tests - /Users/seancorkum/projects/devops-mcp/test/e2e/scenarios/single_agent_test.go:30 @ 07/06/25 10:59:42.081&#xA;&lt; Exit [BeforeEach] Single Agent E2E Tests - /Users/seancorkum/projects/devops-mcp/test/e2e/scenarios/single_agent_test.go:30 @ 07/06/25 10:59:42.085 (4ms)&#xA;&gt; Enter [It] should manage sessions correctly - /Users/seancorkum/projects/devops-mcp/test/e2e/scenarios/single_agent_test.go:327 @ 07/06/25 10:59:42.085&#xA;[FAILED] Unexpected error:&#xA;    &lt;*fmt.wrapError | 0xc0003040a0&gt;: &#xA;    failed to connect: failed to WebSocket dial: expected handshake response status code 101 but got 502&#xA;    {&#xA;        msg: &#34;failed to connect: failed to WebSocket dial: expected handshake response status code 101 but got 502&#34;,&#xA;        err: &lt;*fmt.wrapError | 0xc000304080&gt;{&#xA;            msg: &#34;failed to WebSocket dial: expected handshake response status code 101 but got 502&#34;,&#xA;            err: &lt;*errors.errorString | 0xc0001ce010&gt;{&#xA;                s: &#34;expected handshake response status code 101 but got 502&#34;,&#xA;            },&#xA;        },&#xA;    }&#xA;occurred&#xA;In [It] at: /Users/seancorkum/projects/devops-mcp/test/e2e/scenarios/single_agent_test.go:347 @ 07/06/25 10:59:42.376&#xA;&lt; Exit [It] should manage sessions correctly - /Users/seancorkum/projects/devops-mcp/test/e2e/scenarios/single_agent_test.go:327 @ 07/06/25 10:59:42.376 (291ms)&#xA;&gt; Enter [AfterEach] Single Agent E2E Tests - /Users/seancorkum/projects/devops-mcp/test/e2e/scenarios/single_agent_test.go:40 @ 07/06/25 10:59:42.377&#xA;&lt; Exit [AfterEach] Single Agent E2E Tests - /Users/seancorkum/projects/devops-mcp/test/e2e/scenarios/single_agent_test.go:40 @ 07/06/25 10:59:42.379 (3ms)&#xA;</system-err>
          </testcase>
          <testcase name="[It] Performance and Stress E2E Tests Message Throughput Tests should handle high message throughput" classname="Multi-Agent Collaboration E2E Test Suite" status="failed" time="1.567340663">
              <failure message="Unexpected error:&#xA;    &lt;*fmt.wrapError | 0xc00021e680&gt;: &#xA;    failed to connect: failed to WebSocket dial: expected handshake response status code 101 but got 502&#xA;    {&#xA;        msg: &#34;failed to connect: failed to WebSocket dial: expected handshake response status code 101 but got 502&#34;,&#xA;        err: &lt;*fmt.wrapError | 0xc00021e660&gt;{&#xA;            msg: &#34;failed to WebSocket dial: expected handshake response status code 101 but got 502&#34;,&#xA;            err: &lt;*errors.errorString | 0xc00038f0f0&gt;{&#xA;                s: &#34;expected handshake response status code 101 but got 502&#34;,&#xA;            },&#xA;        },&#xA;    }&#xA;occurred" type="failed">[FAILED] Unexpected error:&#xA;    &lt;*fmt.wrapError | 0xc00021e680&gt;: &#xA;    failed to connect: failed to WebSocket dial: expected handshake response status code 101 but got 502&#xA;    {&#xA;        msg: &#34;failed to connect: failed to WebSocket dial: expected handshake response status code 101 but got 502&#34;,&#xA;        err: &lt;*fmt.wrapError | 0xc00021e660&gt;{&#xA;            msg: &#34;failed to WebSocket dial: expected handshake response status code 101 but got 502&#34;,&#xA;            err: &lt;*errors.errorString | 0xc00038f0f0&gt;{&#xA;                s: &#34;expected handshake response status code 101 but got 502&#34;,&#xA;            },&#xA;        },&#xA;    }&#xA;occurred&#xA;In [It] at: /Users/seancorkum/projects/devops-mcp/test/e2e/scenarios/performance_test.go:311 @ 07/06/25 10:59:43.944&#xA;&#xA;There were additional failures detected after the initial failure. These are visible in the timeline&#xA;</failure>
              <system-out>[10:59:43] [INFO] performance: Throughput Test Results:&#xA;[10:59:43] [INFO] performance:   Messages sent: 20&#xA;[10:59:43] [INFO] performance:   Errors: 980&#xA;[10:59:43] [INFO] performance:   Duration: 239.239091ms&#xA;[10:59:43] [INFO] performance:   Throughput: 83.60 msg/sec&#xA;[10:59:43] [INFO] performance:   Avg latency: 47.648702ms&#xA;[10:59:43] [INFO] performance:   P50 latency: 47.770775ms&#xA;[10:59:43] [INFO] performance:   P95 latency: 47.971095ms&#xA;[10:59:43] [INFO] performance:   P99 latency: 47.971095ms&#xA;</system-out>
              <system-err>&gt; Enter [BeforeEach] Performance and Stress E2E Tests - /Users/seancorkum/projects/devops-mcp/test/e2e/scenarios/performance_test.go:31 @ 07/06/25 10:59:42.38&#xA;&lt; Exit [BeforeEach] Performance and Stress E2E Tests - /Users/seancorkum/projects/devops-mcp/test/e2e/scenarios/performance_test.go:31 @ 07/06/25 10:59:42.381 (0s)&#xA;&gt; Enter [It] should handle high message throughput - /Users/seancorkum/projects/devops-mcp/test/e2e/scenarios/performance_test.go:289 @ 07/06/25 10:59:42.381&#xA;[FAILED] Failure recorded during attempt 1:&#xA;Expected&#xA;    &lt;int64&gt;: 20&#xA;to equal&#xA;    &lt;int64&gt;: 1000&#xA;In [It] at: /Users/seancorkum/projects/devops-mcp/test/e2e/scenarios/performance_test.go:388 @ 07/06/25 10:59:43.746&#xA;&lt; Exit [It] should handle high message throughput - /Users/seancorkum/projects/devops-mcp/test/e2e/scenarios/performance_test.go:289 @ 07/06/25 10:59:43.746 (1.365s)&#xA;&gt; Enter [AfterEach] Performance and Stress E2E Tests - /Users/seancorkum/projects/devops-mcp/test/e2e/scenarios/performance_test.go:41 @ 07/06/25 10:59:43.746&#xA;&lt; Exit [AfterEach] Performance and Stress E2E Tests - /Users/seancorkum/projects/devops-mcp/test/e2e/scenarios/performance_test.go:41 @ 07/06/25 10:59:43.75 (3ms)&#xA;&#xA;Attempt #1 Failed.  Retrying ↺ @ 07/06/25 10:59:43.75&#xA;&#xA;&gt; Enter [BeforeEach] Performance and Stress E2E Tests - /Users/seancorkum/projects/devops-mcp/test/e2e/scenarios/performance_test.go:31 @ 07/06/25 10:59:43.75&#xA;&lt; Exit [BeforeEach] Performance and Stress E2E Tests - /Users/seancorkum/projects/devops-mcp/test/e2e/scenarios/performance_test.go:31 @ 07/06/25 10:59:43.75 (0s)&#xA;&gt; Enter [It] should handle high message throughput - /Users/seancorkum/projects/devops-mcp/test/e2e/scenarios/performance_test.go:289 @ 07/06/25 10:59:43.75&#xA;[FAILED] Unexpected error:&#xA;    &lt;*fmt.wrapError | 0xc00021e680&gt;: &#xA;    failed to connect: failed to WebSocket dial: expected handshake response status code 101 but got 502&#xA;    {&#xA;        msg: &#34;failed to connect: failed to WebSocket dial: expected handshake response status code 101 but got 502&#34;,&#xA;        err: &lt;*fmt.wrapError | 0xc00021e660&gt;{&#xA;            msg: &#34;failed to WebSocket dial: expected handshake response status code 101 but got 502&#34;,&#xA;            err: &lt;*errors.errorString | 0xc00038f0f0&gt;{&#xA;                s: &#34;expected handshake response status code 101 but got 502&#34;,&#xA;            },&#xA;        },&#xA;    }&#xA;occurred&#xA;In [It] at: /Users/seancorkum/projects/devops-mcp/test/e2e/scenarios/performance_test.go:311 @ 07/06/25 10:59:43.944&#xA;&lt; Exit [It] should handle high message throughput - /Users/seancorkum/projects/devops-mcp/test/e2e/scenarios/performance_test.go:289 @ 07/06/25 10:59:43.944 (194ms)&#xA;&gt; Enter [AfterEach] Performance and Stress E2E Tests - /Users/seancorkum/projects/devops-mcp/test/e2e/scenarios/performance_test.go:41 @ 07/06/25 10:59:43.944&#xA;&lt; Exit [AfterEach] Performance and Stress E2E Tests - /Users/seancorkum/projects/devops-mcp/test/e2e/scenarios/performance_test.go:41 @ 07/06/25 10:59:43.948 (3ms)&#xA;</system-err>
          </testcase>
          <testcase name="[It] Multi-Agent Collaboration E2E Tests Parallel Task Execution should execute tasks in parallel across multiple agents" classname="Multi-Agent Collaboration E2E Test Suite" status="failed" time="0.536930954">
              <failure message="Unexpected error:&#xA;    &lt;*fmt.wrapError | 0xc00032a1c0&gt;: &#xA;    failed to connect: failed to WebSocket dial: expected handshake response status code 101 but got 502&#xA;    {&#xA;        msg: &#34;failed to connect: failed to WebSocket dial: expected handshake response status code 101 but got 502&#34;,&#xA;        err: &lt;*fmt.wrapError | 0xc00032a1a0&gt;{&#xA;            msg: &#34;failed to WebSocket dial: expected handshake response status code 101 but got 502&#34;,&#xA;            err: &lt;*errors.errorString | 0xc0003883d0&gt;{&#xA;                s: &#34;expected handshake response status code 101 but got 502&#34;,&#xA;            },&#xA;        },&#xA;    }&#xA;occurred" type="failed">[FAILED] Unexpected error:&#xA;    &lt;*fmt.wrapError | 0xc00032a1c0&gt;: &#xA;    failed to connect: failed to WebSocket dial: expected handshake response status code 101 but got 502&#xA;    {&#xA;        msg: &#34;failed to connect: failed to WebSocket dial: expected handshake response status code 101 but got 502&#34;,&#xA;        err: &lt;*fmt.wrapError | 0xc00032a1a0&gt;{&#xA;            msg: &#34;failed to WebSocket dial: expected handshake response status code 101 but got 502&#34;,&#xA;            err: &lt;*errors.errorString | 0xc0003883d0&gt;{&#xA;                s: &#34;expected handshake response status code 101 but got 502&#34;,&#xA;            },&#xA;        },&#xA;    }&#xA;occurred&#xA;In [It] at: /Users/seancorkum/projects/devops-mcp/test/e2e/scenarios/multi_agent_test.go:284 @ 07/06/25 10:59:40.821&#xA;&#xA;There were additional failures detected after the initial failure. These are visible in the timeline&#xA;</failure>
              <system-err>&gt; Enter [BeforeEach] Multi-Agent Collaboration E2E Tests - /Users/seancorkum/projects/devops-mcp/test/e2e/scenarios/multi_agent_test.go:28 @ 07/06/25 10:59:40.288&#xA;&lt; Exit [BeforeEach] Multi-Agent Collaboration E2E Tests - /Users/seancorkum/projects/devops-mcp/test/e2e/scenarios/multi_agent_test.go:28 @ 07/06/25 10:59:40.294 (6ms)&#xA;&gt; Enter [It] should execute tasks in parallel across multiple agents - /Users/seancorkum/projects/devops-mcp/test/e2e/scenarios/multi_agent_test.go:258 @ 07/06/25 10:59:40.295&#xA;[FAILED] Failure recorded during attempt 1:&#xA;Unexpected error:&#xA;    &lt;*errors.errorString | 0xc0000b25d0&gt;: &#xA;    registration error: failed to register agent: failed to create agent: pq: invalid input syntax for type uuid: &#34;system&#34;&#xA;    {&#xA;        s: &#34;registration error: failed to register agent: failed to create agent: pq: invalid input syntax for type uuid: \&#34;system\&#34;&#34;,&#xA;    }&#xA;occurred&#xA;In [It] at: /Users/seancorkum/projects/devops-mcp/test/e2e/scenarios/multi_agent_test.go:288 @ 07/06/25 10:59:40.656&#xA;&lt; Exit [It] should execute tasks in parallel across multiple agents - /Users/seancorkum/projects/devops-mcp/test/e2e/scenarios/multi_agent_test.go:258 @ 07/06/25 10:59:40.656 (362ms)&#xA;&gt; Enter [AfterEach] Multi-Agent Collaboration E2E Tests - /Users/seancorkum/projects/devops-mcp/test/e2e/scenarios/multi_agent_test.go:38 @ 07/06/25 10:59:40.657&#xA;&lt; Exit [AfterEach] Multi-Agent Collaboration E2E Tests - /Users/seancorkum/projects/devops-mcp/test/e2e/scenarios/multi_agent_test.go:38 @ 07/06/25 10:59:40.659 (2ms)&#xA;&#xA;Attempt #1 Failed.  Retrying ↺ @ 07/06/25 10:59:40.659&#xA;&#xA;&gt; Enter [BeforeEach] Multi-Agent Collaboration E2E Tests - /Users/seancorkum/projects/devops-mcp/test/e2e/scenarios/multi_agent_test.go:28 @ 07/06/25 10:59:40.66&#xA;&lt; Exit [BeforeEach] Multi-Agent Collaboration E2E Tests - /Users/seancorkum/projects/devops-mcp/test/e2e/scenarios/multi_agent_test.go:28 @ 07/06/25 10:59:40.667 (7ms)&#xA;&gt; Enter [It] should execute tasks in parallel across multiple agents - /Users/seancorkum/projects/devops-mcp/test/e2e/scenarios/multi_agent_test.go:258 @ 07/06/25 10:59:40.667&#xA;[FAILED] Unexpected error:&#xA;    &lt;*fmt.wrapError | 0xc00032a1c0&gt;: &#xA;    failed to connect: failed to WebSocket dial: expected handshake response status code 101 but got 502&#xA;    {&#xA;        msg: &#34;failed to connect: failed to WebSocket dial: expected handshake response status code 101 but got 502&#34;,&#xA;        err: &lt;*fmt.wrapError | 0xc00032a1a0&gt;{&#xA;            msg: &#34;failed to WebSocket dial: expected handshake response status code 101 but got 502&#34;,&#xA;            err: &lt;*errors.errorString | 0xc0003883d0&gt;{&#xA;                s: &#34;expected handshake response status code 101 but got 502&#34;,&#xA;            },&#xA;        },&#xA;    }&#xA;occurred&#xA;In [It] at: /Users/seancorkum/projects/devops-mcp/test/e2e/scenarios/multi_agent_test.go:284 @ 07/06/25 10:59:40.821&#xA;&lt; Exit [It] should execute tasks in parallel across multiple agents - /Users/seancorkum/projects/devops-mcp/test/e2e/scenarios/multi_agent_test.go:258 @ 07/06/25 10:59:40.821 (154ms)&#xA;&gt; Enter [AfterEach] Multi-Agent Collaboration E2E Tests - /Users/seancorkum/projects/devops-mcp/test/e2e/scenarios/multi_agent_test.go:38 @ 07/06/25 10:59:40.822&#xA;&lt; Exit [AfterEach] Multi-Agent Collaboration E2E Tests - /Users/seancorkum/projects/devops-mcp/test/e2e/scenarios/multi_agent_test.go:38 @ 07/06/25 10:59:40.824 (3ms)&#xA;</system-err>
          </testcase>
          <testcase name="[It] Single Agent E2E Tests Tool Discovery and Execution should discover available tools" classname="Multi-Agent Collaboration E2E Test Suite" status="failed" time="1.296550495">
              <failure message="Expected&#xA;    &lt;bool&gt;: false&#xA;to be true" type="failed">[FAILED] Expected&#xA;    &lt;bool&gt;: false&#xA;to be true&#xA;In [It] at: /Users/seancorkum/projects/devops-mcp/test/e2e/scenarios/single_agent_test.go:193 @ 07/06/25 10:59:42.119&#xA;&#xA;There were additional failures detected after the initial failure. These are visible in the timeline&#xA;</failure>
              <system-err>&gt; Enter [BeforeEach] Single Agent E2E Tests - /Users/seancorkum/projects/devops-mcp/test/e2e/scenarios/single_agent_test.go:30 @ 07/06/25 10:59:40.826&#xA;&lt; Exit [BeforeEach] Single Agent E2E Tests - /Users/seancorkum/projects/devops-mcp/test/e2e/scenarios/single_agent_test.go:30 @ 07/06/25 10:59:40.832 (6ms)&#xA;&gt; Enter [It] should discover available tools - /Users/seancorkum/projects/devops-mcp/test/e2e/scenarios/single_agent_test.go:163 @ 07/06/25 10:59:40.832&#xA;[FAILED] Failure recorded during attempt 1:&#xA;Unexpected error:&#xA;    &lt;*fmt.wrapError | 0xc00007c080&gt;: &#xA;    failed to connect: failed to WebSocket dial: expected handshake response status code 101 but got 502&#xA;    {&#xA;        msg: &#34;failed to connect: failed to WebSocket dial: expected handshake response status code 101 but got 502&#34;,&#xA;        err: &lt;*fmt.wrapError | 0xc00007c060&gt;{&#xA;            msg: &#34;failed to WebSocket dial: expected handshake response status code 101 but got 502&#34;,&#xA;            err: &lt;*errors.errorString | 0xc000198010&gt;{&#xA;                s: &#34;expected handshake response status code 101 but got 502&#34;,&#xA;            },&#xA;        },&#xA;    }&#xA;occurred&#xA;In [It] at: /Users/seancorkum/projects/devops-mcp/test/e2e/scenarios/single_agent_test.go:183 @ 07/06/25 10:59:40.872&#xA;&lt; Exit [It] should discover available tools - /Users/seancorkum/projects/devops-mcp/test/e2e/scenarios/single_agent_test.go:163 @ 07/06/25 10:59:40.872 (40ms)&#xA;&gt; Enter [AfterEach] Single Agent E2E Tests - /Users/seancorkum/projects/devops-mcp/test/e2e/scenarios/single_agent_test.go:40 @ 07/06/25 10:59:40.872&#xA;&lt; Exit [AfterEach] Single Agent E2E Tests - /Users/seancorkum/projects/devops-mcp/test/e2e/scenarios/single_agent_test.go:40 @ 07/06/25 10:59:40.875 (2ms)&#xA;&#xA;Attempt #1 Failed.  Retrying ↺ @ 07/06/25 10:59:40.875&#xA;&#xA;&gt; Enter [BeforeEach] Single Agent E2E Tests - /Users/seancorkum/projects/devops-mcp/test/e2e/scenarios/single_agent_test.go:30 @ 07/06/25 10:59:40.875&#xA;&lt; Exit [BeforeEach] Single Agent E2E Tests - /Users/seancorkum/projects/devops-mcp/test/e2e/scenarios/single_agent_test.go:30 @ 07/06/25 10:59:40.88 (5ms)&#xA;&gt; Enter [It] should discover available tools - /Users/seancorkum/projects/devops-mcp/test/e2e/scenarios/single_agent_test.go:163 @ 07/06/25 10:59:40.881&#xA;[FAILED] Expected&#xA;    &lt;bool&gt;: false&#xA;to be true&#xA;In [It] at: /Users/seancorkum/projects/devops-mcp/test/e2e/scenarios/single_agent_test.go:193 @ 07/06/25 10:59:42.119&#xA;&lt; Exit [It] should discover available tools - /Users/seancorkum/projects/devops-mcp/test/e2e/scenarios/single_agent_test.go:163 @ 07/06/25 10:59:42.119 (1.238s)&#xA;&gt; Enter [AfterEach] Single Agent E2E Tests - /Users/seancorkum/projects/devops-mcp/test/e2e/scenarios/single_agent_test.go:40 @ 07/06/25 10:59:42.119&#xA;&lt; Exit [AfterEach] Single Agent E2E Tests - /Users/seancorkum/projects/devops-mcp/test/e2e/scenarios/single_agent_test.go:40 @ 07/06/25 10:59:42.122 (3ms)&#xA;</system-err>
          </testcase>
          <testcase name="[It] Single Agent E2E Tests Error Handling should handle timeout scenarios" classname="Multi-Agent Collaboration E2E Test Suite" status="failed" time="1.499897447">
              <failure message="Expected&#xA;    &lt;*errors.errorString | 0xc000037e10&gt;: &#xA;    timeout waiting for response to message f6903e4b-e96c-4d24-912a-cb3b245a1048&#xA;    {&#xA;        s: &#34;timeout waiting for response to message f6903e4b-e96c-4d24-912a-cb3b245a1048&#34;,&#xA;    }&#xA;to match error&#xA;    &lt;context.deadlineExceededError&gt;: &#xA;    context deadline exceeded&#xA;    {}" type="failed">[FAILED] Expected&#xA;    &lt;*errors.errorString | 0xc000037e10&gt;: &#xA;    timeout waiting for response to message f6903e4b-e96c-4d24-912a-cb3b245a1048&#xA;    {&#xA;        s: &#34;timeout waiting for response to message f6903e4b-e96c-4d24-912a-cb3b245a1048&#34;,&#xA;    }&#xA;to match error&#xA;    &lt;context.deadlineExceededError&gt;: &#xA;    context deadline exceeded&#xA;    {}&#xA;In [It] at: /Users/seancorkum/projects/devops-mcp/test/e2e/scenarios/single_agent_test.go:498 @ 07/06/25 10:59:43.622&#xA;&#xA;There were additional failures detected after the initial failure. These are visible in the timeline&#xA;</failure>
              <system-err>&gt; Enter [BeforeEach] Single Agent E2E Tests - /Users/seancorkum/projects/devops-mcp/test/e2e/scenarios/single_agent_test.go:30 @ 07/06/25 10:59:42.124&#xA;&lt; Exit [BeforeEach] Single Agent E2E Tests - /Users/seancorkum/projects/devops-mcp/test/e2e/scenarios/single_agent_test.go:30 @ 07/06/25 10:59:42.131 (7ms)&#xA;&gt; Enter [It] should handle timeout scenarios - /Users/seancorkum/projects/devops-mcp/test/e2e/scenarios/single_agent_test.go:468 @ 07/06/25 10:59:42.132&#xA;[FAILED] Failure recorded during attempt 1:&#xA;Unexpected error:&#xA;    &lt;*fmt.wrapError | 0xc000412180&gt;: &#xA;    failed to connect: failed to WebSocket dial: expected handshake response status code 101 but got 502&#xA;    {&#xA;        msg: &#34;failed to connect: failed to WebSocket dial: expected handshake response status code 101 but got 502&#34;,&#xA;        err: &lt;*fmt.wrapError | 0xc000412120&gt;{&#xA;            msg: &#34;failed to WebSocket dial: expected handshake response status code 101 but got 502&#34;,&#xA;            err: &lt;*errors.errorString | 0xc0000b2ac0&gt;{&#xA;                s: &#34;expected handshake response status code 101 but got 502&#34;,&#xA;            },&#xA;        },&#xA;    }&#xA;occurred&#xA;In [It] at: /Users/seancorkum/projects/devops-mcp/test/e2e/scenarios/single_agent_test.go:488 @ 07/06/25 10:59:42.404&#xA;&lt; Exit [It] should handle timeout scenarios - /Users/seancorkum/projects/devops-mcp/test/e2e/scenarios/single_agent_test.go:468 @ 07/06/25 10:59:42.404 (272ms)&#xA;&gt; Enter [AfterEach] Single Agent E2E Tests - /Users/seancorkum/projects/devops-mcp/test/e2e/scenarios/single_agent_test.go:40 @ 07/06/25 10:59:42.404&#xA;&lt; Exit [AfterEach] Single Agent E2E Tests - /Users/seancorkum/projects/devops-mcp/test/e2e/scenarios/single_agent_test.go:40 @ 07/06/25 10:59:42.409 (5ms)&#xA;&#xA;Attempt #1 Failed.  Retrying ↺ @ 07/06/25 10:59:42.409&#xA;&#xA;&gt; Enter [BeforeEach] Single Agent E2E Tests - /Users/seancorkum/projects/devops-mcp/test/e2e/scenarios/single_agent_test.go:30 @ 07/06/25 10:59:42.41&#xA;&lt; Exit [BeforeEach] Single Agent E2E Tests - /Users/seancorkum/projects/devops-mcp/test/e2e/scenarios/single_agent_test.go:30 @ 07/06/25 10:59:42.413 (3ms)&#xA;&gt; Enter [It] should handle timeout scenarios - /Users/seancorkum/projects/devops-mcp/test/e2e/scenarios/single_agent_test.go:468 @ 07/06/25 10:59:42.413&#xA;[FAILED] Expected&#xA;    &lt;*errors.errorString | 0xc000037e10&gt;: &#xA;    timeout waiting for response to message f6903e4b-e96c-4d24-912a-cb3b245a1048&#xA;    {&#xA;        s: &#34;timeout waiting for response to message f6903e4b-e96c-4d24-912a-cb3b245a1048&#34;,&#xA;    }&#xA;to match error&#xA;    &lt;context.deadlineExceededError&gt;: &#xA;    context deadline exceeded&#xA;    {}&#xA;In [It] at: /Users/seancorkum/projects/devops-mcp/test/e2e/scenarios/single_agent_test.go:498 @ 07/06/25 10:59:43.622&#xA;&lt; Exit [It] should handle timeout scenarios - /Users/seancorkum/projects/devops-mcp/test/e2e/scenarios/single_agent_test.go:468 @ 07/06/25 10:59:43.622 (1.209s)&#xA;&gt; Enter [AfterEach] Single Agent E2E Tests - /Users/seancorkum/projects/devops-mcp/test/e2e/scenarios/single_agent_test.go:40 @ 07/06/25 10:59:43.622&#xA;&lt; Exit [AfterEach] Single Agent E2E Tests - /Users/seancorkum/projects/devops-mcp/test/e2e/scenarios/single_agent_test.go:40 @ 07/06/25 10:59:43.624 (2ms)&#xA;</system-err>
          </testcase>
          <testcase name="[It] Performance and Stress E2E Tests Resource Utilization Tests should maintain stable performance under sustained load" classname="Multi-Agent Collaboration E2E Test Suite" status="failed" time="0.2473849">
              <failure message="Unexpected error:&#xA;    &lt;*fmt.wrapError | 0xc0002f40a0&gt;: &#xA;    failed to connect: failed to WebSocket dial: expected handshake response status code 101 but got 502&#xA;    {&#xA;        msg: &#34;failed to connect: failed to WebSocket dial: expected handshake response status code 101 but got 502&#34;,&#xA;        err: &lt;*fmt.wrapError | 0xc0002f4080&gt;{&#xA;            msg: &#34;failed to WebSocket dial: expected handshake response status code 101 but got 502&#34;,&#xA;            err: &lt;*errors.errorString | 0xc0002e8010&gt;{&#xA;                s: &#34;expected handshake response status code 101 but got 502&#34;,&#xA;            },&#xA;        },&#xA;    }&#xA;occurred" type="failed">[FAILED] Unexpected error:&#xA;    &lt;*fmt.wrapError | 0xc0002f40a0&gt;: &#xA;    failed to connect: failed to WebSocket dial: expected handshake response status code 101 but got 502&#xA;    {&#xA;        msg: &#34;failed to connect: failed to WebSocket dial: expected handshake response status code 101 but got 502&#34;,&#xA;        err: &lt;*fmt.wrapError | 0xc0002f4080&gt;{&#xA;            msg: &#34;failed to WebSocket dial: expected handshake response status code 101 but got 502&#34;,&#xA;            err: &lt;*errors.errorString | 0xc0002e8010&gt;{&#xA;                s: &#34;expected handshake response status code 101 but got 502&#34;,&#xA;            },&#xA;        },&#xA;    }&#xA;occurred&#xA;In [It] at: /Users/seancorkum/projects/devops-mcp/test/e2e/scenarios/performance_test.go:523 @ 07/06/25 10:59:43.869&#xA;&#xA;There were additional failures detected after the initial failure. These are visible in the timeline&#xA;</failure>
              <system-err>&gt; Enter [BeforeEach] Performance and Stress E2E Tests - /Users/seancorkum/projects/devops-mcp/test/e2e/scenarios/performance_test.go:31 @ 07/06/25 10:59:43.626&#xA;&lt; Exit [BeforeEach] Performance and Stress E2E Tests - /Users/seancorkum/projects/devops-mcp/test/e2e/scenarios/performance_test.go:31 @ 07/06/25 10:59:43.626 (0s)&#xA;&gt; Enter [It] should maintain stable performance under sustained load - /Users/seancorkum/projects/devops-mcp/test/e2e/scenarios/performance_test.go:496 @ 07/06/25 10:59:43.626&#xA;[FAILED] Failure recorded during attempt 1:&#xA;Unexpected error:&#xA;    &lt;*fmt.wrapError | 0xc000412380&gt;: &#xA;    failed to connect: failed to WebSocket dial: expected handshake response status code 101 but got 502&#xA;    {&#xA;        msg: &#34;failed to connect: failed to WebSocket dial: expected handshake response status code 101 but got 502&#34;,&#xA;        err: &lt;*fmt.wrapError | 0xc000412360&gt;{&#xA;            msg: &#34;failed to WebSocket dial: expected handshake response status code 101 but got 502&#34;,&#xA;            err: &lt;*errors.errorString | 0xc0002bc490&gt;{&#xA;                s: &#34;expected handshake response status code 101 but got 502&#34;,&#xA;            },&#xA;        },&#xA;    }&#xA;occurred&#xA;In [It] at: /Users/seancorkum/projects/devops-mcp/test/e2e/scenarios/performance_test.go:523 @ 07/06/25 10:59:43.816&#xA;&lt; Exit [It] should maintain stable performance under sustained load - /Users/seancorkum/projects/devops-mcp/test/e2e/scenarios/performance_test.go:496 @ 07/06/25 10:59:43.816 (190ms)&#xA;&gt; Enter [AfterEach] Performance and Stress E2E Tests - /Users/seancorkum/projects/devops-mcp/test/e2e/scenarios/performance_test.go:41 @ 07/06/25 10:59:43.816&#xA;&lt; Exit [AfterEach] Performance and Stress E2E Tests - /Users/seancorkum/projects/devops-mcp/test/e2e/scenarios/performance_test.go:41 @ 07/06/25 10:59:43.821 (5ms)&#xA;&#xA;Attempt #1 Failed.  Retrying ↺ @ 07/06/25 10:59:43.821&#xA;&#xA;&gt; Enter [BeforeEach] Performance and Stress E2E Tests - /Users/seancorkum/projects/devops-mcp/test/e2e/scenarios/performance_test.go:31 @ 07/06/25 10:59:43.822&#xA;&lt; Exit [BeforeEach] Performance and Stress E2E Tests - /Users/seancorkum/projects/devops-mcp/test/e2e/scenarios/performance_test.go:31 @ 07/06/25 10:59:43.822 (0s)&#xA;&gt; Enter [It] should maintain stable performance under sustained load - /Users/seancorkum/projects/devops-mcp/test/e2e/scenarios/performance_test.go:496 @ 07/06/25 10:59:43.822&#xA;[FAILED] Unexpected error:&#xA;    &lt;*fmt.wrapError | 0xc0002f40a0&gt;: &#xA;    failed to connect: failed to WebSocket dial: expected handshake response status code 101 but got 502&#xA;    {&#xA;        msg: &#34;failed to connect: failed to WebSocket dial: expected handshake response status code 101 but got 502&#34;,&#xA;        err: &lt;*fmt.wrapError | 0xc0002f4080&gt;{&#xA;            msg: &#34;failed to WebSocket dial: expected handshake response status code 101 but got 502&#34;,&#xA;            err: &lt;*errors.errorString | 0xc0002e8010&gt;{&#xA;                s: &#34;expected handshake response status code 101 but got 502&#34;,&#xA;            },&#xA;        },&#xA;    }&#xA;occurred&#xA;In [It] at: /Users/seancorkum/projects/devops-mcp/test/e2e/scenarios/performance_test.go:523 @ 07/06/25 10:59:43.869&#xA;&lt; Exit [It] should maintain stable performance under sustained load - /Users/seancorkum/projects/devops-mcp/test/e2e/scenarios/performance_test.go:496 @ 07/06/25 10:59:43.869 (47ms)&#xA;&gt; Enter [AfterEach] Performance and Stress E2E Tests - /Users/seancorkum/projects/devops-mcp/test/e2e/scenarios/performance_test.go:41 @ 07/06/25 10:59:43.869&#xA;&lt; Exit [AfterEach] Performance and Stress E2E Tests - /Users/seancorkum/projects/devops-mcp/test/e2e/scenarios/performance_test.go:41 @ 07/06/25 10:59:43.873 (4ms)&#xA;</system-err>
          </testcase>
          <testcase name="[It] Performance and Stress E2E Tests Binary Protocol Performance should demonstrate binary protocol efficiency" classname="Multi-Agent Collaboration E2E Test Suite" status="failed" time="0.108976971">
              <failure message="Unexpected error:&#xA;    &lt;*fmt.wrapError | 0xc000412a00&gt;: &#xA;    failed to connect: failed to WebSocket dial: expected handshake response status code 101 but got 502&#xA;    {&#xA;        msg: &#34;failed to connect: failed to WebSocket dial: expected handshake response status code 101 but got 502&#34;,&#xA;        err: &lt;*fmt.wrapError | 0xc0004129e0&gt;{&#xA;            msg: &#34;failed to WebSocket dial: expected handshake response status code 101 but got 502&#34;,&#xA;            err: &lt;*errors.errorString | 0xc000282070&gt;{&#xA;                s: &#34;expected handshake response status code 101 but got 502&#34;,&#xA;            },&#xA;        },&#xA;    }&#xA;occurred" type="failed">[FAILED] Unexpected error:&#xA;    &lt;*fmt.wrapError | 0xc000412a00&gt;: &#xA;    failed to connect: failed to WebSocket dial: expected handshake response status code 101 but got 502&#xA;    {&#xA;        msg: &#34;failed to connect: failed to WebSocket dial: expected handshake response status code 101 but got 502&#34;,&#xA;        err: &lt;*fmt.wrapError | 0xc0004129e0&gt;{&#xA;            msg: &#34;failed to WebSocket dial: expected handshake response status code 101 but got 502&#34;,&#xA;            err: &lt;*errors.errorString | 0xc000282070&gt;{&#xA;                s: &#34;expected handshake response status code 101 but got 502&#34;,&#xA;            },&#xA;        },&#xA;    }&#xA;occurred&#xA;In [It] at: /Users/seancorkum/projects/devops-mcp/test/e2e/scenarios/performance_test.go:650 @ 07/06/25 10:59:43.979&#xA;&#xA;There were additional failures detected after the initial failure. These are visible in the timeline&#xA;</failure>
              <system-err>&gt; Enter [BeforeEach] Performance and Stress E2E Tests - /Users/seancorkum/projects/devops-mcp/test/e2e/scenarios/performance_test.go:31 @ 07/06/25 10:59:43.874&#xA;&lt; Exit [BeforeEach] Performance and Stress E2E Tests - /Users/seancorkum/projects/devops-mcp/test/e2e/scenarios/performance_test.go:31 @ 07/06/25 10:59:43.874 (0s)&#xA;&gt; Enter [It] should demonstrate binary protocol efficiency - /Users/seancorkum/projects/devops-mcp/test/e2e/scenarios/performance_test.go:620 @ 07/06/25 10:59:43.874&#xA;[FAILED] Failure recorded during attempt 1:&#xA;Unexpected error:&#xA;    &lt;*fmt.wrapError | 0xc0002f4660&gt;: &#xA;    failed to connect: failed to WebSocket dial: expected handshake response status code 101 but got 502&#xA;    {&#xA;        msg: &#34;failed to connect: failed to WebSocket dial: expected handshake response status code 101 but got 502&#34;,&#xA;        err: &lt;*fmt.wrapError | 0xc0002f4640&gt;{&#xA;            msg: &#34;failed to WebSocket dial: expected handshake response status code 101 but got 502&#34;,&#xA;            err: &lt;*errors.errorString | 0xc0002e8a10&gt;{&#xA;                s: &#34;expected handshake response status code 101 but got 502&#34;,&#xA;            },&#xA;        },&#xA;    }&#xA;occurred&#xA;In [It] at: /Users/seancorkum/projects/devops-mcp/test/e2e/scenarios/performance_test.go:650 @ 07/06/25 10:59:43.927&#xA;&lt; Exit [It] should demonstrate binary protocol efficiency - /Users/seancorkum/projects/devops-mcp/test/e2e/scenarios/performance_test.go:620 @ 07/06/25 10:59:43.927 (52ms)&#xA;&gt; Enter [AfterEach] Performance and Stress E2E Tests - /Users/seancorkum/projects/devops-mcp/test/e2e/scenarios/performance_test.go:41 @ 07/06/25 10:59:43.927&#xA;&lt; Exit [AfterEach] Performance and Stress E2E Tests - /Users/seancorkum/projects/devops-mcp/test/e2e/scenarios/performance_test.go:41 @ 07/06/25 10:59:43.931 (3ms)&#xA;&#xA;Attempt #1 Failed.  Retrying ↺ @ 07/06/25 10:59:43.931&#xA;&#xA;&gt; Enter [BeforeEach] Performance and Stress E2E Tests - /Users/seancorkum/projects/devops-mcp/test/e2e/scenarios/performance_test.go:31 @ 07/06/25 10:59:43.931&#xA;&lt; Exit [BeforeEach] Performance and Stress E2E Tests - /Users/seancorkum/projects/devops-mcp/test/e2e/scenarios/performance_test.go:31 @ 07/06/25 10:59:43.931 (0s)&#xA;&gt; Enter [It] should demonstrate binary protocol efficiency - /Users/seancorkum/projects/devops-mcp/test/e2e/scenarios/performance_test.go:620 @ 07/06/25 10:59:43.931&#xA;[FAILED] Unexpected error:&#xA;    &lt;*fmt.wrapError | 0xc000412a00&gt;: &#xA;    failed to connect: failed to WebSocket dial: expected handshake response status code 101 but got 502&#xA;    {&#xA;        msg: &#34;failed to connect: failed to WebSocket dial: expected handshake response status code 101 but got 502&#34;,&#xA;        err: &lt;*fmt.wrapError | 0xc0004129e0&gt;{&#xA;            msg: &#34;failed to WebSocket dial: expected handshake response status code 101 but got 502&#34;,&#xA;            err: &lt;*errors.errorString | 0xc000282070&gt;{&#xA;                s: &#34;expected handshake response status code 101 but got 502&#34;,&#xA;            },&#xA;        },&#xA;    }&#xA;occurred&#xA;In [It] at: /Users/seancorkum/projects/devops-mcp/test/e2e/scenarios/performance_test.go:650 @ 07/06/25 10:59:43.979&#xA;&lt; Exit [It] should demonstrate binary protocol efficiency - /Users/seancorkum/projects/devops-mcp/test/e2e/scenarios/performance_test.go:620 @ 07/06/25 10:59:43.979 (48ms)&#xA;&gt; Enter [AfterEach] Performance and Stress E2E Tests - /Users/seancorkum/projects/devops-mcp/test/e2e/scenarios/performance_test.go:41 @ 07/06/25 10:59:43.98&#xA;&lt; Exit [AfterEach] Performance and Stress E2E Tests - /Users/seancorkum/projects/devops-mcp/test/e2e/scenarios/performance_test.go:41 @ 07/06/25 10:59:43.983 (3ms)&#xA;</system-err>
          </testcase>
          <testcase name="[It] Multi-Agent Collaboration E2E Tests MapReduce Pattern should execute MapReduce workflow across agents" classname="Multi-Agent Collaboration E2E Test Suite" status="failed" time="0.447955873">
              <failure message="Unexpected error:&#xA;    &lt;*fmt.wrapError | 0xc0001a4060&gt;: &#xA;    failed to connect: failed to WebSocket dial: expected handshake response status code 101 but got 502&#xA;    {&#xA;        msg: &#34;failed to connect: failed to WebSocket dial: expected handshake response status code 101 but got 502&#34;,&#xA;        err: &lt;*fmt.wrapError | 0xc0001a4040&gt;{&#xA;            msg: &#34;failed to WebSocket dial: expected handshake response status code 101 but got 502&#34;,&#xA;            err: &lt;*errors.errorString | 0xc0000f0020&gt;{&#xA;                s: &#34;expected handshake response status code 101 but got 502&#34;,&#xA;            },&#xA;        },&#xA;    }&#xA;occurred" type="failed">[FAILED] Unexpected error:&#xA;    &lt;*fmt.wrapError | 0xc0001a4060&gt;: &#xA;    failed to connect: failed to WebSocket dial: expected handshake response status code 101 but got 502&#xA;    {&#xA;        msg: &#34;failed to connect: failed to WebSocket dial: expected handshake response status code 101 but got 502&#34;,&#xA;        err: &lt;*fmt.wrapError | 0xc0001a4040&gt;{&#xA;            msg: &#34;failed to WebSocket dial: expected handshake response status code 101 but got 502&#34;,&#xA;            err: &lt;*errors.errorString | 0xc0000f0020&gt;{&#xA;                s: &#34;expected handshake response status code 101 but got 502&#34;,&#xA;            },&#xA;        },&#xA;    }&#xA;occurred&#xA;In [It] at: /Users/seancorkum/projects/devops-mcp/test/e2e/scenarios/multi_agent_test.go:482 @ 07/06/25 10:59:40.733&#xA;&#xA;There were additional failures detected after the initial failure. These are visible in the timeline&#xA;</failure>
              <system-err>&gt; Enter [BeforeEach] Multi-Agent Collaboration E2E Tests - /Users/seancorkum/projects/devops-mcp/test/e2e/scenarios/multi_agent_test.go:28 @ 07/06/25 10:59:40.288&#xA;&lt; Exit [BeforeEach] Multi-Agent Collaboration E2E Tests - /Users/seancorkum/projects/devops-mcp/test/e2e/scenarios/multi_agent_test.go:28 @ 07/06/25 10:59:40.295 (7ms)&#xA;&gt; Enter [It] should execute MapReduce workflow across agents - /Users/seancorkum/projects/devops-mcp/test/e2e/scenarios/multi_agent_test.go:456 @ 07/06/25 10:59:40.296&#xA;[FAILED] Failure recorded during attempt 1:&#xA;Unexpected error:&#xA;    &lt;*fmt.wrapError | 0xc0001a42a0&gt;: &#xA;    failed to connect: failed to WebSocket dial: expected handshake response status code 101 but got 502&#xA;    {&#xA;        msg: &#34;failed to connect: failed to WebSocket dial: expected handshake response status code 101 but got 502&#34;,&#xA;        err: &lt;*fmt.wrapError | 0xc0001a4280&gt;{&#xA;            msg: &#34;failed to WebSocket dial: expected handshake response status code 101 but got 502&#34;,&#xA;            err: &lt;*errors.errorString | 0xc0004bd910&gt;{&#xA;                s: &#34;expected handshake response status code 101 but got 502&#34;,&#xA;            },&#xA;        },&#xA;    }&#xA;occurred&#xA;In [It] at: /Users/seancorkum/projects/devops-mcp/test/e2e/scenarios/multi_agent_test.go:482 @ 07/06/25 10:59:40.683&#xA;&lt; Exit [It] should execute MapReduce workflow across agents - /Users/seancorkum/projects/devops-mcp/test/e2e/scenarios/multi_agent_test.go:456 @ 07/06/25 10:59:40.683 (387ms)&#xA;&gt; Enter [AfterEach] Multi-Agent Collaboration E2E Tests - /Users/seancorkum/projects/devops-mcp/test/e2e/scenarios/multi_agent_test.go:38 @ 07/06/25 10:59:40.683&#xA;&lt; Exit [AfterEach] Multi-Agent Collaboration E2E Tests - /Users/seancorkum/projects/devops-mcp/test/e2e/scenarios/multi_agent_test.go:38 @ 07/06/25 10:59:40.687 (3ms)&#xA;&#xA;Attempt #1 Failed.  Retrying ↺ @ 07/06/25 10:59:40.687&#xA;&#xA;&gt; Enter [BeforeEach] Multi-Agent Collaboration E2E Tests - /Users/seancorkum/projects/devops-mcp/test/e2e/scenarios/multi_agent_test.go:28 @ 07/06/25 10:59:40.687&#xA;&lt; Exit [BeforeEach] Multi-Agent Collaboration E2E Tests - /Users/seancorkum/projects/devops-mcp/test/e2e/scenarios/multi_agent_test.go:28 @ 07/06/25 10:59:40.692 (5ms)&#xA;&gt; Enter [It] should execute MapReduce workflow across agents - /Users/seancorkum/projects/devops-mcp/test/e2e/scenarios/multi_agent_test.go:456 @ 07/06/25 10:59:40.693&#xA;[FAILED] Unexpected error:&#xA;    &lt;*fmt.wrapError | 0xc0001a4060&gt;: &#xA;    failed to connect: failed to WebSocket dial: expected handshake response status code 101 but got 502&#xA;    {&#xA;        msg: &#34;failed to connect: failed to WebSocket dial: expected handshake response status code 101 but got 502&#34;,&#xA;        err: &lt;*fmt.wrapError | 0xc0001a4040&gt;{&#xA;            msg: &#34;failed to WebSocket dial: expected handshake response status code 101 but got 502&#34;,&#xA;            err: &lt;*errors.errorString | 0xc0000f0020&gt;{&#xA;                s: &#34;expected handshake response status code 101 but got 502&#34;,&#xA;            },&#xA;        },&#xA;    }&#xA;occurred&#xA;In [It] at: /Users/seancorkum/projects/devops-mcp/test/e2e/scenarios/multi_agent_test.go:482 @ 07/06/25 10:59:40.733&#xA;&lt; Exit [It] should execute MapReduce workflow across agents - /Users/seancorkum/projects/devops-mcp/test/e2e/scenarios/multi_agent_test.go:456 @ 07/06/25 10:59:40.733 (40ms)&#xA;&gt; Enter [AfterEach] Multi-Agent Collaboration E2E Tests - /Users/seancorkum/projects/devops-mcp/test/e2e/scenarios/multi_agent_test.go:38 @ 07/06/25 10:59:40.733&#xA;&lt; Exit [AfterEach] Multi-Agent Collaboration E2E Tests - /Users/seancorkum/projects/devops-mcp/test/e2e/scenarios/multi_agent_test.go:38 @ 07/06/25 10:59:40.736 (3ms)&#xA;</system-err>
          </testcase>
          <testcase name="[It] Multi-Agent Collaboration E2E Tests Agent Coordination should coordinate deployment pipeline across agents" classname="Multi-Agent Collaboration E2E Test Suite" status="failed" time="0.10242917">
              <failure message="Unexpected error:&#xA;    &lt;*fmt.wrapError | 0xc00007e2a0&gt;: &#xA;    failed to connect: failed to WebSocket dial: expected handshake response status code 101 but got 502&#xA;    {&#xA;        msg: &#34;failed to connect: failed to WebSocket dial: expected handshake response status code 101 but got 502&#34;,&#xA;        err: &lt;*fmt.wrapError | 0xc00007e280&gt;{&#xA;            msg: &#34;failed to WebSocket dial: expected handshake response status code 101 but got 502&#34;,&#xA;            err: &lt;*errors.errorString | 0xc0000f0020&gt;{&#xA;                s: &#34;expected handshake response status code 101 but got 502&#34;,&#xA;            },&#xA;        },&#xA;    }&#xA;occurred" type="failed">[FAILED] Unexpected error:&#xA;    &lt;*fmt.wrapError | 0xc00007e2a0&gt;: &#xA;    failed to connect: failed to WebSocket dial: expected handshake response status code 101 but got 502&#xA;    {&#xA;        msg: &#34;failed to connect: failed to WebSocket dial: expected handshake response status code 101 but got 502&#34;,&#xA;        err: &lt;*fmt.wrapError | 0xc00007e280&gt;{&#xA;            msg: &#34;failed to WebSocket dial: expected handshake response status code 101 but got 502&#34;,&#xA;            err: &lt;*errors.errorString | 0xc0000f0020&gt;{&#xA;                s: &#34;expected handshake response status code 101 but got 502&#34;,&#xA;            },&#xA;        },&#xA;    }&#xA;occurred&#xA;In [It] at: /Users/seancorkum/projects/devops-mcp/test/e2e/scenarios/multi_agent_test.go:594 @ 07/06/25 10:59:40.837&#xA;&#xA;There were additional failures detected after the initial failure. These are visible in the timeline&#xA;</failure>
              <system-err>&gt; Enter [BeforeEach] Multi-Agent Collaboration E2E Tests - /Users/seancorkum/projects/devops-mcp/test/e2e/scenarios/multi_agent_test.go:28 @ 07/06/25 10:59:40.738&#xA;&lt; Exit [BeforeEach] Multi-Agent Collaboration E2E Tests - /Users/seancorkum/projects/devops-mcp/test/e2e/scenarios/multi_agent_test.go:28 @ 07/06/25 10:59:40.742 (4ms)&#xA;&gt; Enter [It] should coordinate deployment pipeline across agents - /Users/seancorkum/projects/devops-mcp/test/e2e/scenarios/multi_agent_test.go:566 @ 07/06/25 10:59:40.742&#xA;[FAILED] Failure recorded during attempt 1:&#xA;Unexpected error:&#xA;    &lt;*fmt.wrapError | 0xc00007e0a0&gt;: &#xA;    failed to connect: failed to WebSocket dial: expected handshake response status code 101 but got 502&#xA;    {&#xA;        msg: &#34;failed to connect: failed to WebSocket dial: expected handshake response status code 101 but got 502&#34;,&#xA;        err: &lt;*fmt.wrapError | 0xc00007e080&gt;{&#xA;            msg: &#34;failed to WebSocket dial: expected handshake response status code 101 but got 502&#34;,&#xA;            err: &lt;*errors.errorString | 0xc00047a050&gt;{&#xA;                s: &#34;expected handshake response status code 101 but got 502&#34;,&#xA;            },&#xA;        },&#xA;    }&#xA;occurred&#xA;In [It] at: /Users/seancorkum/projects/devops-mcp/test/e2e/scenarios/multi_agent_test.go:594 @ 07/06/25 10:59:40.787&#xA;&lt; Exit [It] should coordinate deployment pipeline across agents - /Users/seancorkum/projects/devops-mcp/test/e2e/scenarios/multi_agent_test.go:566 @ 07/06/25 10:59:40.787 (45ms)&#xA;&gt; Enter [AfterEach] Multi-Agent Collaboration E2E Tests - /Users/seancorkum/projects/devops-mcp/test/e2e/scenarios/multi_agent_test.go:38 @ 07/06/25 10:59:40.787&#xA;&lt; Exit [AfterEach] Multi-Agent Collaboration E2E Tests - /Users/seancorkum/projects/devops-mcp/test/e2e/scenarios/multi_agent_test.go:38 @ 07/06/25 10:59:40.791 (3ms)&#xA;&#xA;Attempt #1 Failed.  Retrying ↺ @ 07/06/25 10:59:40.791&#xA;&#xA;&gt; Enter [BeforeEach] Multi-Agent Collaboration E2E Tests - /Users/seancorkum/projects/devops-mcp/test/e2e/scenarios/multi_agent_test.go:28 @ 07/06/25 10:59:40.791&#xA;&lt; Exit [BeforeEach] Multi-Agent Collaboration E2E Tests - /Users/seancorkum/projects/devops-mcp/test/e2e/scenarios/multi_agent_test.go:28 @ 07/06/25 10:59:40.796 (4ms)&#xA;&gt; Enter [It] should coordinate deployment pipeline across agents - /Users/seancorkum/projects/devops-mcp/test/e2e/scenarios/multi_agent_test.go:566 @ 07/06/25 10:59:40.796&#xA;[FAILED] Unexpected error:&#xA;    &lt;*fmt.wrapError | 0xc00007e2a0&gt;: &#xA;    failed to connect: failed to WebSocket dial: expected handshake response status code 101 but got 502&#xA;    {&#xA;        msg: &#34;failed to connect: failed to WebSocket dial: expected handshake response status code 101 but got 502&#34;,&#xA;        err: &lt;*fmt.wrapError | 0xc00007e280&gt;{&#xA;            msg: &#34;failed to WebSocket dial: expected handshake response status code 101 but got 502&#34;,&#xA;            err: &lt;*errors.errorString | 0xc0000f0020&gt;{&#xA;                s: &#34;expected handshake response status code 101 but got 502&#34;,&#xA;            },&#xA;        },&#xA;    }&#xA;occurred&#xA;In [It] at: /Users/seancorkum/projects/devops-mcp/test/e2e/scenarios/multi_agent_test.go:594 @ 07/06/25 10:59:40.837&#xA;&lt; Exit [It] should coordinate deployment pipeline across agents - /Users/seancorkum/projects/devops-mcp/test/e2e/scenarios/multi_agent_test.go:566 @ 07/06/25 10:59:40.837 (41ms)&#xA;&gt; Enter [AfterEach] Multi-Agent Collaboration E2E Tests - /Users/seancorkum/projects/devops-mcp/test/e2e/scenarios/multi_agent_test.go:38 @ 07/06/25 10:59:40.837&#xA;&lt; Exit [AfterEach] Multi-Agent Collaboration E2E Tests - /Users/seancorkum/projects/devops-mcp/test/e2e/scenarios/multi_agent_test.go:38 @ 07/06/25 10:59:40.84 (2ms)&#xA;</system-err>
          </testcase>
          <testcase name="[It] Single Agent E2E Tests Context Management should create and retrieve context" classname="Multi-Agent Collaboration E2E Test Suite" status="failed" time="1.5656030410000001">
              <failure message="Unexpected error:&#xA;    &lt;*fmt.wrapError | 0xc0001a40c0&gt;: &#xA;    failed to connect: failed to WebSocket dial: expected handshake response status code 101 but got 502&#xA;    {&#xA;        msg: &#34;failed to connect: failed to WebSocket dial: expected handshake response status code 101 but got 502&#34;,&#xA;        err: &lt;*fmt.wrapError | 0xc0001a40a0&gt;{&#xA;            msg: &#34;failed to WebSocket dial: expected handshake response status code 101 but got 502&#34;,&#xA;            err: &lt;*errors.errorString | 0xc000036010&gt;{&#xA;                s: &#34;expected handshake response status code 101 but got 502&#34;,&#xA;            },&#xA;        },&#xA;    }&#xA;occurred" type="failed">[FAILED] Unexpected error:&#xA;    &lt;*fmt.wrapError | 0xc0001a40c0&gt;: &#xA;    failed to connect: failed to WebSocket dial: expected handshake response status code 101 but got 502&#xA;    {&#xA;        msg: &#34;failed to connect: failed to WebSocket dial: expected handshake response status code 101 but got 502&#34;,&#xA;        err: &lt;*fmt.wrapError | 0xc0001a40a0&gt;{&#xA;            msg: &#34;failed to WebSocket dial: expected handshake response status code 101 but got 502&#34;,&#xA;            err: &lt;*errors.errorString | 0xc000036010&gt;{&#xA;                s: &#34;expected handshake response status code 101 but got 502&#34;,&#xA;            },&#xA;        },&#xA;    }&#xA;occurred&#xA;In [It] at: /Users/seancorkum/projects/devops-mcp/test/e2e/scenarios/single_agent_test.go:285 @ 07/06/25 10:59:42.403&#xA;&#xA;There were additional failures detected after the initial failure. These are visible in the timeline&#xA;</failure>
              <system-err>&gt; Enter [BeforeEach] Single Agent E2E Tests - /Users/seancorkum/projects/devops-mcp/test/e2e/scenarios/single_agent_test.go:30 @ 07/06/25 10:59:40.842&#xA;&lt; Exit [BeforeEach] Single Agent E2E Tests - /Users/seancorkum/projects/devops-mcp/test/e2e/scenarios/single_agent_test.go:30 @ 07/06/25 10:59:40.847 (6ms)&#xA;&gt; Enter [It] should create and retrieve context - /Users/seancorkum/projects/devops-mcp/test/e2e/scenarios/single_agent_test.go:265 @ 07/06/25 10:59:40.847&#xA;[FAILED] Failure recorded during attempt 1:&#xA;Unexpected error:&#xA;    &lt;*fmt.wrapError | 0xc0001a4220&gt;: &#xA;    initialization failed: failed to read JSON message: failed to get reader: failed to read frame header: EOF&#xA;    {&#xA;        msg: &#34;initialization failed: failed to read JSON message: failed to get reader: failed to read frame header: EOF&#34;,&#xA;        err: &lt;*fmt.wrapError | 0xc0001a4100&gt;{&#xA;            msg: &#34;failed to read JSON message: failed to get reader: failed to read frame header: EOF&#34;,&#xA;            err: &lt;*fmt.wrapError | 0xc0001a40c0&gt;{&#xA;                msg: &#34;failed to get reader: failed to read frame header: EOF&#34;,&#xA;                err: &lt;*fmt.wrapError | 0xc0001a40a0&gt;{&#xA;                    msg: &#34;failed to read frame header: EOF&#34;,&#xA;                    err: &lt;*errors.errorString | 0x205e010&gt;{s: &#34;EOF&#34;},&#xA;                },&#xA;            },&#xA;        },&#xA;    }&#xA;occurred&#xA;In [It] at: /Users/seancorkum/projects/devops-mcp/test/e2e/scenarios/single_agent_test.go:285 @ 07/06/25 10:59:42.123&#xA;&lt; Exit [It] should create and retrieve context - /Users/seancorkum/projects/devops-mcp/test/e2e/scenarios/single_agent_test.go:265 @ 07/06/25 10:59:42.123 (1.275s)&#xA;&gt; Enter [AfterEach] Single Agent E2E Tests - /Users/seancorkum/projects/devops-mcp/test/e2e/scenarios/single_agent_test.go:40 @ 07/06/25 10:59:42.124&#xA;&lt; Exit [AfterEach] Single Agent E2E Tests - /Users/seancorkum/projects/devops-mcp/test/e2e/scenarios/single_agent_test.go:40 @ 07/06/25 10:59:42.131 (7ms)&#xA;&#xA;Attempt #1 Failed.  Retrying ↺ @ 07/06/25 10:59:42.131&#xA;&#xA;&gt; Enter [BeforeEach] Single Agent E2E Tests - /Users/seancorkum/projects/devops-mcp/test/e2e/scenarios/single_agent_test.go:30 @ 07/06/25 10:59:42.131&#xA;&lt; Exit [BeforeEach] Single Agent E2E Tests - /Users/seancorkum/projects/devops-mcp/test/e2e/scenarios/single_agent_test.go:30 @ 07/06/25 10:59:42.138 (7ms)&#xA;&gt; Enter [It] should create and retrieve context - /Users/seancorkum/projects/devops-mcp/test/e2e/scenarios/single_agent_test.go:265 @ 07/06/25 10:59:42.138&#xA;[FAILED] Unexpected error:&#xA;    &lt;*fmt.wrapError | 0xc0001a40c0&gt;: &#xA;    failed to connect: failed to WebSocket dial: expected handshake response status code 101 but got 502&#xA;    {&#xA;        msg: &#34;failed to connect: failed to WebSocket dial: expected handshake response status code 101 but got 502&#34;,&#xA;        err: &lt;*fmt.wrapError | 0xc0001a40a0&gt;{&#xA;            msg: &#34;failed to WebSocket dial: expected handshake response status code 101 but got 502&#34;,&#xA;            err: &lt;*errors.errorString | 0xc000036010&gt;{&#xA;                s: &#34;expected handshake response status code 101 but got 502&#34;,&#xA;            },&#xA;        },&#xA;    }&#xA;occurred&#xA;In [It] at: /Users/seancorkum/projects/devops-mcp/test/e2e/scenarios/single_agent_test.go:285 @ 07/06/25 10:59:42.403&#xA;&lt; Exit [It] should create and retrieve context - /Users/seancorkum/projects/devops-mcp/test/e2e/scenarios/single_agent_test.go:265 @ 07/06/25 10:59:42.403 (265ms)&#xA;&gt; Enter [AfterEach] Single Agent E2E Tests - /Users/seancorkum/projects/devops-mcp/test/e2e/scenarios/single_agent_test.go:40 @ 07/06/25 10:59:42.403&#xA;&lt; Exit [AfterEach] Single Agent E2E Tests - /Users/seancorkum/projects/devops-mcp/test/e2e/scenarios/single_agent_test.go:40 @ 07/06/25 10:59:42.407 (4ms)&#xA;</system-err>
          </testcase>
          <testcase name="[It] Performance and Stress E2E Tests Message Throughput Tests should handle large message payloads" classname="Multi-Agent Collaboration E2E Test Suite" status="failed" time="1.5775947559999999">
              <failure message="Unexpected error:&#xA;    &lt;*fmt.wrapError | 0xc00023e2e0&gt;: &#xA;    failed to connect: failed to WebSocket dial: expected handshake response status code 101 but got 502&#xA;    {&#xA;        msg: &#34;failed to connect: failed to WebSocket dial: expected handshake response status code 101 but got 502&#34;,&#xA;        err: &lt;*fmt.wrapError | 0xc00023e2c0&gt;{&#xA;            msg: &#34;failed to WebSocket dial: expected handshake response status code 101 but got 502&#34;,&#xA;            err: &lt;*errors.errorString | 0xc00047a310&gt;{&#xA;                s: &#34;expected handshake response status code 101 but got 502&#34;,&#xA;            },&#xA;        },&#xA;    }&#xA;occurred" type="failed">[FAILED] Unexpected error:&#xA;    &lt;*fmt.wrapError | 0xc00023e2e0&gt;: &#xA;    failed to connect: failed to WebSocket dial: expected handshake response status code 101 but got 502&#xA;    {&#xA;        msg: &#34;failed to connect: failed to WebSocket dial: expected handshake response status code 101 but got 502&#34;,&#xA;        err: &lt;*fmt.wrapError | 0xc00023e2c0&gt;{&#xA;            msg: &#34;failed to WebSocket dial: expected handshake response status code 101 but got 502&#34;,&#xA;            err: &lt;*errors.errorString | 0xc00047a310&gt;{&#xA;                s: &#34;expected handshake response status code 101 but got 502&#34;,&#xA;            },&#xA;        },&#xA;    }&#xA;occurred&#xA;In [It] at: /Users/seancorkum/projects/devops-mcp/test/e2e/scenarios/performance_test.go:428 @ 07/06/25 10:59:43.981&#xA;&#xA;There were additional failures detected after the initial failure. These are visible in the timeline&#xA;</failure>
              <system-out>[10:59:43] [ERROR] performance: Failed with payload 1024 bytes: &lt;nil&gt;&#xA;[10:59:43] [ERROR] performance: Failed with payload 10240 bytes: failed to read JSON message: failed to get reader: failed to read frame header: EOF&#xA;[10:59:43] [ERROR] performance: Failed with payload 102400 bytes: failed to read JSON message: failed to get reader: failed to read frame header: EOF&#xA;[10:59:43] [ERROR] performance: Failed with payload 1048576 bytes: failed to send message: failed to write JSON message: failed to marshal JSON: failed to write msg: failed to write frame: failed to write frame payload: write tcp 192.168.1.54:59186-&gt;54.86.185.227:443: write: broken pipe&#xA;[10:59:43] [ERROR] performance: Failed with payload 5242880 bytes: failed to send message: failed to write JSON message: failed to marshal JSON: failed to write msg: failed to write frame: failed to write frame header: write tcp 192.168.1.54:59186-&gt;54.86.185.227:443: write: broken pipe&#xA;</system-out>
              <system-err>&gt; Enter [BeforeEach] Performance and Stress E2E Tests - /Users/seancorkum/projects/devops-mcp/test/e2e/scenarios/performance_test.go:31 @ 07/06/25 10:59:42.409&#xA;&lt; Exit [BeforeEach] Performance and Stress E2E Tests - /Users/seancorkum/projects/devops-mcp/test/e2e/scenarios/performance_test.go:31 @ 07/06/25 10:59:42.409 (0s)&#xA;&gt; Enter [It] should handle large message payloads - /Users/seancorkum/projects/devops-mcp/test/e2e/scenarios/performance_test.go:407 @ 07/06/25 10:59:42.409&#xA;[FAILED] Failure recorded during attempt 1:&#xA;Expected&#xA;    &lt;map[int]time.Duration | len:0&gt;: {}&#xA;to have length 5&#xA;In [It] at: /Users/seancorkum/projects/devops-mcp/test/e2e/scenarios/performance_test.go:466 @ 07/06/25 10:59:43.805&#xA;&lt; Exit [It] should handle large message payloads - /Users/seancorkum/projects/devops-mcp/test/e2e/scenarios/performance_test.go:407 @ 07/06/25 10:59:43.805 (1.397s)&#xA;&gt; Enter [AfterEach] Performance and Stress E2E Tests - /Users/seancorkum/projects/devops-mcp/test/e2e/scenarios/performance_test.go:41 @ 07/06/25 10:59:43.806&#xA;&lt; Exit [AfterEach] Performance and Stress E2E Tests - /Users/seancorkum/projects/devops-mcp/test/e2e/scenarios/performance_test.go:41 @ 07/06/25 10:59:43.81 (3ms)&#xA;&#xA;Attempt #1 Failed.  Retrying ↺ @ 07/06/25 10:59:43.81&#xA;&#xA;&gt; Enter [BeforeEach] Performance and Stress E2E Tests - /Users/seancorkum/projects/devops-mcp/test/e2e/scenarios/performance_test.go:31 @ 07/06/25 10:59:43.81&#xA;&lt; Exit [BeforeEach] Performance and Stress E2E Tests - /Users/seancorkum/projects/devops-mcp/test/e2e/scenarios/performance_test.go:31 @ 07/06/25 10:59:43.81 (0s)&#xA;&gt; Enter [It] should handle large message payloads - /Users/seancorkum/projects/devops-mcp/test/e2e/scenarios/performance_test.go:407 @ 07/06/25 10:59:43.811&#xA;[FAILED] Unexpected error:&#xA;    &lt;*fmt.wrapError | 0xc00023e2e0&gt;: &#xA;    failed to connect: failed to WebSocket dial: expected handshake response status code 101 but got 502&#xA;    {&#xA;        msg: &#34;failed to connect: failed to WebSocket dial: expected handshake response status code 101 but got 502&#34;,&#xA;        err: &lt;*fmt.wrapError | 0xc00023e2c0&gt;{&#xA;            msg: &#34;failed to WebSocket dial: expected handshake response status code 101 but got 502&#34;,&#xA;            err: &lt;*errors.errorString | 0xc00047a310&gt;{&#xA;                s: &#34;expected handshake response status code 101 but got 502&#34;,&#xA;            },&#xA;        },&#xA;    }&#xA;occurred&#xA;In [It] at: /Users/seancorkum/projects/devops-mcp/test/e2e/scenarios/performance_test.go:428 @ 07/06/25 10:59:43.981&#xA;&lt; Exit [It] should handle large message payloads - /Users/seancorkum/projects/devops-mcp/test/e2e/scenarios/performance_test.go:407 @ 07/06/25 10:59:43.981 (170ms)&#xA;&gt; Enter [AfterEach] Performance and Stress E2E Tests - /Users/seancorkum/projects/devops-mcp/test/e2e/scenarios/performance_test.go:41 @ 07/06/25 10:59:43.982&#xA;&lt; Exit [AfterEach] Performance and Stress E2E Tests - /Users/seancorkum/projects/devops-mcp/test/e2e/scenarios/performance_test.go:41 @ 07/06/25 10:59:43.986 (4ms)&#xA;</system-err>
          </testcase>
          <testcase name="[It] Multi-Agent Collaboration E2E Tests Basic Multi-Agent Setup should connect multiple agents simultaneously" classname="Multi-Agent Collaboration E2E Test Suite" status="failed" time="0.540820332">
              <failure message="Expected&#xA;    &lt;int&gt;: 3&#xA;to equal&#xA;    &lt;int&gt;: 0" type="failed">[FAILED] Expected&#xA;    &lt;int&gt;: 3&#xA;to equal&#xA;    &lt;int&gt;: 0&#xA;In [It] at: /Users/seancorkum/projects/devops-mcp/test/e2e/scenarios/multi_agent_test.go:116 @ 07/06/25 10:59:40.824&#xA;&#xA;There were additional failures detected after the initial failure. These are visible in the timeline&#xA;</failure>
              <system-out>[10:59:40] [ERROR] multi-agent: Connection error: registration error: failed to register agent: failed to create agent: pq: invalid input syntax for type uuid: &#34;system&#34;&#xA;[10:59:40] [ERROR] multi-agent: Connection error: registration error: failed to register agent: failed to create agent: pq: invalid input syntax for type uuid: &#34;system&#34;&#xA;[10:59:40] [ERROR] multi-agent: Connection error: registration error: failed to register agent: failed to create agent: pq: invalid input syntax for type uuid: &#34;system&#34;&#xA;[10:59:40] [ERROR] multi-agent: Connection error: failed to connect: failed to WebSocket dial: expected handshake response status code 101 but got 502&#xA;[10:59:40] [ERROR] multi-agent: Connection error: failed to connect: failed to WebSocket dial: expected handshake response status code 101 but got 502&#xA;[10:59:40] [ERROR] multi-agent: Connection error: failed to connect: failed to WebSocket dial: expected handshake response status code 101 but got 502&#xA;</system-out>
              <system-err>&gt; Enter [BeforeEach] Multi-Agent Collaboration E2E Tests - /Users/seancorkum/projects/devops-mcp/test/e2e/scenarios/multi_agent_test.go:28 @ 07/06/25 10:59:40.288&#xA;&lt; Exit [BeforeEach] Multi-Agent Collaboration E2E Tests - /Users/seancorkum/projects/devops-mcp/test/e2e/scenarios/multi_agent_test.go:28 @ 07/06/25 10:59:40.294 (6ms)&#xA;&gt; Enter [It] should connect multiple agents simultaneously - /Users/seancorkum/projects/devops-mcp/test/e2e/scenarios/multi_agent_test.go:45 @ 07/06/25 10:59:40.295&#xA;[FAILED] Failure recorded during attempt 1:&#xA;Expected&#xA;    &lt;int&gt;: 3&#xA;to equal&#xA;    &lt;int&gt;: 0&#xA;In [It] at: /Users/seancorkum/projects/devops-mcp/test/e2e/scenarios/multi_agent_test.go:116 @ 07/06/25 10:59:40.657&#xA;&lt; Exit [It] should connect multiple agents simultaneously - /Users/seancorkum/projects/devops-mcp/test/e2e/scenarios/multi_agent_test.go:45 @ 07/06/25 10:59:40.657 (362ms)&#xA;&gt; Enter [AfterEach] Multi-Agent Collaboration E2E Tests - /Users/seancorkum/projects/devops-mcp/test/e2e/scenarios/multi_agent_test.go:38 @ 07/06/25 10:59:40.657&#xA;&lt; Exit [AfterEach] Multi-Agent Collaboration E2E Tests - /Users/seancorkum/projects/devops-mcp/test/e2e/scenarios/multi_agent_test.go:38 @ 07/06/25 10:59:40.662 (5ms)&#xA;&#xA;Attempt #1 Failed.  Retrying ↺ @ 07/06/25 10:59:40.662&#xA;&#xA;&gt; Enter [BeforeEach] Multi-Agent Collaboration E2E Tests - /Users/seancorkum/projects/devops-mcp/test/e2e/scenarios/multi_agent_test.go:28 @ 07/06/25 10:59:40.663&#xA;&lt; Exit [BeforeEach] Multi-Agent Collaboration E2E Tests - /Users/seancorkum/projects/devops-mcp/test/e2e/scenarios/multi_agent_test.go:28 @ 07/06/25 10:59:40.668 (5ms)&#xA;&gt; Enter [It] should connect multiple agents simultaneously - /Users/seancorkum/projects/devops-mcp/test/e2e/scenarios/multi_agent_test.go:45 @ 07/06/25 10:59:40.668&#xA;[FAILED] Expected&#xA;    &lt;int&gt;: 3&#xA;to equal&#xA;    &lt;int&gt;: 0&#xA;In [It] at: /Users/seancorkum/projects/devops-mcp/test/e2e/scenarios/multi_agent_test.go:116 @ 07/06/25 10:59:40.824&#xA;&lt; Exit [It] should connect multiple agents simultaneously - /Users/seancorkum/projects/devops-mcp/test/e2e/scenarios/multi_agent_test.go:45 @ 07/06/25 10:59:40.824 (156ms)&#xA;&gt; Enter [AfterEach] Multi-Agent Collaboration E2E Tests - /Users/seancorkum/projects/devops-mcp/test/e2e/scenarios/multi_agent_test.go:38 @ 07/06/25 10:59:40.824&#xA;&lt; Exit [AfterEach] Multi-Agent Collaboration E2E Tests - /Users/seancorkum/projects/devops-mcp/test/e2e/scenarios/multi_agent_test.go:38 @ 07/06/25 10:59:40.828 (4ms)&#xA;</system-err>
          </testcase>
          <testcase name="[It] Single Agent E2E Tests Tool Discovery and Execution should execute GitHub tool" classname="Multi-Agent Collaboration E2E Test Suite" status="passed" time="1.292982589">
              <system-out>�[33m⊘�[0m github_tool_execution (1.172529672s)&#xA;</system-out>
[...]
t] should reach consensus among multiple agents - /Users/seancorkum/projects/devops-mcp/test/e2e/scenarios/multi_agent_test.go:361 @ 07/06/25 10:59:40.295&#xA;[FAILED] Failure recorded during attempt 1:&#xA;Unexpected error:&#xA;    &lt;*fmt.wrapError | 0xc000334280&gt;: &#xA;    failed to connect: failed to WebSocket dial: expected handshake response status code 101 but got 502&#xA;    {&#xA;        msg: &#34;failed to connect: failed to WebSocket dial: expected handshake response status code 101 but got 502&#34;,&#xA;        err: &lt;*fmt.wrapError | 0xc000334260&gt;{&#xA;            msg: &#34;failed to WebSocket dial: expected handshake response status code 101 but got 502&#34;,&#xA;            err: &lt;*errors.errorString | 0xc0000b22a0&gt;{&#xA;                s: &#34;expected handshake response status code 101 but got 502&#34;,&#xA;            },&#xA;        },&#xA;    }&#xA;occurred&#xA;In [It] at: /Users/seancorkum/projects/devops-mcp/test/e2e/scenarios/multi_agent_test.go:387 @ 07/06/25 10:59:40.712&#xA;&lt; Exit [It] should reach consensus among multiple agents - /Users/seancorkum/projects/devops-mcp/test/e2e/scenarios/multi_agent_test.go:361 @ 07/06/25 10:59:40.712 (416ms)&#xA;&gt; Enter [AfterEach] Multi-Agent Collaboration E2E Tests - /Users/seancorkum/projects/devops-mcp/test/e2e/scenarios/multi_agent_test.go:38 @ 07/06/25 10:59:40.712&#xA;&lt; Exit [AfterEach] Multi-Agent Collaboration E2E Tests - /Users/seancorkum/projects/devops-mcp/test/e2e/scenarios/multi_agent_test.go:38 @ 07/06/25 10:59:40.716 (4ms)&#xA;&#xA;Attempt #1 Failed.  Retrying ↺ @ 07/06/25 10:59:40.716&#xA;&#xA;&gt; Enter [BeforeEach] Multi-Agent Collaboration E2E Tests - /Users/seancorkum/projects/devops-mcp/test/e2e/scenarios/multi_agent_test.go:28 @ 07/06/25 10:59:40.717&#xA;&lt; Exit [BeforeEach] Multi-Agent Collaboration E2E Tests - /Users/seancorkum/projects/devops-mcp/test/e2e/scenarios/multi_agent_test.go:28 @ 07/06/25 10:59:40.721 (5ms)&#xA;&gt; Enter [It] should reach consensus among multiple agents - /Users/seancorkum/projects/devops-mcp/test/e2e/scenarios/multi_agent_test.go:361 @ 07/06/25 10:59:40.722&#xA;[FAILED] Unexpected error:&#xA;    &lt;*fmt.wrapError | 0xc0001b6160&gt;: &#xA;    failed to connect: failed to WebSocket dial: expected handshake response status code 101 but got 502&#xA;    {&#xA;        msg: &#34;failed to connect: failed to WebSocket dial: expected handshake response status code 101 but got 502&#34;,&#xA;        err: &lt;*fmt.wrapError | 0xc0001b6080&gt;{&#xA;            msg: &#34;failed to WebSocket dial: expected handshake response status code 101 but got 502&#34;,&#xA;            err: &lt;*errors.errorString | 0xc0000d4010&gt;{&#xA;                s: &#34;expected handshake response status code 101 but got 502&#34;,&#xA;            },&#xA;        },&#xA;    }&#xA;occurred&#xA;In [It] at: /Users/seancorkum/projects/devops-mcp/test/e2e/scenarios/multi_agent_test.go:387 @ 07/06/25 10:59:40.766&#xA;&lt; Exit [It] should reach consensus among multiple agents - /Users/seancorkum/projects/devops-mcp/test/e2e/scenarios/multi_agent_test.go:361 @ 07/06/25 10:59:40.766 (44ms)&#xA;&gt; Enter [AfterEach] Multi-Agent Collaboration E2E Tests - /Users/seancorkum/projects/devops-mcp/test/e2e/scenarios/multi_agent_test.go:38 @ 07/06/25 10:59:40.766&#xA;&lt; Exit [AfterEach] Multi-Agent Collaboration E2E Tests - /Users/seancorkum/projects/devops-mcp/test/e2e/scenarios/multi_agent_test.go:38 @ 07/06/25 10:59:40.769 (3ms)&#xA;</system-err>
          </testcase>
          <testcase name="[It] Single Agent E2E Tests Basic Agent Lifecycle should handle reconnection" classname="Multi-Agent Collaboration E2E Test Suite" status="failed" time="0.103707317">
              <failure message="Unexpected error:&#xA;    &lt;*fmt.wrapError | 0xc0001b6080&gt;: &#xA;    failed to connect: failed to WebSocket dial: expected handshake response status code 101 but got 502&#xA;    {&#xA;        msg: &#34;failed to connect: failed to WebSocket dial: expected handshake response status code 101 but got 502&#34;,&#xA;        err: &lt;*fmt.wrapError | 0xc0001b6060&gt;{&#xA;            msg: &#34;failed to WebSocket dial: expected handshake response status code 101 but got 502&#34;,&#xA;            err: &lt;*errors.errorString | 0xc000214010&gt;{&#xA;                s: &#34;expected handshake response status code 101 but got 502&#34;,&#xA;            },&#xA;        },&#xA;    }&#xA;occurred" type="failed">[FAILED] Unexpected error:&#xA;    &lt;*fmt.wrapError | 0xc0001b6080&gt;: &#xA;    failed to connect: failed to WebSocket dial: expected handshake response status code 101 but got 502&#xA;    {&#xA;        msg: &#34;failed to connect: failed to WebSocket dial: expected handshake response status code 101 but got 502&#34;,&#xA;        err: &lt;*fmt.wrapError | 0xc0001b6060&gt;{&#xA;            msg: &#34;failed to WebSocket dial: expected handshake response status code 101 but got 502&#34;,&#xA;            err: &lt;*errors.errorString | 0xc000214010&gt;{&#xA;                s: &#34;expected handshake response status code 101 but got 502&#34;,&#xA;            },&#xA;        },&#xA;    }&#xA;occurred&#xA;In [It] at: /Users/seancorkum/projects/devops-mcp/test/e2e/scenarios/single_agent_test.go:129 @ 07/06/25 10:59:40.873&#xA;&#xA;There were additional failures detected after the initial failure. These are visible in the timeline&#xA;</failure>
              <system-err>&gt; Enter [BeforeEach] Single Agent E2E Tests - /Users/seancorkum/projects/devops-mcp/test/e2e/scenarios/single_agent_test.go:30 @ 07/06/25 10:59:40.772&#xA;&lt; Exit [BeforeEach] Single Agent E2E Tests - /Users/seancorkum/projects/devops-mcp/test/e2e/scenarios/single_agent_test.go:30 @ 07/06/25 10:59:40.776 (4ms)&#xA;&gt; Enter [It] should handle reconnection - /Users/seancorkum/projects/devops-mcp/test/e2e/scenarios/single_agent_test.go:107 @ 07/06/25 10:59:40.776&#xA;[FAILED] Failure recorded during attempt 1:&#xA;Unexpected error:&#xA;    &lt;*fmt.wrapError | 0xc0001b61a0&gt;: &#xA;    failed to connect: failed to WebSocket dial: expected handshake response status code 101 but got 502&#xA;    {&#xA;        msg: &#34;failed to connect: failed to WebSocket dial: expected handshake response status code 101 but got 502&#34;,&#xA;        err: &lt;*fmt.wrapError | 0xc0001b6180&gt;{&#xA;            msg: &#34;failed to WebSocket dial: expected handshake response status code 101 but got 502&#34;,&#xA;            err: &lt;*errors.errorString | 0xc0000fa000&gt;{&#xA;                s: &#34;expected handshake response status code 101 but got 502&#34;,&#xA;            },&#xA;        },&#xA;    }&#xA;occurred&#xA;In [It] at: /Users/seancorkum/projects/devops-mcp/test/e2e/scenarios/single_agent_test.go:129 @ 07/06/25 10:59:40.821&#xA;&lt; Exit [It] should handle reconnection - /Users/seancorkum/projects/devops-mcp/test/e2e/scenarios/single_agent_test.go:107 @ 07/06/25 10:59:40.821 (45ms)&#xA;&gt; Enter [AfterEach] Single Agent E2E Tests - /Users/seancorkum/projects/devops-mcp/test/e2e/scenarios/single_agent_test.go:40 @ 07/06/25 10:59:40.822&#xA;&lt; Exit [AfterEach] Single Agent E2E Tests - /Users/seancorkum/projects/devops-mcp/test/e2e/scenarios/single_agent_test.go:40 @ 07/06/25 10:59:40.824 (3ms)&#xA;&#xA;Attempt #1 Failed.  Retrying ↺ @ 07/06/25 10:59:40.824&#xA;&#xA;&gt; Enter [BeforeEach] Single Agent E2E Tests - /Users/seancorkum/projects/devops-mcp/test/e2e/scenarios/single_agent_test.go:30 @ 07/06/25 10:59:40.825&#xA;&lt; Exit [BeforeEach] Single Agent E2E Tests - /Users/seancorkum/projects/devops-mcp/test/e2e/scenarios/single_agent_test.go:30 @ 07/06/25 10:59:40.83 (5ms)&#xA;&gt; Enter [It] should handle reconnection - /Users/seancorkum/projects/devops-mcp/test/e2e/scenarios/single_agent_test.go:107 @ 07/06/25 10:59:40.83&#xA;[FAILED] Unexpected error:&#xA;    &lt;*fmt.wrapError | 0xc0001b6080&gt;: &#xA;    failed to connect: failed to WebSocket dial: expected handshake response status code 101 but got 502&#xA;    {&#xA;        msg: &#34;failed to connect: failed to WebSocket dial: expected handshake response status code 101 but got 502&#34;,&#xA;        err: &lt;*fmt.wrapError | 0xc0001b6060&gt;{&#xA;            msg: &#34;failed to WebSocket dial: expected handshake response status code 101 but got 502&#34;,&#xA;            err: &lt;*errors.errorString | 0xc000214010&gt;{&#xA;                s: &#34;expected handshake response status code 101 but got 502&#34;,&#xA;            },&#xA;        },&#xA;    }&#xA;occurred&#xA;In [It] at: /Users/seancorkum/projects/devops-mcp/test/e2e/scenarios/single_agent_test.go:129 @ 07/06/25 10:59:40.873&#xA;&lt; Exit [It] should handle reconnection - /Users/seancorkum/projects/devops-mcp/test/e2e/scenarios/single_agent_test.go:107 @ 07/06/25 10:59:40.873 (42ms)&#xA;&gt; Enter [AfterEach] Single Agent E2E Tests - /Users/seancorkum/projects/devops-mcp/test/e2e/scenarios/single_agent_test.go:40 @ 07/06/25 10:59:40.873&#xA;&lt; Exit [AfterEach] Single Agent E2E Tests - /Users/seancorkum/projects/devops-mcp/test/e2e/scenarios/single_agent_test.go:40 @ 07/06/25 10:59:40.875 (2ms)&#xA;</system-err>
          </testcase>
          <testcase name="[It] Single Agent E2E Tests Error Handling should handle authentication errors" classname="Multi-Agent Collaboration E2E Test Suite" status="passed" time="1.154879791">
              <system-out>�[32m✓�[0m auth_error_handling (1.145158165s)&#xA;</system-out>
              <system-err>&gt; Enter [BeforeEach] Single Agent E2E Tests - /Users/seancorkum/projects/devops-mcp/test/e2e/scenarios/single_agent_test.go:30 @ 07/06/25 10:59:40.877&#xA;&lt; Exit [BeforeEach] Single Agent E2E Tests - /Users/seancorkum/projects/devops-mcp/test/e2e/scenarios/single_agent_test.go:30 @ 07/06/25 10:59:40.882 (5ms)&#xA;&gt; Enter [It] should handle authentication errors - /Users/seancorkum/projects/devops-mcp/test/e2e/scenarios/single_agent_test.go:398 @ 07/06/25 10:59:40.882&#xA;&lt; Exit [It] should handle authentication errors - /Users/seancorkum/projects/devops-mcp/test/e2e/scenarios/single_agent_test.go:398 @ 07/06/25 10:59:42.028 (1.145s)&#xA;&gt; Enter [AfterEach] Single Agent E2E Tests - /Users/seancorkum/projects/devops-mcp/test/e2e/scenarios/single_agent_test.go:40 @ 07/06/25 10:59:42.028&#xA;&lt; Exit [AfterEach] Single Agent E2E Tests - /Users/seancorkum/projects/devops-mcp/test/e2e/scenarios/single_agent_test.go:40 @ 07/06/25 10:59:42.031 (3ms)&#xA;</system-err>
          </testcase>
          <testcase name="[It] Single Agent E2E Tests Error Handling should handle invalid method calls" classname="Multi-Agent Collaboration E2E Test Suite" status="failed" time="0.143265802">
              <failure message="Unexpected error:&#xA;    &lt;*fmt.wrapError | 0xc000334240&gt;: &#xA;    failed to connect: failed to WebSocket dial: expected handshake response status code 101 but got 502&#xA;    {&#xA;        msg: &#34;failed to connect: failed to WebSocket dial: expected handshake response status code 101 but got 502&#34;,&#xA;        err: &lt;*fmt.wrapError | 0xc000334220&gt;{&#xA;            msg: &#34;failed to WebSocket dial: expected handshake response status code 101 but got 502&#34;,&#xA;            err: &lt;*errors.errorString | 0xc0000f2b70&gt;{&#xA;                s: &#34;expected handshake response status code 101 but got 502&#34;,&#xA;            },&#xA;        },&#xA;    }&#xA;occurred" type="failed">[FAILED] Unexpected error:&#xA;    &lt;*fmt.wrapError | 0xc000334240&gt;: &#xA;    failed to connect: failed to WebSocket dial: expected handshake response status code 101 but got 502&#xA;    {&#xA;        msg: &#34;failed to connect: failed to WebSocket dial: expected handshake response status code 101 but got 502&#34;,&#xA;        err: &lt;*fmt.wrapError | 0xc000334220&gt;{&#xA;            msg: &#34;failed to WebSocket dial: expected handshake response status code 101 but got 502&#34;,&#xA;            err: &lt;*errors.errorString | 0xc0000f2b70&gt;{&#xA;                s: &#34;expected handshake response status code 101 but got 502&#34;,&#xA;            },&#xA;        },&#xA;    }&#xA;occurred&#xA;In [It] at: /Users/seancorkum/projects/devops-mcp/test/e2e/scenarios/single_agent_test.go:448 @ 07/06/25 10:59:42.173&#xA;&#xA;There were additional failures detected after the initial failure. These are visible in the timeline&#xA;</failure>
              <system-err>&gt; Enter [BeforeEach] Single Agent E2E Tests - /Users/seancorkum/projects/devops-mcp/test/e2e/scenarios/single_agent_test.go:30 @ 07/06/25 10:59:42.033&#xA;&lt; Exit [BeforeEach] Single Agent E2E Tests - /Users/seancorkum/projects/devops-mcp/test/e2e/scenarios/single_agent_test.go:30 @ 07/06/25 10:59:42.038 (5ms)&#xA;&gt; Enter [It] should handle invalid method calls - /Users/seancorkum/projects/devops-mcp/test/e2e/scenarios/single_agent_test.go:428 @ 07/06/25 10:59:42.038&#xA;[FAILED] Failure recorded during attempt 1:&#xA;Unexpected error:&#xA;    &lt;*fmt.wrapError | 0xc000334220&gt;: &#xA;    failed to connect: failed to WebSocket dial: expected handshake response status code 101 but got 502&#xA;    {&#xA;        msg: &#34;failed to connect: failed to WebSocket dial: expected handshake response status code 101 but got 502&#34;,&#xA;        err: &lt;*fmt.wrapError | 0xc000334200&gt;{&#xA;            msg: &#34;failed to WebSocket dial: expected handshake response status code 101 but got 502&#34;,&#xA;            err: &lt;*errors.errorString | 0xc0000b2000&gt;{&#xA;                s: &#34;expected handshake response status code 101 but got 502&#34;,&#xA;            },&#xA;        },&#xA;    }&#xA;occurred&#xA;In [It] at: /Users/seancorkum/projects/devops-mcp/test/e2e/scenarios/single_agent_test.go:448 @ 07/06/25 10:59:42.119&#xA;&lt; Exit [It] should handle invalid method calls - /Users/seancorkum/projects/devops-mcp/test/e2e/scenarios/single_agent_test.go:428 @ 07/06/25 10:59:42.119 (81ms)&#xA;&gt; Enter [AfterEach] Single Agent E2E Tests - /Users/seancorkum/projects/devops-mcp/test/e2e/scenarios/single_agent_test.go:40 @ 07/06/25 10:59:42.119&#xA;&lt; Exit [AfterEach] Single Agent E2E Tests - /Users/seancorkum/projects/devops-mcp/test/e2e/scenarios/single_agent_test.go:40 @ 07/06/25 10:59:42.122 (3ms)&#xA;&#xA;Attempt #1 Failed.  Retrying ↺ @ 07/06/25 10:59:42.123&#xA;&#xA;&gt; Enter [BeforeEach] Single Agent E2E Tests - /Users/seancorkum/projects/devops-mcp/test/e2e/scenarios/single_agent_test.go:30 @ 07/06/25 10:59:42.124&#xA;&lt; Exit [BeforeEach] Single Agent E2E Tests - /Users/seancorkum/projects/devops-mcp/test/e2e/scenarios/single_agent_test.go:30 @ 07/06/25 10:59:42.13 (6ms)&#xA;&gt; Enter [It] should handle invalid method calls - /Users/seancorkum/projects/devops-mcp/test/e2e/scenarios/single_agent_test.go:428 @ 07/06/25 10:59:42.131&#xA;[FAILED] Unexpected error:&#xA;    &lt;*fmt.wrapError | 0xc000334240&gt;: &#xA;    failed to connect: failed to WebSocket dial: expected handshake response status code 101 but got 502&#xA;    {&#xA;        msg: &#34;failed to connect: failed to WebSocket dial: expected handshake response status code 101 but got 502&#34;,&#xA;        err: &lt;*fmt.wrapError | 0xc000334220&gt;{&#xA;            msg: &#34;failed to WebSocket dial: expected handshake response status code 101 but got 502&#34;,&#xA;            err: &lt;*errors.errorString | 0xc0000f2b70&gt;{&#xA;                s: &#34;expected handshake response status code 101 but got 502&#34;,&#xA;            },&#xA;        },&#xA;    }&#xA;occurred&#xA;In [It] at: /Users/seancorkum/projects/devops-mcp/test/e2e/scenarios/single_agent_test.go:448 @ 07/06/25 10:59:42.173&#xA;&lt; Exit [It] should handle invalid method calls - /Users/seancorkum/projects/devops-mcp/test/e2e/scenarios/single_agent_test.go:428 @ 07/06/25 10:59:42.173 (42ms)&#xA;&gt; Enter [AfterEach] Single Agent E2E Tests - /Users/seancorkum/projects/devops-mcp/test/e2e/scenarios/single_agent_test.go:40 @ 07/06/25 10:59:42.173&#xA;&lt; Exit [AfterEach] Single Agent E2E Tests - /Users/seancorkum/projects/devops-mcp/test/e2e/scenarios/single_agent_test.go:40 @ 07/06/25 10:59:42.176 (3ms)&#xA;</system-err>
          </testcase>
          <testcase name="[It] Performance and Stress E2E Tests Agent Swarm Tests should handle agent churn" classname="Multi-Agent Collaboration E2E Test Suite" status="failed" time="61.636465935">
              <failure message="Expected&#xA;    &lt;int64&gt;: 10&#xA;to be &gt;&#xA;    &lt;int&gt;: 20" type="failed">[FAILED] Expected&#xA;    &lt;int64&gt;: 10&#xA;to be &gt;&#xA;    &lt;int&gt;: 20&#xA;In [It] at: /Users/seancorkum/projects/devops-mcp/test/e2e/scenarios/performance_test.go:275 @ 07/06/25 11:00:43.81&#xA;&#xA;There were additional failures detected after the initial failure. These are visible in the timeline&#xA;</failure>
              <system-out>[11:00:13] [INFO] performance: Agent Churn Results:&#xA;[11:00:13] [INFO] performance:   Total connections: 20&#xA;[11:00:13] [INFO] performance:   Total disconnections: 20&#xA;[11:00:13] [INFO] performance:   Total errors: 43&#xA;[11:00:13] [INFO] performance:   Error rate: 68.25%&#xA;[11:00:43] [INFO] performance: Agent Churn Results:&#xA;[11:00:43] [INFO] performance:   Total connections: 10&#xA;[11:00:43] [INFO] performance:   Total disconnections: 10&#xA;[11:00:43] [INFO] performance:   Total errors: 87&#xA;[11:00:43] [INFO] performance:   Error rate: 89.69%&#xA;</system-out>
              <system-err>&gt; Enter [BeforeEach] Performance and Stress E2E Tests - /Users/seancorkum/projects/devops-mcp/test/e2e/scenarios/performance_test.go:31 @ 07/06/25 10:59:42.178&#xA;&lt; Exit [BeforeEach] Performance and Stress E2E Tests - /Users/seancorkum/projects/devops-mcp/test/e2e/scenarios/performance_test.go:31 @ 07/06/25 10:59:42.178 (0s)&#xA;&gt; Enter [It] should handle agent churn - /Users/seancorkum/projects/devops-mcp/test/e2e/scenarios/performance_test.go:179 @ 07/06/25 10:59:42.178&#xA;[FAILED] Failure recorded during attempt 1:&#xA;Expected&#xA;    &lt;int64&gt;: 20&#xA;to be &gt;&#xA;    &lt;int&gt;: 20&#xA;In [It] at: /Users/seancorkum/projects/devops-mcp/test/e2e/scenarios/performance_test.go:275 @ 07/06/25 11:00:13.211&#xA;&lt; Exit [It] should handle agent churn - /Users/seancorkum/projects/devops-mcp/test/e2e/scenarios/performance_test.go:179 @ 07/06/25 11:00:13.211 (31.033s)&#xA;&gt; Enter [AfterEach] Performance and Stress E2E Tests - /Users/seancorkum/projects/devops-mcp/test/e2e/scenarios/performance_test.go:41 @ 07/06/25 11:00:13.212&#xA;&lt; Exit [AfterEach] Performance and Stress E2E Tests - /Users/seancorkum/projects/devops-mcp/test/e2e/scenarios/performance_test.go:41 @ 07/06/25 11:00:13.215 (3ms)&#xA;&#xA;Attempt #1 Failed.  Retrying ↺ @ 07/06/25 11:00:13.215&#xA;&#xA;&gt; Enter [BeforeEach] Performance and Stress E2E Tests - /Users/seancorkum/projects/devops-mcp/test/e2e/scenarios/performance_test.go:31 @ 07/06/25 11:00:13.216&#xA;&lt; Exit [BeforeEach] Performance and Stress E2E Tests - /Users/seancorkum/projects/devops-mcp/test/e2e/scenarios/performance_test.go:31 @ 07/06/25 11:00:13.216 (0s)&#xA;&gt; Enter [It] should handle agent churn - /Users/seancorkum/projects/devops-mcp/test/e2e/scenarios/performance_test.go:179 @ 07/06/25 11:00:13.216&#xA;[FAILED] Expected&#xA;    &lt;int64&gt;: 10&#xA;to be &gt;&#xA;    &lt;int&gt;: 20&#xA;In [It] at: /Users/seancorkum/projects/devops-mcp/test/e2e/scenarios/performance_test.go:275 @ 07/06/25 11:00:43.81&#xA;&lt; Exit [It] should handle agent churn - /Users/seancorkum/projects/devops-mcp/test/e2e/scenarios/performance_test.go:179 @ 07/06/25 11:00:43.81 (30.593s)&#xA;&gt; Enter [AfterEach] Performance and Stress E2E Tests - /Users/seancorkum/projects/devops-mcp/test/e2e/scenarios/performance_test.go:41 @ 07/06/25 11:00:43.811&#xA;&lt; Exit [AfterEach] Performance and Stress E2E Tests - /Users/seancorkum/projects/devops-mcp/test/e2e/scenarios/performance_test.go:41 @ 07/06/25 11:00:43.815 (4ms)&#xA;</system-err>
          </testcase>
      </testsuite>
  </testsuites>