<?xml version="1.0" encoding="UTF-8"?>
  <testsuites tests="21" disabled="0" errors="0" failures="20" time="61.537079000000006">
      <testsuite name="DevOps MCP E2E Test Suite" package="/Users/seancorkum/projects/devops-mcp/test/e2e" tests="0" disabled="0" skipped="0" errors="0" failures="0" time="0.003424" timestamp="2025-07-05T19:04:55">
          <properties>
              <property name="SuiteSucceeded" value="true"></property>
              <property name="SuiteHasProgrammaticFocus" value="false"></property>
              <property name="SpecialSuiteFailureReason" value=""></property>
              <property name="SuiteLabels" value="[]"></property>
              <property name="RandomSeed" value="1751760292"></property>
              <property name="RandomizeAllSpecs" value="false"></property>
              <property name="LabelFilter" value=""></property>
              <property name="FocusStrings" value=""></property>
              <property name="SkipStrings" value=""></property>
              <property name="FocusFiles" value=""></property>
              <property name="SkipFiles" value=""></property>
              <property name="FailOnPending" value="false"></property>
              <property name="FailOnEmpty" value="false"></property>
              <property name="FailFast" value="false"></property>
              <property name="FlakeAttempts" value="2"></property>
              <property name="DryRun" value="false"></property>
              <property name="ParallelTotal" value="5"></property>
              <property name="OutputInterceptorMode" value=""></property>
          </properties>
      </testsuite>
      <testsuite name="Multi-Agent Collaboration E2E Test Suite" package="/Users/seancorkum/projects/devops-mcp/test/e2e/scenarios" tests="21" disabled="0" skipped="0" errors="0" failures="20" time="61.533655" timestamp="2025-07-05T19:04:57">
          <properties>
              <property name="SuiteSucceeded" value="false"></property>
              <property name="SuiteHasProgrammaticFocus" value="false"></property>
              <property name="SpecialSuiteFailureReason" value=""></property>
              <property name="SuiteLabels" value="[]"></property>
              <property name="RandomSeed" value="1751760292"></property>
              <property name="RandomizeAllSpecs" value="false"></property>
              <property name="LabelFilter" value=""></property>
              <property name="FocusStrings" value=""></property>
              <property name="SkipStrings" value=""></property>
              <property name="FocusFiles" value=""></property>
              <property name="SkipFiles" value=""></property>
              <property name="FailOnPending" value="false"></property>
              <property name="FailOnEmpty" value="false"></property>
              <property name="FailFast" value="false"></property>
              <property name="FlakeAttempts" value="2"></property>
              <property name="DryRun" value="false"></property>
              <property name="ParallelTotal" value="5"></property>
              <property name="OutputInterceptorMode" value=""></property>
          </properties>
          <testcase name="[It] Performance and Stress E2E Tests Resource Utilization Tests should maintain stable performance under sustained load" classname="Multi-Agent Collaboration E2E Test Suite" status="failed" time="0.34615897">
              <failure message="Unexpected error:&#xA;    &lt;*fmt.wrapError | 0xc00031a240&gt;: &#xA;    failed to connect: failed to WebSocket dial: expected handshake response status code 101 but got 426&#xA;    {&#xA;        msg: &#34;failed to connect: failed to WebSocket dial: expected handshake response status code 101 but got 426&#34;,&#xA;        err: &lt;*fmt.wrapError | 0xc00031a220&gt;{&#xA;            msg: &#34;failed to WebSocket dial: expected handshake response status code 101 but got 426&#34;,&#xA;            err: &lt;*errors.errorString | 0xc000334240&gt;{&#xA;                s: &#34;expected handshake response status code 101 but got 426&#34;,&#xA;            },&#xA;        },&#xA;    }&#xA;occurred" type="failed">[FAILED] Unexpected error:&#xA;    &lt;*fmt.wrapError | 0xc00031a240&gt;: &#xA;    failed to connect: failed to WebSocket dial: expected handshake response status code 101 but got 426&#xA;    {&#xA;        msg: &#34;failed to connect: failed to WebSocket dial: expected handshake response status code 101 but got 426&#34;,&#xA;        err: &lt;*fmt.wrapError | 0xc00031a220&gt;{&#xA;            msg: &#34;failed to WebSocket dial: expected handshake response status code 101 but got 426&#34;,&#xA;            err: &lt;*errors.errorString | 0xc000334240&gt;{&#xA;                s: &#34;expected handshake response status code 101 but got 426&#34;,&#xA;            },&#xA;        },&#xA;    }&#xA;occurred&#xA;In [It] at: /Users/seancorkum/projects/devops-mcp/test/e2e/scenarios/performance_test.go:523 @ 07/05/25 19:04:57.952&#xA;&#xA;There were additional failures detected after the initial failure. These are visible in the timeline&#xA;</failure>
              <system-err>&gt; Enter [BeforeEach] Performance and Stress E2E Tests - /Users/seancorkum/projects/devops-mcp/test/e2e/scenarios/performance_test.go:31 @ 07/05/25 19:04:57.609&#xA;&lt; Exit [BeforeEach] Performance and Stress E2E Tests - /Users/seancorkum/projects/devops-mcp/test/e2e/scenarios/performance_test.go:31 @ 07/05/25 19:04:57.609 (0s)&#xA;&gt; Enter [It] should maintain stable performance under sustained load - /Users/seancorkum/projects/devops-mcp/test/e2e/scenarios/performance_test.go:496 @ 07/05/25 19:04:57.609&#xA;[FAILED] Failure recorded during attempt 1:&#xA;Unexpected error:&#xA;    &lt;*fmt.wrapError | 0xc00029e640&gt;: &#xA;    failed to connect: failed to WebSocket dial: expected handshake response status code 101 but got 426&#xA;    {&#xA;        msg: &#34;failed to connect: failed to WebSocket dial: expected handshake response status code 101 but got 426&#34;,&#xA;        err: &lt;*fmt.wrapError | 0xc00029e620&gt;{&#xA;            msg: &#34;failed to WebSocket dial: expected handshake response status code 101 but got 426&#34;,&#xA;            err: &lt;*errors.errorString | 0xc0002d0520&gt;{&#xA;                s: &#34;expected handshake response status code 101 but got 426&#34;,&#xA;            },&#xA;        },&#xA;    }&#xA;occurred&#xA;In [It] at: /Users/seancorkum/projects/devops-mcp/test/e2e/scenarios/performance_test.go:523 @ 07/05/25 19:04:57.872&#xA;&lt; Exit [It] should maintain stable performance under sustained load - /Users/seancorkum/projects/devops-mcp/test/e2e/scenarios/performance_test.go:496 @ 07/05/25 19:04:57.872 (262ms)&#xA;&gt; Enter [AfterEach] Performance and Stress E2E Tests - /Users/seancorkum/projects/devops-mcp/test/e2e/scenarios/performance_test.go:41 @ 07/05/25 19:04:57.872&#xA;&lt; Exit [AfterEach] Performance and Stress E2E Tests - /Users/seancorkum/projects/devops-mcp/test/e2e/scenarios/performance_test.go:41 @ 07/05/25 19:04:57.873 (2ms)&#xA;&#xA;Attempt #1 Failed.  Retrying ↺ @ 07/05/25 19:04:57.874&#xA;&#xA;&gt; Enter [BeforeEach] Performance and Stress E2E Tests - /Users/seancorkum/projects/devops-mcp/test/e2e/scenarios/performance_test.go:31 @ 07/05/25 19:04:57.874&#xA;&lt; Exit [BeforeEach] Performance and Stress E2E Tests - /Users/seancorkum/projects/devops-mcp/test/e2e/scenarios/performance_test.go:31 @ 07/05/25 19:04:57.874 (0s)&#xA;&gt; Enter [It] should maintain stable performance under sustained load - /Users/seancorkum/projects/devops-mcp/test/e2e/scenarios/performance_test.go:496 @ 07/05/25 19:04:57.874&#xA;[FAILED] Unexpected error:&#xA;    &lt;*fmt.wrapError | 0xc00031a240&gt;: &#xA;    failed to connect: failed to WebSocket dial: expected handshake response status code 101 but got 426&#xA;    {&#xA;        msg: &#34;failed to connect: failed to WebSocket dial: expected handshake response status code 101 but got 426&#34;,&#xA;        err: &lt;*fmt.wrapError | 0xc00031a220&gt;{&#xA;            msg: &#34;failed to WebSocket dial: expected handshake response status code 101 but got 426&#34;,&#xA;            err: &lt;*errors.errorString | 0xc000334240&gt;{&#xA;                s: &#34;expected handshake response status code 101 but got 426&#34;,&#xA;            },&#xA;        },&#xA;    }&#xA;occurred&#xA;In [It] at: /Users/seancorkum/projects/devops-mcp/test/e2e/scenarios/performance_test.go:523 @ 07/05/25 19:04:57.952&#xA;&lt; Exit [It] should maintain stable performance under sustained load - /Users/seancorkum/projects/devops-mcp/test/e2e/scenarios/performance_test.go:496 @ 07/05/25 19:04:57.952 (79ms)&#xA;&gt; Enter [AfterEach] Performance and Stress E2E Tests - /Users/seancorkum/projects/devops-mcp/test/e2e/scenarios/performance_test.go:41 @ 07/05/25 19:04:57.953&#xA;&lt; Exit [AfterEach] Performance and Stress E2E Tests - /Users/seancorkum/projects/devops-mcp/test/e2e/scenarios/performance_test.go:41 @ 07/05/25 19:04:57.955 (2ms)&#xA;</system-err>
          </testcase>
          <testcase name="[It] Performance and Stress E2E Tests Binary Protocol Performance should demonstrate binary protocol efficiency" classname="Multi-Agent Collaboration E2E Test Suite" status="failed" time="0.092509469">
              <failure message="Unexpected error:&#xA;    &lt;*fmt.wrapError | 0xc00031ae00&gt;: &#xA;    failed to connect: failed to WebSocket dial: expected handshake response status code 101 but got 426&#xA;    {&#xA;        msg: &#34;failed to connect: failed to WebSocket dial: expected handshake response status code 101 but got 426&#34;,&#xA;        err: &lt;*fmt.wrapError | 0xc00031ade0&gt;{&#xA;            msg: &#34;failed to WebSocket dial: expected handshake response status code 101 but got 426&#34;,&#xA;            err: &lt;*errors.errorString | 0xc000335420&gt;{&#xA;                s: &#34;expected handshake response status code 101 but got 426&#34;,&#xA;            },&#xA;        },&#xA;    }&#xA;occurred" type="failed">[FAILED] Unexpected error:&#xA;    &lt;*fmt.wrapError | 0xc00031ae00&gt;: &#xA;    failed to connect: failed to WebSocket dial: expected handshake response status code 101 but got 426&#xA;    {&#xA;        msg: &#34;failed to connect: failed to WebSocket dial: expected handshake response status code 101 but got 426&#34;,&#xA;        err: &lt;*fmt.wrapError | 0xc00031ade0&gt;{&#xA;            msg: &#34;failed to WebSocket dial: expected handshake response status code 101 but got 426&#34;,&#xA;            err: &lt;*errors.errorString | 0xc000335420&gt;{&#xA;                s: &#34;expected handshake response status code 101 but got 426&#34;,&#xA;            },&#xA;        },&#xA;    }&#xA;occurred&#xA;In [It] at: /Users/seancorkum/projects/devops-mcp/test/e2e/scenarios/performance_test.go:650 @ 07/05/25 19:04:58.046&#xA;&#xA;There were additional failures detected after the initial failure. These are visible in the timeline&#xA;</failure>
              <system-err>&gt; Enter [BeforeEach] Performance and Stress E2E Tests - /Users/seancorkum/projects/devops-mcp/test/e2e/scenarios/performance_test.go:31 @ 07/05/25 19:04:57.956&#xA;&lt; Exit [BeforeEach] Performance and Stress E2E Tests - /Users/seancorkum/projects/devops-mcp/test/e2e/scenarios/performance_test.go:31 @ 07/05/25 19:04:57.957 (0s)&#xA;&gt; Enter [It] should demonstrate binary protocol efficiency - /Users/seancorkum/projects/devops-mcp/test/e2e/scenarios/performance_test.go:620 @ 07/05/25 19:04:57.957&#xA;[FAILED] Failure recorded during attempt 1:&#xA;Unexpected error:&#xA;    &lt;*fmt.wrapError | 0xc00031a860&gt;: &#xA;    failed to connect: failed to WebSocket dial: expected handshake response status code 101 but got 426&#xA;    {&#xA;        msg: &#34;failed to connect: failed to WebSocket dial: expected handshake response status code 101 but got 426&#34;,&#xA;        err: &lt;*fmt.wrapError | 0xc00031a840&gt;{&#xA;            msg: &#34;failed to WebSocket dial: expected handshake response status code 101 but got 426&#34;,&#xA;            err: &lt;*errors.errorString | 0xc0001fa790&gt;{&#xA;                s: &#34;expected handshake response status code 101 but got 426&#34;,&#xA;            },&#xA;        },&#xA;    }&#xA;occurred&#xA;In [It] at: /Users/seancorkum/projects/devops-mcp/test/e2e/scenarios/performance_test.go:650 @ 07/05/25 19:04:58.003&#xA;&lt; Exit [It] should demonstrate binary protocol efficiency - /Users/seancorkum/projects/devops-mcp/test/e2e/scenarios/performance_test.go:620 @ 07/05/25 19:04:58.003 (46ms)&#xA;&gt; Enter [AfterEach] Performance and Stress E2E Tests - /Users/seancorkum/projects/devops-mcp/test/e2e/scenarios/performance_test.go:41 @ 07/05/25 19:04:58.003&#xA;&lt; Exit [AfterEach] Performance and Stress E2E Tests - /Users/seancorkum/projects/devops-mcp/test/e2e/scenarios/performance_test.go:41 @ 07/05/25 19:04:58.005 (2ms)&#xA;&#xA;Attempt #1 Failed.  Retrying ↺ @ 07/05/25 19:04:58.005&#xA;&#xA;&gt; Enter [BeforeEach] Performance and Stress E2E Tests - /Users/seancorkum/projects/devops-mcp/test/e2e/scenarios/performance_test.go:31 @ 07/05/25 19:04:58.005&#xA;&lt; Exit [BeforeEach] Performance and Stress E2E Tests - /Users/seancorkum/projects/devops-mcp/test/e2e/scenarios/performance_test.go:31 @ 07/05/25 19:04:58.005 (0s)&#xA;&gt; Enter [It] should demonstrate binary protocol efficiency - /Users/seancorkum/projects/devops-mcp/test/e2e/scenarios/performance_test.go:620 @ 07/05/25 19:04:58.005&#xA;[FAILED] Unexpected error:&#xA;    &lt;*fmt.wrapError | 0xc00031ae00&gt;: &#xA;    failed to connect: failed to WebSocket dial: expected handshake response status code 101 but got 426&#xA;    {&#xA;        msg: &#34;failed to connect: failed to WebSocket dial: expected handshake response status code 101 but got 426&#34;,&#xA;        err: &lt;*fmt.wrapError | 0xc00031ade0&gt;{&#xA;            msg: &#34;failed to WebSocket dial: expected handshake response status code 101 but got 426&#34;,&#xA;            err: &lt;*errors.errorString | 0xc000335420&gt;{&#xA;                s: &#34;expected handshake response status code 101 but got 426&#34;,&#xA;            },&#xA;        },&#xA;    }&#xA;occurred&#xA;In [It] at: /Users/seancorkum/projects/devops-mcp/test/e2e/scenarios/performance_test.go:650 @ 07/05/25 19:04:58.046&#xA;&lt; Exit [It] should demonstrate binary protocol efficiency - /Users/seancorkum/projects/devops-mcp/test/e2e/scenarios/performance_test.go:620 @ 07/05/25 19:04:58.046 (41ms)&#xA;&gt; Enter [AfterEach] Performance and Stress E2E Tests - /Users/seancorkum/projects/devops-mcp/test/e2e/scenarios/performance_test.go:41 @ 07/05/25 19:04:58.047&#xA;&lt; Exit [AfterEach] Performance and Stress E2E Tests - /Users/seancorkum/projects/devops-mcp/test/e2e/scenarios/performance_test.go:41 @ 07/05/25 19:04:58.049 (2ms)&#xA;</system-err>
          </testcase>
          <testcase name="[It] Multi-Agent Collaboration E2E Tests Parallel Task Execution should execute tasks in parallel across multiple agents" classname="Multi-Agent Collaboration E2E Test Suite" status="failed" time="0.108048911">
              <failure message="Unexpected error:&#xA;    &lt;*fmt.wrapError | 0xc00031a0e0&gt;: &#xA;    failed to connect: failed to WebSocket dial: expected handshake response status code 101 but got 426&#xA;    {&#xA;        msg: &#34;failed to connect: failed to WebSocket dial: expected handshake response status code 101 but got 426&#34;,&#xA;        err: &lt;*fmt.wrapError | 0xc00031a0a0&gt;{&#xA;            msg: &#34;failed to WebSocket dial: expected handshake response status code 101 but got 426&#34;,&#xA;            err: &lt;*errors.errorString | 0xc0001b0000&gt;{&#xA;                s: &#34;expected handshake response status code 101 but got 426&#34;,&#xA;            },&#xA;        },&#xA;    }&#xA;occurred" type="failed">[FAILED] Unexpected error:&#xA;    &lt;*fmt.wrapError | 0xc00031a0e0&gt;: &#xA;    failed to connect: failed to WebSocket dial: expected handshake response status code 101 but got 426&#xA;    {&#xA;        msg: &#34;failed to connect: failed to WebSocket dial: expected handshake response status code 101 but got 426&#34;,&#xA;        err: &lt;*fmt.wrapError | 0xc00031a0a0&gt;{&#xA;            msg: &#34;failed to WebSocket dial: expected handshake response status code 101 but got 426&#34;,&#xA;            err: &lt;*errors.errorString | 0xc0001b0000&gt;{&#xA;                s: &#34;expected handshake response status code 101 but got 426&#34;,&#xA;            },&#xA;        },&#xA;    }&#xA;occurred&#xA;In [It] at: /Users/seancorkum/projects/devops-mcp/test/e2e/scenarios/multi_agent_test.go:284 @ 07/05/25 19:04:58.155&#xA;&#xA;There were additional failures detected after the initial failure. These are visible in the timeline&#xA;</failure>
              <system-err>&gt; Enter [BeforeEach] Multi-Agent Collaboration E2E Tests - /Users/seancorkum/projects/devops-mcp/test/e2e/scenarios/multi_agent_test.go:28 @ 07/05/25 19:04:58.05&#xA;&lt; Exit [BeforeEach] Multi-Agent Collaboration E2E Tests - /Users/seancorkum/projects/devops-mcp/test/e2e/scenarios/multi_agent_test.go:28 @ 07/05/25 19:04:58.055 (5ms)&#xA;&gt; Enter [It] should execute tasks in parallel across multiple agents - /Users/seancorkum/projects/devops-mcp/test/e2e/scenarios/multi_agent_test.go:258 @ 07/05/25 19:04:58.055&#xA;[FAILED] Failure recorded during attempt 1:&#xA;Unexpected error:&#xA;    &lt;*fmt.wrapError | 0xc00031a0e0&gt;: &#xA;    failed to connect: failed to WebSocket dial: expected handshake response status code 101 but got 426&#xA;    {&#xA;        msg: &#34;failed to connect: failed to WebSocket dial: expected handshake response status code 101 but got 426&#34;,&#xA;        err: &lt;*fmt.wrapError | 0xc00031a0a0&gt;{&#xA;            msg: &#34;failed to WebSocket dial: expected handshake response status code 101 but got 426&#34;,&#xA;            err: &lt;*errors.errorString | 0xc000334000&gt;{&#xA;                s: &#34;expected handshake response status code 101 but got 426&#34;,&#xA;            },&#xA;        },&#xA;    }&#xA;occurred&#xA;In [It] at: /Users/seancorkum/projects/devops-mcp/test/e2e/scenarios/multi_agent_test.go:284 @ 07/05/25 19:04:58.098&#xA;&lt; Exit [It] should execute tasks in parallel across multiple agents - /Users/seancorkum/projects/devops-mcp/test/e2e/scenarios/multi_agent_test.go:258 @ 07/05/25 19:04:58.098 (43ms)&#xA;&gt; Enter [AfterEach] Multi-Agent Collaboration E2E Tests - /Users/seancorkum/projects/devops-mcp/test/e2e/scenarios/multi_agent_test.go:38 @ 07/05/25 19:04:58.098&#xA;&lt; Exit [AfterEach] Multi-Agent Collaboration E2E Tests - /Users/seancorkum/projects/devops-mcp/test/e2e/scenarios/multi_agent_test.go:38 @ 07/05/25 19:04:58.1 (2ms)&#xA;&#xA;Attempt #1 Failed.  Retrying ↺ @ 07/05/25 19:04:58.1&#xA;&#xA;&gt; Enter [BeforeEach] Multi-Agent Collaboration E2E Tests - /Users/seancorkum/projects/devops-mcp/test/e2e/scenarios/multi_agent_test.go:28 @ 07/05/25 19:04:58.1&#xA;&lt; Exit [BeforeEach] Multi-Agent Collaboration E2E Tests - /Users/seancorkum/projects/devops-mcp/test/e2e/scenarios/multi_agent_test.go:28 @ 07/05/25 19:04:58.103 (3ms)&#xA;&gt; Enter [It] should execute tasks in parallel across multiple agents - /Users/seancorkum/projects/devops-mcp/test/e2e/scenarios/multi_agent_test.go:258 @ 07/05/25 19:04:58.103&#xA;[FAILED] Unexpected error:&#xA;    &lt;*fmt.wrapError | 0xc00031a0e0&gt;: &#xA;    failed to connect: failed to WebSocket dial: expected handshake response status code 101 but got 426&#xA;    {&#xA;        msg: &#34;failed to connect: failed to WebSocket dial: expected handshake response status code 101 but got 426&#34;,&#xA;        err: &lt;*fmt.wrapError | 0xc00031a0a0&gt;{&#xA;            msg: &#34;failed to WebSocket dial: expected handshake response status code 101 but got 426&#34;,&#xA;            err: &lt;*errors.errorString | 0xc0001b0000&gt;{&#xA;                s: &#34;expected handshake response status code 101 but got 426&#34;,&#xA;            },&#xA;        },&#xA;    }&#xA;occurred&#xA;In [It] at: /Users/seancorkum/projects/devops-mcp/test/e2e/scenarios/multi_agent_test.go:284 @ 07/05/25 19:04:58.155&#xA;&lt; Exit [It] should execute tasks in parallel across multiple agents - /Users/seancorkum/projects/devops-mcp/test/e2e/scenarios/multi_agent_test.go:258 @ 07/05/25 19:04:58.155 (52ms)&#xA;&gt; Enter [AfterEach] Multi-Agent Collaboration E2E Tests - /Users/seancorkum/projects/devops-mcp/test/e2e/scenarios/multi_agent_test.go:38 @ 07/05/25 19:04:58.155&#xA;&lt; Exit [AfterEach] Multi-Agent Collaboration E2E Tests - /Users/seancorkum/projects/devops-mcp/test/e2e/scenarios/multi_agent_test.go:38 @ 07/05/25 19:04:58.158 (2ms)&#xA;</system-err>
          </testcase>
          <testcase name="[It] Multi-Agent Collaboration E2E Tests MapReduce Pattern should execute MapReduce workflow across agents" classname="Multi-Agent Collaboration E2E Test Suite" status="failed" time="0.102167283">
              <failure message="Unexpected error:&#xA;    &lt;*fmt.wrapError | 0xc00031a0a0&gt;: &#xA;    failed to connect: failed to WebSocket dial: expected handshake response status code 101 but got 429&#xA;    {&#xA;        msg: &#34;failed to connect: failed to WebSocket dial: expected handshake response status code 101 but got 429&#34;,&#xA;        err: &lt;*fmt.wrapError | 0xc00031a080&gt;{&#xA;            msg: &#34;failed to WebSocket dial: expected handshake response status code 101 but got 429&#34;,&#xA;            err: &lt;*errors.errorString | 0xc0001b0010&gt;{&#xA;                s: &#34;expected handshake response status code 101 but got 429&#34;,&#xA;            },&#xA;        },&#xA;    }&#xA;occurred" type="failed">[FAILED] Unexpected error:&#xA;    &lt;*fmt.wrapError | 0xc00031a0a0&gt;: &#xA;    failed to connect: failed to WebSocket dial: expected handshake response status code 101 but got 429&#xA;    {&#xA;        msg: &#34;failed to connect: failed to WebSocket dial: expected handshake response status code 101 but got 429&#34;,&#xA;        err: &lt;*fmt.wrapError | 0xc00031a080&gt;{&#xA;            msg: &#34;failed to WebSocket dial: expected handshake response status code 101 but got 429&#34;,&#xA;            err: &lt;*errors.errorString | 0xc0001b0010&gt;{&#xA;                s: &#34;expected handshake response status code 101 but got 429&#34;,&#xA;            },&#xA;        },&#xA;    }&#xA;occurred&#xA;In [It] at: /Users/seancorkum/projects/devops-mcp/test/e2e/scenarios/multi_agent_test.go:482 @ 07/05/25 19:04:58.259&#xA;&#xA;There were additional failures detected after the initial failure. These are visible in the timeline&#xA;</failure>
              <system-err>&gt; Enter [BeforeEach] Multi-Agent Collaboration E2E Tests - /Users/seancorkum/projects/devops-mcp/test/e2e/scenarios/multi_agent_test.go:28 @ 07/05/25 19:04:58.159&#xA;&lt; Exit [BeforeEach] Multi-Agent Collaboration E2E Tests - /Users/seancorkum/projects/devops-mcp/test/e2e/scenarios/multi_agent_test.go:28 @ 07/05/25 19:04:58.163 (4ms)&#xA;&gt; Enter [It] should execute MapReduce workflow across agents - /Users/seancorkum/projects/devops-mcp/test/e2e/scenarios/multi_agent_test.go:456 @ 07/05/25 19:04:58.163&#xA;[FAILED] Failure recorded during attempt 1:&#xA;Unexpected error:&#xA;    &lt;*fmt.wrapError | 0xc00031a0a0&gt;: &#xA;    failed to connect: failed to WebSocket dial: expected handshake response status code 101 but got 426&#xA;    {&#xA;        msg: &#34;failed to connect: failed to WebSocket dial: expected handshake response status code 101 but got 426&#34;,&#xA;        err: &lt;*fmt.wrapError | 0xc00031a080&gt;{&#xA;            msg: &#34;failed to WebSocket dial: expected handshake response status code 101 but got 426&#34;,&#xA;            err: &lt;*errors.errorString | 0xc0002d0030&gt;{&#xA;                s: &#34;expected handshake response status code 101 but got 426&#34;,&#xA;            },&#xA;        },&#xA;    }&#xA;occurred&#xA;In [It] at: /Users/seancorkum/projects/devops-mcp/test/e2e/scenarios/multi_agent_test.go:482 @ 07/05/25 19:04:58.207&#xA;&lt; Exit [It] should execute MapReduce workflow across agents - /Users/seancorkum/projects/devops-mcp/test/e2e/scenarios/multi_agent_test.go:456 @ 07/05/25 19:04:58.207 (44ms)&#xA;&gt; Enter [AfterEach] Multi-Agent Collaboration E2E Tests - /Users/seancorkum/projects/devops-mcp/test/e2e/scenarios/multi_agent_test.go:38 @ 07/05/25 19:04:58.208&#xA;&lt; Exit [AfterEach] Multi-Agent Collaboration E2E Tests - /Users/seancorkum/projects/devops-mcp/test/e2e/scenarios/multi_agent_test.go:38 @ 07/05/25 19:04:58.21 (2ms)&#xA;&#xA;Attempt #1 Failed.  Retrying ↺ @ 07/05/25 19:04:58.21&#xA;&#xA;&gt; Enter [BeforeEach] Multi-Agent Collaboration E2E Tests - /Users/seancorkum/projects/devops-mcp/test/e2e/scenarios/multi_agent_test.go:28 @ 07/05/25 19:04:58.21&#xA;&lt; Exit [BeforeEach] Multi-Agent Collaboration E2E Tests - /Users/seancorkum/projects/devops-mcp/test/e2e/scenarios/multi_agent_test.go:28 @ 07/05/25 19:04:58.213 (3ms)&#xA;&gt; Enter [It] should execute MapReduce workflow across agents - /Users/seancorkum/projects/devops-mcp/test/e2e/scenarios/multi_agent_test.go:456 @ 07/05/25 19:04:58.213&#xA;[FAILED] Unexpected error:&#xA;    &lt;*fmt.wrapError | 0xc00031a0a0&gt;: &#xA;    failed to connect: failed to WebSocket dial: expected handshake response status code 101 but got 429&#xA;    {&#xA;        msg: &#34;failed to connect: failed to WebSocket dial: expected handshake response status code 101 but got 429&#34;,&#xA;        err: &lt;*fmt.wrapError | 0xc00031a080&gt;{&#xA;            msg: &#34;failed to WebSocket dial: expected handshake response status code 101 but got 429&#34;,&#xA;            err: &lt;*errors.errorString | 0xc0001b0010&gt;{&#xA;                s: &#34;expected handshake response status code 101 but got 429&#34;,&#xA;            },&#xA;        },&#xA;    }&#xA;occurred&#xA;In [It] at: /Users/seancorkum/projects/devops-mcp/test/e2e/scenarios/multi_agent_test.go:482 @ 07/05/25 19:04:58.259&#xA;&lt; Exit [It] should execute MapReduce workflow across agents - /Users/seancorkum/projects/devops-mcp/test/e2e/scenarios/multi_agent_test.go:456 @ 07/05/25 19:04:58.259 (46ms)&#xA;&gt; Enter [AfterEach] Multi-Agent Collaboration E2E Tests - /Users/seancorkum/projects/devops-mcp/test/e2e/scenarios/multi_agent_test.go:38 @ 07/05/25 19:04:58.259&#xA;&lt; Exit [AfterEach] Multi-Agent Collaboration E2E Tests - /Users/seancorkum/projects/devops-mcp/test/e2e/scenarios/multi_agent_test.go:38 @ 07/05/25 19:04:58.261 (2ms)&#xA;</system-err>
          </testcase>
          <testcase name="[It] Single Agent E2E Tests Basic Agent Lifecycle should complete full agent lifecycle" classname="Multi-Agent Collaboration E2E Test Suite" status="failed" time="0.154040198">
              <failure message="Unexpected error:&#xA;    &lt;*fmt.wrapError | 0xc00029e0c0&gt;: &#xA;    failed to connect: failed to WebSocket dial: expected handshake response status code 101 but got 429&#xA;    {&#xA;        msg: &#34;failed to connect: failed to WebSocket dial: expected handshake response status code 101 but got 429&#34;,&#xA;        err: &lt;*fmt.wrapError | 0xc00029e0a0&gt;{&#xA;            msg: &#34;failed to WebSocket dial: expected handshake response status code 101 but got 429&#34;,&#xA;            err: &lt;*errors.errorString | 0xc000178000&gt;{&#xA;                s: &#34;expected handshake response status code 101 but got 429&#34;,&#xA;            },&#xA;        },&#xA;    }&#xA;occurred" type="failed">[FAILED] Unexpected error:&#xA;    &lt;*fmt.wrapError | 0xc00029e0c0&gt;: &#xA;    failed to connect: failed to WebSocket dial: expected handshake response status code 101 but got 429&#xA;    {&#xA;        msg: &#34;failed to connect: failed to WebSocket dial: expected handshake response status code 101 but got 429&#34;,&#xA;        err: &lt;*fmt.wrapError | 0xc00029e0a0&gt;{&#xA;            msg: &#34;failed to WebSocket dial: expected handshake response status code 101 but got 429&#34;,&#xA;            err: &lt;*errors.errorString | 0xc000178000&gt;{&#xA;                s: &#34;expected handshake response status code 101 but got 429&#34;,&#xA;            },&#xA;        },&#xA;    }&#xA;occurred&#xA;In [It] at: /Users/seancorkum/projects/devops-mcp/test/e2e/scenarios/single_agent_test.go:73 @ 07/05/25 19:04:58.353&#xA;&#xA;There were additional failures detected after the initial failure. These are visible in the timeline&#xA;</failure>
              <system-out>[19:04:58] [INFO] single-agent: Connecting agent 3baffa62-9e5d-4488-9233-9731b6fb190b&#xA;[19:04:58] [INFO] single-agent: Connecting agent 7de658b0-5178-45c5-9504-74a6ac3deb7a&#xA;</system-out>
              <system-err>&gt; Enter [BeforeEach] Single Agent E2E Tests - /Users/seancorkum/projects/devops-mcp/test/e2e/scenarios/single_agent_test.go:30 @ 07/05/25 19:04:58.262&#xA;&lt; Exit [BeforeEach] Single Agent E2E Tests - /Users/seancorkum/projects/devops-mcp/test/e2e/scenarios/single_agent_test.go:30 @ 07/05/25 19:04:58.264 (3ms)&#xA;&gt; Enter [It] should complete full agent lifecycle - /Users/seancorkum/projects/devops-mcp/test/e2e/scenarios/single_agent_test.go:47 @ 07/05/25 19:04:58.265&#xA;[FAILED] Failure recorded during attempt 1:&#xA;Unexpected error:&#xA;    &lt;*fmt.wrapError | 0xc00031a140&gt;: &#xA;    failed to connect: failed to WebSocket dial: expected handshake response status code 101 but got 429&#xA;    {&#xA;        msg: &#34;failed to connect: failed to WebSocket dial: expected handshake response status code 101 but got 429&#34;,&#xA;        err: &lt;*fmt.wrapError | 0xc00031a100&gt;{&#xA;            msg: &#34;failed to WebSocket dial: expected handshake response status code 101 but got 429&#34;,&#xA;            err: &lt;*errors.errorString | 0xc0001fa000&gt;{&#xA;                s: &#34;expected handshake response status code 101 but got 429&#34;,&#xA;            },&#xA;        },&#xA;    }&#xA;occurred&#xA;In [It] at: /Users/seancorkum/projects/devops-mcp/test/e2e/scenarios/single_agent_test.go:73 @ 07/05/25 19:04:58.306&#xA;&lt; Exit [It] should complete full agent lifecycle - /Users/seancorkum/projects/devops-mcp/test/e2e/scenarios/single_agent_test.go:47 @ 07/05/25 19:04:58.306 (41ms)&#xA;&gt; Enter [AfterEach] Single Agent E2E Tests - /Users/seancorkum/projects/devops-mcp/test/e2e/scenarios/single_agent_test.go:40 @ 07/05/25 19:04:58.306&#xA;&lt; Exit [AfterEach] Single Agent E2E Tests - /Users/seancorkum/projects/devops-mcp/test/e2e/scenarios/single_agent_test.go:40 @ 07/05/25 19:04:58.308 (2ms)&#xA;&#xA;Attempt #1 Failed.  Retrying ↺ @ 07/05/25 19:04:58.308&#xA;&#xA;&gt; Enter [BeforeEach] Single Agent E2E Tests - /Users/seancorkum/projects/devops-mcp/test/e2e/scenarios/single_agent_test.go:30 @ 07/05/25 19:04:58.308&#xA;&lt; Exit [BeforeEach] Single Agent E2E Tests - /Users/seancorkum/projects/devops-mcp/test/e2e/scenarios/single_agent_test.go:30 @ 07/05/25 19:04:58.311 (3ms)&#xA;&gt; Enter [It] should complete full agent lifecycle - /Users/seancorkum/projects/devops-mcp/test/e2e/scenarios/single_agent_test.go:47 @ 07/05/25 19:04:58.311&#xA;[FAILED] Unexpected error:&#xA;    &lt;*fmt.wrapError | 0xc00029e0c0&gt;: &#xA;    failed to connect: failed to WebSocket dial: expected handshake response status code 101 but got 429&#xA;    {&#xA;        msg: &#34;failed to connect: failed to WebSocket dial: expected handshake response status code 101 but got 429&#34;,&#xA;        err: &lt;*fmt.wrapError | 0xc00029e0a0&gt;{&#xA;            msg: &#34;failed to WebSocket dial: expected handshake response status code 101 but got 429&#34;,&#xA;            err: &lt;*errors.errorString | 0xc000178000&gt;{&#xA;                s: &#34;expected handshake response status code 101 but got 429&#34;,&#xA;            },&#xA;        },&#xA;    }&#xA;occurred&#xA;In [It] at: /Users/seancorkum/projects/devops-mcp/test/e2e/scenarios/single_agent_test.go:73 @ 07/05/25 19:04:58.353&#xA;&lt; Exit [It] should complete full agent lifecycle - /Users/seancorkum/projects/devops-mcp/test/e2e/scenarios/single_agent_test.go:47 @ 07/05/25 19:04:58.353 (42ms)&#xA;&gt; Enter [AfterEach] Single Agent E2E Tests - /Users/seancorkum/projects/devops-mcp/test/e2e/scenarios/single_agent_test.go:40 @ 07/05/25 19:04:58.353&#xA;&lt; Exit [AfterEach] Single Agent E2E Tests - /Users/seancorkum/projects/devops-mcp/test/e2e/scenarios/single_agent_test.go:40 @ 07/05/25 19:04:58.416 (62ms)&#xA;</system-err>
          </testcase>
          <testcase name="[It] Single Agent E2E Tests Context Management should create and retrieve context" classname="Multi-Agent Collaboration E2E Test Suite" status="failed" time="0.091875303">
              <failure message="Unexpected error:&#xA;    &lt;*fmt.wrapError | 0xc00031a100&gt;: &#xA;    failed to connect: failed to WebSocket dial: expected handshake response status code 101 but got 429&#xA;    {&#xA;        msg: &#34;failed to connect: failed to WebSocket dial: expected handshake response status code 101 but got 429&#34;,&#xA;        err: &lt;*fmt.wrapError | 0xc00031a0e0&gt;{&#xA;            msg: &#34;failed to WebSocket dial: expected handshake response status code 101 but got 429&#34;,&#xA;            err: &lt;*errors.errorString | 0xc000036020&gt;{&#xA;                s: &#34;expected handshake response status code 101 but got 429&#34;,&#xA;            },&#xA;        },&#xA;    }&#xA;occurred" type="failed">[FAILED] Unexpected error:&#xA;    &lt;*fmt.wrapError | 0xc00031a100&gt;: &#xA;    failed to connect: failed to WebSocket dial: expected handshake response status code 101 but got 429&#xA;    {&#xA;        msg: &#34;failed to connect: failed to WebSocket dial: expected handshake response status code 101 but got 429&#34;,&#xA;        err: &lt;*fmt.wrapError | 0xc00031a0e0&gt;{&#xA;            msg: &#34;failed to WebSocket dial: expected handshake response status code 101 but got 429&#34;,&#xA;            err: &lt;*errors.errorString | 0xc000036020&gt;{&#xA;                s: &#34;expected handshake response status code 101 but got 429&#34;,&#xA;            },&#xA;        },&#xA;    }&#xA;occurred&#xA;In [It] at: /Users/seancorkum/projects/devops-mcp/test/e2e/scenarios/single_agent_test.go:285 @ 07/05/25 19:04:58.506&#xA;&#xA;There were additional failures detected after the initial failure. These are visible in the timeline&#xA;</failure>
              <system-err>&gt; Enter [BeforeEach] Single Agent E2E Tests - /Users/seancorkum/projects/devops-mcp/test/e2e/scenarios/single_agent_test.go:30 @ 07/05/25 19:04:58.417&#xA;&lt; Exit [BeforeEach] Single Agent E2E Tests - /Users/seancorkum/projects/devops-mcp/test/e2e/scenarios/single_agent_test.go:30 @ 07/05/25 19:04:58.42 (3ms)&#xA;&gt; Enter [It] should create and retrieve context - /Users/seancorkum/projects/devops-mcp/test/e2e/scenarios/single_agent_test.go:265 @ 07/05/25 19:04:58.42&#xA;[FAILED] Failure recorded during attempt 1:&#xA;Unexpected error:&#xA;    &lt;*fmt.wrapError | 0xc00029e0c0&gt;: &#xA;    failed to connect: failed to WebSocket dial: expected handshake response status code 101 but got 429&#xA;    {&#xA;        msg: &#34;failed to connect: failed to WebSocket dial: expected handshake response status code 101 but got 429&#34;,&#xA;        err: &lt;*fmt.wrapError | 0xc00029e0a0&gt;{&#xA;            msg: &#34;failed to WebSocket dial: expected handshake response status code 101 but got 429&#34;,&#xA;            err: &lt;*errors.errorString | 0xc0004b4000&gt;{&#xA;                s: &#34;expected handshake response status code 101 but got 429&#34;,&#xA;            },&#xA;        },&#xA;    }&#xA;occurred&#xA;In [It] at: /Users/seancorkum/projects/devops-mcp/test/e2e/scenarios/single_agent_test.go:285 @ 07/05/25 19:04:58.463&#xA;&lt; Exit [It] should create and retrieve context - /Users/seancorkum/projects/devops-mcp/test/e2e/scenarios/single_agent_test.go:265 @ 07/05/25 19:04:58.463 (43ms)&#xA;&gt; Enter [AfterEach] Single Agent E2E Tests - /Users/seancorkum/projects/devops-mcp/test/e2e/scenarios/single_agent_test.go:40 @ 07/05/25 19:04:58.463&#xA;&lt; Exit [AfterEach] Single Agent E2E Tests - /Users/seancorkum/projects/devops-mcp/test/e2e/scenarios/single_agent_test.go:40 @ 07/05/25 19:04:58.465 (2ms)&#xA;&#xA;Attempt #1 Failed.  Retrying ↺ @ 07/05/25 19:04:58.465&#xA;&#xA;&gt; Enter [BeforeEach] Single Agent E2E Tests - /Users/seancorkum/projects/devops-mcp/test/e2e/scenarios/single_agent_test.go:30 @ 07/05/25 19:04:58.465&#xA;&lt; Exit [BeforeEach] Single Agent E2E Tests - /Users/seancorkum/projects/devops-mcp/test/e2e/scenarios/single_agent_test.go:30 @ 07/05/25 19:04:58.468 (3ms)&#xA;&gt; Enter [It] should create and retrieve context - /Users/seancorkum/projects/devops-mcp/test/e2e/scenarios/single_agent_test.go:265 @ 07/05/25 19:04:58.468&#xA;[FAILED] Unexpected error:&#xA;    &lt;*fmt.wrapError | 0xc00031a100&gt;: &#xA;    failed to connect: failed to WebSocket dial: expected handshake response status code 101 but got 429&#xA;    {&#xA;        msg: &#34;failed to connect: failed to WebSocket dial: expected handshake response status code 101 but got 429&#34;,&#xA;        err: &lt;*fmt.wrapError | 0xc00031a0e0&gt;{&#xA;            msg: &#34;failed to WebSocket dial: expected handshake response status code 101 but got 429&#34;,&#xA;            err: &lt;*errors.errorString | 0xc000036020&gt;{&#xA;                s: &#34;expected handshake response status code 101 but got 429&#34;,&#xA;            },&#xA;        },&#xA;    }&#xA;occurred&#xA;In [It] at: /Users/seancorkum/projects/devops-mcp/test/e2e/scenarios/single_agent_test.go:285 @ 07/05/25 19:04:58.506&#xA;&lt; Exit [It] should create and retrieve context - /Users/seancorkum/projects/devops-mcp/test/e2e/scenarios/single_agent_test.go:265 @ 07/05/25 19:04:58.506 (38ms)&#xA;&gt; Enter [AfterEach] Single Agent E2E Tests - /Users/seancorkum/projects/devops-mcp/test/e2e/scenarios/single_agent_test.go:40 @ 07/05/25 19:04:58.507&#xA;&lt; Exit [AfterEach] Single Agent E2E Tests - /Users/seancorkum/projects/devops-mcp/test/e2e/scenarios/single_agent_test.go:40 @ 07/05/25 19:04:58.509 (2ms)&#xA;</system-err>
          </testcase>
          <testcase name="[It] Performance and Stress E2E Tests Message Throughput Tests should handle large message payloads" classname="Multi-Agent Collaboration E2E Test Suite" status="failed" time="0.432610404">
              <failure message="Unexpected error:&#xA;    &lt;*fmt.wrapError | 0xc0000b80a0&gt;: &#xA;    failed to connect: failed to WebSocket dial: expected handshake response status code 101 but got 426&#xA;    {&#xA;        msg: &#34;failed to connect: failed to WebSocket dial: expected handshake response status code 101 but got 426&#34;,&#xA;        err: &lt;*fmt.wrapError | 0xc0000b8080&gt;{&#xA;            msg: &#34;failed to WebSocket dial: expected handshake response status code 101 but got 426&#34;,&#xA;            err: &lt;*errors.errorString | 0xc0000ae020&gt;{&#xA;                s: &#34;expected handshake response status code 101 but got 426&#34;,&#xA;            },&#xA;        },&#xA;    }&#xA;occurred" type="failed">[FAILED] Unexpected error:&#xA;    &lt;*fmt.wrapError | 0xc0000b80a0&gt;: &#xA;    failed to connect: failed to WebSocket dial: expected handshake response status code 101 but got 426&#xA;    {&#xA;        msg: &#34;failed to connect: failed to WebSocket dial: expected handshake response status code 101 but got 426&#34;,&#xA;        err: &lt;*fmt.wrapError | 0xc0000b8080&gt;{&#xA;            msg: &#34;failed to WebSocket dial: expected handshake response status code 101 but got 426&#34;,&#xA;            err: &lt;*errors.errorString | 0xc0000ae020&gt;{&#xA;                s: &#34;expected handshake response status code 101 but got 426&#34;,&#xA;            },&#xA;        },&#xA;    }&#xA;occurred&#xA;In [It] at: /Users/seancorkum/projects/devops-mcp/test/e2e/scenarios/performance_test.go:428 @ 07/05/25 19:04:58.039&#xA;&#xA;There were additional failures detected after the initial failure. These are visible in the timeline&#xA;</failure>
              <system-err>&gt; Enter [BeforeEach] Performance and Stress E2E Tests - /Users/seancorkum/projects/devops-mcp/test/e2e/scenarios/performance_test.go:31 @ 07/05/25 19:04:57.609&#xA;&lt; Exit [BeforeEach] Performance and Stress E2E Tests - /Users/seancorkum/projects/devops-mcp/test/e2e/scenarios/performance_test.go:31 @ 07/05/25 19:04:57.609 (0s)&#xA;&gt; Enter [It] should handle large message payloads - /Users/seancorkum/projects/devops-mcp/test/e2e/scenarios/performance_test.go:407 @ 07/05/25 19:04:57.609&#xA;[FAILED] Failure recorded during attempt 1:&#xA;Unexpected error:&#xA;    &lt;*fmt.wrapError | 0xc00007f760&gt;: &#xA;    failed to connect: failed to WebSocket dial: expected handshake response status code 101 but got 426&#xA;    {&#xA;        msg: &#34;failed to connect: failed to WebSocket dial: expected handshake response status code 101 but got 426&#34;,&#xA;        err: &lt;*fmt.wrapError | 0xc00007f740&gt;{&#xA;            msg: &#34;failed to WebSocket dial: expected handshake response status code 101 but got 426&#34;,&#xA;            err: &lt;*errors.errorString | 0xc0002021c0&gt;{&#xA;                s: &#34;expected handshake response status code 101 but got 426&#34;,&#xA;            },&#xA;        },&#xA;    }&#xA;occurred&#xA;In [It] at: /Users/seancorkum/projects/devops-mcp/test/e2e/scenarios/performance_test.go:428 @ 07/05/25 19:04:57.989&#xA;&lt; Exit [It] should handle large message payloads - /Users/seancorkum/projects/devops-mcp/test/e2e/scenarios/performance_test.go:407 @ 07/05/25 19:04:57.989 (380ms)&#xA;&gt; Enter [AfterEach] Performance and Stress E2E Tests - /Users/seancorkum/projects/devops-mcp/test/e2e/scenarios/performance_test.go:41 @ 07/05/25 19:04:57.99&#xA;&lt; Exit [AfterEach] Performance and Stress E2E Tests - /Users/seancorkum/projects/devops-mcp/test/e2e/scenarios/performance_test.go:41 @ 07/05/25 19:04:57.992 (2ms)&#xA;&#xA;Attempt #1 Failed.  Retrying ↺ @ 07/05/25 19:04:57.992&#xA;&#xA;&gt; Enter [BeforeEach] Performance and Stress E2E Tests - /Users/seancorkum/projects/devops-mcp/test/e2e/scenarios/performance_test.go:31 @ 07/05/25 19:04:57.992&#xA;&lt; Exit [BeforeEach] Performance and Stress E2E Tests - /Users/seancorkum/projects/devops-mcp/test/e2e/scenarios/performance_test.go:31 @ 07/05/25 19:04:57.992 (0s)&#xA;&gt; Enter [It] should handle large message payloads - /Users/seancorkum/projects/devops-mcp/test/e2e/scenarios/performance_test.go:407 @ 07/05/25 19:04:57.992&#xA;[FAILED] Unexpected error:&#xA;    &lt;*fmt.wrapError | 0xc0000b80a0&gt;: &#xA;    failed to connect: failed to WebSocket dial: expected handshake response status code 101 but got 426&#xA;    {&#xA;        msg: &#34;failed to connect: failed to WebSocket dial: expected handshake response status code 101 but got 426&#34;,&#xA;        err: &lt;*fmt.wrapError | 0xc0000b8080&gt;{&#xA;            msg: &#34;failed to WebSocket dial: expected handshake response status code 101 but got 426&#34;,&#xA;            err: &lt;*errors.errorString | 0xc0000ae020&gt;{&#xA;                s: &#34;expected handshake response status code 101 but got 426&#34;,&#xA;            },&#xA;        },&#xA;    }&#xA;occurred&#xA;In [It] at: /Users/seancorkum/projects/devops-mcp/test/e2e/scenarios/performance_test.go:428 @ 07/05/25 19:04:58.039&#xA;&lt; Exit [It] should handle large message payloads - /Users/seancorkum/projects/devops-mcp/test/e2e/scenarios/performance_test.go:407 @ 07/05/25 19:04:58.039 (46ms)&#xA;&gt; Enter [AfterEach] Performance and Stress E2E Tests - /Users/seancorkum/projects/devops-mcp/test/e2e/scenarios/performance_test.go:41 @ 07/05/25 19:04:58.039&#xA;&lt; Exit [AfterEach] Performance and Stress E2E Tests - /Users/seancorkum/projects/devops-mcp/test/e2e/scenarios/performance_test.go:41 @ 07/05/25 19:04:58.041 (2ms)&#xA;</system-err>
          </testcase>
          <testcase name="[It] Multi-Agent Collaboration E2E Tests Code Review Workflow should coordinate code review between multiple agents" classname="Multi-Agent Collaboration E2E Test Suite" status="failed" time="0.115918395">
              <failure message="Unexpected error:&#xA;    &lt;*fmt.wrapError | 0xc00007e440&gt;: &#xA;    failed to connect: failed to WebSocket dial: expected handshake response status code 101 but got 426&#xA;    {&#xA;        msg: &#34;failed to connect: failed to WebSocket dial: expected handshake response status code 101 but got 426&#34;,&#xA;        err: &lt;*fmt.wrapError | 0xc00007e420&gt;{&#xA;            msg: &#34;failed to WebSocket dial: expected handshake response status code 101 but got 426&#34;,&#xA;            err: &lt;*errors.errorString | 0xc0000f7f70&gt;{&#xA;                s: &#34;expected handshake response status code 101 but got 426&#34;,&#xA;            },&#xA;        },&#xA;    }&#xA;occurred" type="failed">[FAILED] Unexpected error:&#xA;    &lt;*fmt.wrapError | 0xc00007e440&gt;: &#xA;    failed to connect: failed to WebSocket dial: expected handshake response status code 101 but got 426&#xA;    {&#xA;        msg: &#34;failed to connect: failed to WebSocket dial: expected handshake response status code 101 but got 426&#34;,&#xA;        err: &lt;*fmt.wrapError | 0xc00007e420&gt;{&#xA;            msg: &#34;failed to WebSocket dial: expected handshake response status code 101 but got 426&#34;,&#xA;            err: &lt;*errors.errorString | 0xc0000f7f70&gt;{&#xA;                s: &#34;expected handshake response status code 101 but got 426&#34;,&#xA;            },&#xA;        },&#xA;    }&#xA;occurred&#xA;In [It] at: /Users/seancorkum/projects/devops-mcp/test/e2e/scenarios/multi_agent_test.go:149 @ 07/05/25 19:04:58.155&#xA;&#xA;There were additional failures detected after the initial failure. These are visible in the timeline&#xA;</failure>
              <system-err>&gt; Enter [BeforeEach] Multi-Agent Collaboration E2E Tests - /Users/seancorkum/projects/devops-mcp/test/e2e/scenarios/multi_agent_test.go:28 @ 07/05/25 19:04:58.042&#xA;&lt; Exit [BeforeEach] Multi-Agent Collaboration E2E Tests - /Users/seancorkum/projects/devops-mcp/test/e2e/scenarios/multi_agent_test.go:28 @ 07/05/25 19:04:58.046 (4ms)&#xA;&gt; Enter [It] should coordinate code review between multiple agents - /Users/seancorkum/projects/devops-mcp/test/e2e/scenarios/multi_agent_test.go:128 @ 07/05/25 19:04:58.046&#xA;[FAILED] Failure recorded during attempt 1:&#xA;Unexpected error:&#xA;    &lt;*fmt.wrapError | 0xc00029e080&gt;: &#xA;    failed to connect: failed to WebSocket dial: expected handshake response status code 101 but got 426&#xA;    {&#xA;        msg: &#34;failed to connect: failed to WebSocket dial: expected handshake response status code 101 but got 426&#34;,&#xA;        err: &lt;*fmt.wrapError | 0xc00029e060&gt;{&#xA;            msg: &#34;failed to WebSocket dial: expected handshake response status code 101 but got 426&#34;,&#xA;            err: &lt;*errors.errorString | 0xc000202000&gt;{&#xA;                s: &#34;expected handshake response status code 101 but got 426&#34;,&#xA;            },&#xA;        },&#xA;    }&#xA;occurred&#xA;In [It] at: /Users/seancorkum/projects/devops-mcp/test/e2e/scenarios/multi_agent_test.go:149 @ 07/05/25 19:04:58.095&#xA;&lt; Exit [It] should coordinate code review between multiple agents - /Users/seancorkum/projects/devops-mcp/test/e2e/scenarios/multi_agent_test.go:128 @ 07/05/25 19:04:58.095 (49ms)&#xA;&gt; Enter [AfterEach] Multi-Agent Collaboration E2E Tests - /Users/seancorkum/projects/devops-mcp/test/e2e/scenarios/multi_agent_test.go:38 @ 07/05/25 19:04:58.095&#xA;&lt; Exit [AfterEach] Multi-Agent Collaboration E2E Tests - /Users/seancorkum/projects/devops-mcp/test/e2e/scenarios/multi_agent_test.go:38 @ 07/05/25 19:04:58.097 (2ms)&#xA;&#xA;Attempt #1 Failed.  Retrying ↺ @ 07/05/25 19:04:58.097&#xA;&#xA;&gt; Enter [BeforeEach] Multi-Agent Collaboration E2E Tests - /Users/seancorkum/projects/devops-mcp/test/e2e/scenarios/multi_agent_test.go:28 @ 07/05/25 19:04:58.097&#xA;&lt; Exit [BeforeEach] Multi-Agent Collaboration E2E Tests - /Users/seancorkum/projects/devops-mcp/test/e2e/scenarios/multi_agent_test.go:28 @ 07/05/25 19:04:58.1 (3ms)&#xA;&gt; Enter [It] should coordinate code review between multiple agents - /Users/seancorkum/projects/devops-mcp/test/e2e/scenarios/multi_agent_test.go:128 @ 07/05/25 19:04:58.1&#xA;[FAILED] Unexpected error:&#xA;    &lt;*fmt.wrapError | 0xc00007e440&gt;: &#xA;    failed to connect: failed to WebSocket dial: expected handshake response status code 101 but got 426&#xA;    {&#xA;        msg: &#34;failed to connect: failed to WebSocket dial: expected handshake response status code 101 but got 426&#34;,&#xA;        err: &lt;*fmt.wrapError | 0xc00007e420&gt;{&#xA;            msg: &#34;failed to WebSocket dial: expected handshake response status code 101 but got 426&#34;,&#xA;            err: &lt;*errors.errorString | 0xc0000f7f70&gt;{&#xA;                s: &#34;expected handshake response status code 101 but got 426&#34;,&#xA;            },&#xA;        },&#xA;    }&#xA;occurred&#xA;In [It] at: /Users/seancorkum/projects/devops-mcp/test/e2e/scenarios/multi_agent_test.go:149 @ 07/05/25 19:04:58.155&#xA;&lt; Exit [It] should coordinate code review between multiple agents - /Users/seancorkum/projects/devops-mcp/test/e2e/scenarios/multi_agent_test.go:128 @ 07/05/25 19:04:58.155 (55ms)&#xA;&gt; Enter [AfterEach] Multi-Agent Collaboration E2E Tests - /Users/seancorkum/projects/devops-mcp/test/e2e/scenarios/multi_agent_test.go:38 @ 07/05/25 19:04:58.155&#xA;&lt; Exit [AfterEach] Multi-Agent Collaboration E2E Tests - /Users/seancorkum/projects/devops-mcp/test/e2e/scenarios/multi_agent_test.go:38 @ 07/05/25 19:04:58.158 (2ms)&#xA;</system-err>
          </testcase>
          <testcase name="[It] Multi-Agent Collaboration E2E Tests Consensus Mechanism should reach consensus among multiple agents" classname="Multi-Agent Collaboration E2E Test Suite" status="failed" time="0.111551348">
              <failure message="Unexpected error:&#xA;    &lt;*fmt.wrapError | 0xc00007e280&gt;: &#xA;    failed to connect: failed to WebSocket dial: expected handshake response status code 101 but got 429&#xA;    {&#xA;        msg: &#34;failed to connect: failed to WebSocket dial: expected handshake response status code 101 but got 429&#34;,&#xA;        err: &lt;*fmt.wrapError | 0xc00007e260&gt;{&#xA;            msg: &#34;failed to WebSocket dial: expected handshake response status code 101 but got 429&#34;,&#xA;            err: &lt;*errors.errorString | 0xc00029a010&gt;{&#xA;                s: &#34;expected handshake response status code 101 but got 429&#34;,&#xA;            },&#xA;        },&#xA;    }&#xA;occurred" type="failed">[FAILED] Unexpected error:&#xA;    &lt;*fmt.wrapError | 0xc00007e280&gt;: &#xA;    failed to connect: failed to WebSocket dial: expected handshake response status code 101 but got 429&#xA;    {&#xA;        msg: &#34;failed to connect: failed to WebSocket dial: expected handshake response status code 101 but got 429&#34;,&#xA;        err: &lt;*fmt.wrapError | 0xc00007e260&gt;{&#xA;            msg: &#34;failed to WebSocket dial: expected handshake response status code 101 but got 429&#34;,&#xA;            err: &lt;*errors.errorString | 0xc00029a010&gt;{&#xA;                s: &#34;expected handshake response status code 101 but got 429&#34;,&#xA;            },&#xA;        },&#xA;    }&#xA;occurred&#xA;In [It] at: /Users/seancorkum/projects/devops-mcp/test/e2e/scenarios/multi_agent_test.go:387 @ 07/05/25 19:04:58.268&#xA;&#xA;There were additional failures detected after the initial failure. These are visible in the timeline&#xA;</failure>
              <system-err>&gt; Enter [BeforeEach] Multi-Agent Collaboration E2E Tests - /Users/seancorkum/projects/devops-mcp/test/e2e/scenarios/multi_agent_test.go:28 @ 07/05/25 19:04:58.159&#xA;&lt; Exit [BeforeEach] Multi-Agent Collaboration E2E Tests - /Users/seancorkum/projects/devops-mcp/test/e2e/scenarios/multi_agent_test.go:28 @ 07/05/25 19:04:58.163 (4ms)&#xA;&gt; Enter [It] should reach consensus among multiple agents - /Users/seancorkum/projects/devops-mcp/test/e2e/scenarios/multi_agent_test.go:361 @ 07/05/25 19:04:58.163&#xA;[FAILED] Failure recorded during attempt 1:&#xA;Unexpected error:&#xA;    &lt;*fmt.wrapError | 0xc00007e3e0&gt;: &#xA;    failed to connect: failed to WebSocket dial: expected handshake response status code 101 but got 426&#xA;    {&#xA;        msg: &#34;failed to connect: failed to WebSocket dial: expected handshake response status code 101 but got 426&#34;,&#xA;        err: &lt;*fmt.wrapError | 0xc00007e320&gt;{&#xA;            msg: &#34;failed to WebSocket dial: expected handshake response status code 101 but got 426&#34;,&#xA;            err: &lt;*errors.errorString | 0xc00029b9c0&gt;{&#xA;                s: &#34;expected handshake response status code 101 but got 426&#34;,&#xA;            },&#xA;        },&#xA;    }&#xA;occurred&#xA;In [It] at: /Users/seancorkum/projects/devops-mcp/test/e2e/scenarios/multi_agent_test.go:387 @ 07/05/25 19:04:58.216&#xA;&lt; Exit [It] should reach consensus among multiple agents - /Users/seancorkum/projects/devops-mcp/test/e2e/scenarios/multi_agent_test.go:361 @ 07/05/25 19:04:58.216 (52ms)&#xA;&gt; Enter [AfterEach] Multi-Agent Collaboration E2E Tests - /Users/seancorkum/projects/devops-mcp/test/e2e/scenarios/multi_agent_test.go:38 @ 07/05/25 19:04:58.216&#xA;&lt; Exit [AfterEach] Multi-Agent Collaboration E2E Tests - /Users/seancorkum/projects/devops-mcp/test/e2e/scenarios/multi_agent_test.go:38 @ 07/05/25 19:04:58.218 (2ms)&#xA;&#xA;Attempt #1 Failed.  Retrying ↺ @ 07/05/25 19:04:58.218&#xA;&#xA;&gt; Enter [BeforeEach] Multi-Agent Collaboration E2E Tests - /Users/seancorkum/projects/devops-mcp/test/e2e/scenarios/multi_agent_test.go:28 @ 07/05/25 19:04:58.218&#xA;&lt; Exit [BeforeEach] Multi-Agent Collaboration E2E Tests - /Users/seancorkum/projects/devops-mcp/test/e2e/scenarios/multi_agent_test.go:28 @ 07/05/25 19:04:58.221 (3ms)&#xA;&gt; Enter [It] should reach consensus among multiple agents - /Users/seancorkum/projects/devops-mcp/test/e2e/scenarios/multi_agent_test.go:361 @ 07/05/25 19:04:58.221&#xA;[FAILED] Unexpected error:&#xA;    &lt;*fmt.wrapError | 0xc00007e280&gt;: &#xA;    failed to connect: failed to WebSocket dial: expected handshake response status code 101 but got 429&#xA;    {&#xA;        msg: &#34;failed to connect: failed to WebSocket dial: expected handshake response status code 101 but got 429&#34;,&#xA;        err: &lt;*fmt.wrapError | 0xc00007e260&gt;{&#xA;            msg: &#34;failed to WebSocket dial: expected handshake response status code 101 but got 429&#34;,&#xA;            err: &lt;*errors.errorString | 0xc00029a010&gt;{&#xA;                s: &#34;expected handshake response status code 101 but got 429&#34;,&#xA;            },&#xA;        },&#xA;    }&#xA;occurred&#xA;In [It] at: /Users/seancorkum/projects/devops-mcp/test/e2e/scenarios/multi_agent_test.go:387 @ 07/05/25 19:04:58.268&#xA;&lt; Exit [It] should reach consensus among multiple agents - /Users/seancorkum/projects/devops-mcp/test/e2e/scenarios/multi_agent_test.go:361 @ 07/05/25 19:04:58.268 (47ms)&#xA;&gt; Enter [AfterEach] Multi-Agent Collaboration E2E Tests - /Users/seancorkum/projects/devops-mcp/test/e2e/scenarios/multi_agent_test.go:38 @ 07/05/25 19:04:58.268&#xA;&lt; Exit [AfterEach] Multi-Agent Collaboration E2E Tests - /Users/seancorkum/projects/devops-mcp/test/e2e/scenarios/multi_agent_test.go:38 @ 07/05/25 19:04:58.27 (2ms)&#xA;</system-err>
          </testcase>
          <testcase name="[It] Single Agent E2E Tests Tool Discovery and Execution should discover available tools" classname="Multi-Agent Collaboration E2E Test Suite" status="failed" time="0.146640346">
              <failure message="Unexpected error:&#xA;    &lt;*fmt.wrapError | 0xc0000b80c0&gt;: &#xA;    failed to connect: failed to WebSocket dial: expected handshake response status code 101 but got 429&#xA;    {&#xA;        msg: &#34;failed to connect: failed to WebSocket dial: expected handshake response status code 101 but got 429&#34;,&#xA;        err: &lt;*fmt.wrapError | 0xc0000b80a0&gt;{&#xA;            msg: &#34;failed to WebSocket dial: expected handshake response status code 101 but got 429&#34;,&#xA;            err: &lt;*errors.errorString | 0xc000202000&gt;{&#xA;                s: &#34;expected handshake response status code 101 but got 429&#34;,&#xA;            },&#xA;        },&#xA;    }&#xA;occurred" type="failed">[FAILED] Unexpected error:&#xA;    &lt;*fmt.wrapError | 0xc0000b80c0&gt;: &#xA;    failed to connect: failed to WebSocket dial: expected handshake response status code 101 but got 429&#xA;    {&#xA;        msg: &#34;failed to connect: failed to WebSocket dial: expected handshake response status code 101 but got 429&#34;,&#xA;        err: &lt;*fmt.wrapError | 0xc0000b80a0&gt;{&#xA;            msg: &#34;failed to WebSocket dial: expected handshake response status code 101 but got 429&#34;,&#xA;            err: &lt;*errors.errorString | 0xc000202000&gt;{&#xA;                s: &#34;expected handshake response status code 101 but got 429&#34;,&#xA;            },&#xA;        },&#xA;    }&#xA;occurred&#xA;In [It] at: /Users/seancorkum/projects/devops-mcp/test/e2e/scenarios/single_agent_test.go:183 @ 07/05/25 19:04:58.377&#xA;&#xA;There were additional failures detected after the initial failure. These are visible in the timeline&#xA;</failure>
              <system-err>&gt; Enter [BeforeEach] Single Agent E2E Tests - /Users/seancorkum/projects/devops-mcp/test/e2e/scenarios/single_agent_test.go:30 @ 07/05/25 19:04:58.271&#xA;&lt; Exit [BeforeEach] Single Agent E2E Tests - /Users/seancorkum/projects/devops-mcp/test/e2e/scenarios/single_agent_test.go:30 @ 07/05/25 19:04:58.275 (4ms)&#xA;&gt; Enter [It] should discover available tools - /Users/seancorkum/projects/devops-mcp/test/e2e/scenarios/single_agent_test.go:163 @ 07/05/25 19:04:58.276&#xA;[FAILED] Failure recorded during attempt 1:&#xA;Unexpected error:&#xA;    &lt;*fmt.wrapError | 0xc0000b8020&gt;: &#xA;    failed to connect: failed to WebSocket dial: expected handshake response status code 101 but got 429&#xA;    {&#xA;        msg: &#34;failed to connect: failed to WebSocket dial: expected handshake response status code 101 but got 429&#34;,&#xA;        err: &lt;*fmt.wrapError | 0xc0000b8000&gt;{&#xA;            msg: &#34;failed to WebSocket dial: expected handshake response status code 101 but got 429&#34;,&#xA;            err: &lt;*errors.errorString | 0xc0000ae010&gt;{&#xA;                s: &#34;expected handshake response status code 101 but got 429&#34;,&#xA;            },&#xA;        },&#xA;    }&#xA;occurred&#xA;In [It] at: /Users/seancorkum/projects/devops-mcp/test/e2e/scenarios/single_agent_test.go:183 @ 07/05/25 19:04:58.327&#xA;&lt; Exit [It] should discover available tools - /Users/seancorkum/projects/devops-mcp/test/e2e/scenarios/single_agent_test.go:163 @ 07/05/25 19:04:58.327 (51ms)&#xA;&gt; Enter [AfterEach] Single Agent E2E Tests - /Users/seancorkum/projects/devops-mcp/test/e2e/scenarios/single_agent_test.go:40 @ 07/05/25 19:04:58.327&#xA;&lt; Exit [AfterEach] Single Agent E2E Tests - /Users/seancorkum/projects/devops-mcp/test/e2e/scenarios/single_agent_test.go:40 @ 07/05/25 19:04:58.329 (2ms)&#xA;&#xA;Attempt #1 Failed.  Retrying ↺ @ 07/05/25 19:04:58.329&#xA;&#xA;&gt; Enter [BeforeEach] Single Agent E2E Tests - /Users/seancorkum/projects/devops-mcp/test/e2e/scenarios/single_agent_test.go:30 @ 07/05/25 19:04:58.33&#xA;&lt; Exit [BeforeEach] Single Agent E2E Tests - /Users/seancorkum/projects/devops-mcp/test/e2e/scenarios/single_agent_test.go:30 @ 07/05/25 19:04:58.332 (2ms)&#xA;&gt; Enter [It] should discover available tools - /Users/seancorkum/projects/devops-mcp/test/e2e/scenarios/single_agent_test.go:163 @ 07/05/25 19:04:58.333&#xA;[FAILED] Unexpected error:&#xA;    &lt;*fmt.wrapError | 0xc0000b80c0&gt;: &#xA;    failed to connect: failed to WebSocket dial: expected handshake response status code 101 but got 429&#xA;    {&#xA;        msg: &#34;failed to connect: failed to WebSocket dial: expected handshake response status code 101 but got 429&#34;,&#xA;        err: &lt;*fmt.wrapError | 0xc0000b80a0&gt;{&#xA;            msg: &#34;failed to WebSocket dial: expected handshake response status code 101 but got 429&#34;,&#xA;            err: &lt;*errors.errorString | 0xc000202000&gt;{&#xA;                s: &#34;expected handshake response status code 101 but got 429&#34;,&#xA;            },&#xA;        },&#xA;    }&#xA;occurred&#xA;In [It] at: /Users/seancorkum/projects/devops-mcp/test/e2e/scenarios/single_agent_test.go:183 @ 07/05/25 19:04:58.377&#xA;&lt; Exit [It] should discover available tools - /Users/seancorkum/projects/devops-mcp/test/e2e/scenarios/single_agent_test.go:163 @ 07/05/25 19:04:58.377 (44ms)&#xA;&gt; Enter [AfterEach] Single Agent E2E Tests - /Users/seancorkum/projects/devops-mcp/test/e2e/scenarios/single_agent_test.go:40 @ 07/05/25 19:04:58.377&#xA;&lt; Exit [AfterEach] Single Agent E2E Tests - /Users/seancorkum/projects/devops-mcp/test/e2e/scenarios/single_agent_test.go:40 @ 07/05/25 19:04:58.418 (41ms)&#xA;</system-err>
          </testcase>
          <testcase name="[It] Single Agent E2E Tests Session Management should manage sessions correctly" classname="Multi-Agent Collaboration E2E Test Suite" status="failed" time="0.09556602">
              <failure message="Unexpected error:&#xA;    &lt;*fmt.wrapError | 0xc0000b80e0&gt;: &#xA;    failed to connect: failed to WebSocket dial: expected handshake response status code 101 but got 429&#xA;    {&#xA;        msg: &#34;failed to connect: failed to WebSocket dial: expected handshake response status code 101 but got 429&#34;,&#xA;        err: &lt;*fmt.wrapError | 0xc0000b80c0&gt;{&#xA;            msg: &#34;failed to WebSocket dial: expected handshake response status code 101 but got 429&#34;,&#xA;            err: &lt;*errors.errorString | 0xc00029b7f0&gt;{&#xA;                s: &#34;expected handshake response status code 101 but got 429&#34;,&#xA;            },&#xA;        },&#xA;    }&#xA;occurred" type="failed">[FAILED] Unexpected error:&#xA;    &lt;*fmt.wrapError | 0xc0000b80e0&gt;: &#xA;    failed to connect: failed to WebSocket dial: expected handshake response status code 101 but got 429&#xA;    {&#xA;        msg: &#34;failed to connect: failed to WebSocket dial: expected handshake response status code 101 but got 429&#34;,&#xA;        err: &lt;*fmt.wrapError | 0xc0000b80c0&gt;{&#xA;            msg: &#34;failed to WebSocket dial: expected handshake response status code 101 but got 429&#34;,&#xA;            err: &lt;*errors.errorString | 0xc00029b7f0&gt;{&#xA;                s: &#34;expected handshake response status code 101 but got 429&#34;,&#xA;            },&#xA;        },&#xA;    }&#xA;occurred&#xA;In [It] at: /Users/seancorkum/projects/devops-mcp/test/e2e/scenarios/single_agent_test.go:347 @ 07/05/25 19:04:58.512&#xA;&#xA;There were additional failures detected after the initial failure. These are visible in the timeline&#xA;</failure>
              <system-err>&gt; Enter [BeforeEach] Single Agent E2E Tests - /Users/seancorkum/projects/devops-mcp/test/e2e/scenarios/single_agent_test.go:30 @ 07/05/25 19:04:58.419&#xA;&lt; Exit [BeforeEach] Single Agent E2E Tests - /Users/seancorkum/projects/devops-mcp/test/e2e/scenarios/single_agent_test.go:30 @ 07/05/25 19:04:58.422 (3ms)&#xA;&gt; Enter [It] should manage sessions correctly - /Users/seancorkum/projects/devops-mcp/test/e2e/scenarios/single_agent_test.go:327 @ 07/05/25 19:04:58.422&#xA;[FAILED] Failure recorded during attempt 1:&#xA;Unexpected error:&#xA;    &lt;*fmt.wrapError | 0xc00007e420&gt;: &#xA;    failed to connect: failed to WebSocket dial: expected handshake response status code 101 but got 429&#xA;    {&#xA;        msg: &#34;failed to connect: failed to WebSocket dial: expected handshake response status code 101 but got 429&#34;,&#xA;        err: &lt;*fmt.wrapError | 0xc00007e400&gt;{&#xA;            msg: &#34;failed to WebSocket dial: expected handshake response status code 101 but got 429&#34;,&#xA;            err: &lt;*errors.errorString | 0xc0003ea530&gt;{&#xA;                s: &#34;expected handshake response status code 101 but got 429&#34;,&#xA;            },&#xA;        },&#xA;    }&#xA;occurred&#xA;In [It] at: /Users/seancorkum/projects/devops-mcp/test/e2e/scenarios/single_agent_test.go:347 @ 07/05/25 19:04:58.464&#xA;&lt; Exit [It] should manage sessions correctly - /Users/seancorkum/projects/devops-mcp/test/e2e/scenarios/single_agent_test.go:327 @ 07/05/25 19:04:58.464 (42ms)&#xA;&gt; Enter [AfterEach] Single Agent E2E Tests - /Users/seancorkum/projects/devops-mcp/test/e2e/scenarios/single_agent_test.go:40 @ 07/05/25 19:04:58.464&#xA;&lt; Exit [AfterEach] Single Agent E2E Tests - /Users/seancorkum/projects/devops-mcp/test/e2e/scenarios/single_agent_test.go:40 @ 07/05/25 19:04:58.466 (2ms)&#xA;&#xA;Attempt #1 Failed.  Retrying ↺ @ 07/05/25 19:04:58.466&#xA;&#xA;&gt; Enter [BeforeEach] Single Agent E2E Tests - /Users/seancorkum/projects/devops-mcp/test/e2e/scenarios/single_agent_test.go:30 @ 07/05/25 19:04:58.467&#xA;&lt; Exit [BeforeEach] Single Agent E2E Tests - /Users/seancorkum/projects/devops-mcp/test/e2e/scenarios/single_agent_test.go:30 @ 07/05/25 19:04:58.469 (2ms)&#xA;&gt; Enter [It] should manage sessions correctly - /Users/seancorkum/projects/devops-mcp/test/e2e/scenarios/single_agent_test.go:327 @ 07/05/25 19:04:58.469&#xA;[FAILED] Unexpected error:&#xA;    &lt;*fmt.wrapError | 0xc0000b80e0&gt;: &#xA;    failed to connect: failed to WebSocket dial: expected handshake response status code 101 but got 429&#xA;    {&#xA;        msg: &#34;failed to connect: failed to WebSocket dial: expected handshake response status code 101 but got 429&#34;,&#xA;        err: &lt;*fmt.wrapError | 0xc0000b80c0&gt;{&#xA;            msg: &#34;failed to WebSocket dial: expected handshake response status code 101 but got 429&#34;,&#xA;            err: &lt;*errors.errorString | 0xc00029b7f0&gt;{&#xA;                s: &#34;expected handshake response status code 101 but got 429&#34;,&#xA;            },&#xA;        },&#xA;    }&#xA;occurred&#xA;In [It] at: /Users/seancorkum/projects/devops-mcp/test/e2e/scenarios/single_agent_test.go:347 @ 07/05/25 19:04:58.512&#xA;&lt; Exit [It] should manage sessions correctly - /Users/seancorkum/projects/devops-mcp/test/e2e/scenarios/single_agent_test.go:327 @ 07/05/25 19:04:58.512 (43ms)&#xA;&gt; Enter [AfterEach] Single Agent E2E Tests - /Users/seancorkum/projects/devops-mcp/test/e2e/scenarios/single_agent_test.go:40 @ 07/05/25 19:04:58.512&#xA;&lt; Exit [AfterEach] Single Agent E2E Tests - /Users/seancorkum/projects/devops-mcp/test/e2e/scenarios/single_agent_test.go:40 @ 07/05/25 19:04:58.514 (2ms)&#xA;</system-err>
          </testcase>
          <testcase name="[It] Performance and Stress E2E Tests Message Throughput Tests should handle high message throughput" classname="Multi-Agent Collaboration E2E Test Suite" status="failed" time="0.368540544">
              <failure message="Unexpected error:&#xA;    &lt;*fmt.wrapError | 0xc00007cfe0&gt;: &#xA;    failed to connect: failed to WebSocket dial: expected handshake response status code 101 but got 426&#xA;    {&#xA;        msg: &#34;failed to connect: failed to WebSocket dial: expected handshake response status code 101 but got 426&#34;,&#xA;        err: &lt;*fmt.wrapError | 0xc00007cfc0&gt;{&#xA;            msg: &#34;failed to WebSocket dial: expected handshake response status code 101 but got 426&#34;,&#xA;            err: &lt;*errors.errorString | 0xc000316a10&gt;{&#xA;                s: &#34;expected handshake response status code 101 but got 426&#34;,&#xA;            },&#xA;        },&#xA;    }&#xA;occurred" type="failed">[FAILED] Unexpected error:&#xA;    &lt;*fmt.wrapError | 0xc00007cfe0&gt;: &#xA;    failed to connect: failed to WebSocket dial: expected handshake response status code 101 but got 426&#xA;    {&#xA;        msg: &#34;failed to connect: failed to WebSocket dial: expected handshake response status code 101 but got 426&#34;,&#xA;        err: &lt;*fmt.wrapError | 0xc00007cfc0&gt;{&#xA;            msg: &#34;failed to WebSocket dial: expected handshake response status code 101 but got 426&#34;,&#xA;            err: &lt;*errors.errorString | 0xc000316a10&gt;{&#xA;                s: &#34;expected handshake response status code 101 but got 426&#34;,&#xA;            },&#xA;        },&#xA;    }&#xA;occurred&#xA;In [It] at: /Users/seancorkum/projects/devops-mcp/test/e2e/scenarios/performance_test.go:311 @ 07/05/25 19:04:57.974&#xA;&#xA;There were additional failures detected after the initial failure. These are visible in the timeline&#xA;</failure>
              <system-err>&gt; Enter [BeforeEach] Performance and Stress E2E Tests - /Users/seancorkum/projects/devops-mcp/test/e2e/scenarios/performance_test.go:31 @ 07/05/25 19:04:57.609&#xA;&lt; Exit [BeforeEach] Performance and Stress E2E Tests - /Users/seancorkum/projects/devops-mcp/test/e2e/scenarios/performance_test.go:31 @ 07/05/25 19:04:57.609 (0s)&#xA;&gt; Enter [It] should handle high message throughput - /Users/seancorkum/projects/devops-mcp/test/e2e/scenarios/performance_test.go:289 @ 07/05/25 19:04:57.609&#xA;[FAILED] Failure recorded during attempt 1:&#xA;Unexpected error:&#xA;    &lt;*fmt.wrapError | 0xc000306040&gt;: &#xA;    failed to connect: failed to WebSocket dial: expected handshake response status code 101 but got 426&#xA;    {&#xA;        msg: &#34;failed to connect: failed to WebSocket dial: expected handshake response status code 101 but got 426&#34;,&#xA;        err: &lt;*fmt.wrapError | 0xc000306020&gt;{&#xA;            msg: &#34;failed to WebSocket dial: expected handshake response status code 101 but got 426&#34;,&#xA;            err: &lt;*errors.errorString | 0xc0000369a0&gt;{&#xA;                s: &#34;expected handshake response status code 101 but got 426&#34;,&#xA;            },&#xA;        },&#xA;    }&#xA;occurred&#xA;In [It] at: /Users/seancorkum/projects/devops-mcp/test/e2e/scenarios/performance_test.go:311 @ 07/05/25 19:04:57.881&#xA;&lt; Exit [It] should handle high message throughput - /Users/seancorkum/projects/devops-mcp/test/e2e/scenarios/performance_test.go:289 @ 07/05/25 19:04:57.881 (272ms)&#xA;&gt; Enter [AfterEach] Performance and Stress E2E Tests - /Users/seancorkum/projects/devops-mcp/test/e2e/scenarios/performance_test.go:41 @ 07/05/25 19:04:57.881&#xA;&lt; Exit [AfterEach] Performance and Stress E2E Tests - /Users/seancorkum/projects/devops-mcp/test/e2e/scenarios/performance_test.go:41 @ 07/05/25 19:04:57.883 (2ms)&#xA;&#xA;Attempt #1 Failed.  Retrying ↺ @ 07/05/25 19:04:57.883&#xA;&#xA;&gt; Enter [BeforeEach] Performance and Stress E2E Tests - /Users/seancorkum/projects/devops-mcp/test/e2e/scenarios/performance_test.go:31 @ 07/05/25 19:04:57.883&#xA;&lt; Exit [BeforeEach] Performance and Stress E2E Tests - /Users/seancorkum/projects/devops-mcp/test/e2e/scenarios/performance_test.go:31 @ 07/05/25 19:04:57.883 (0s)&#xA;&gt; Enter [It] should handle high message throughput - /Users/seancorkum/projects/devops-mcp/test/e2e/scenarios/performance_test.go:289 @ 07/05/25 19:04:57.884&#xA;[FAILED] Unexpected error:&#xA;    &lt;*fmt.wrapError | 0xc00007cfe0&gt;: &#xA;    failed to connect: failed to WebSocket dial: expected handshake response status code 101 but got 426&#xA;    {&#xA;        msg: &#34;failed to connect: failed to WebSocket dial: expected handshake response status code 101 but got 426&#34;,&#xA;        err: &lt;*fmt.wrapError | 0xc00007cfc0&gt;{&#xA;            msg: &#34;failed to WebSocket dial: expected handshake response status code 101 but got 426&#34;,&#xA;            err: &lt;*errors.errorString | 0xc000316a10&gt;{&#xA;                s: &#34;expected handshake response status code 101 but got 426&#34;,&#xA;            },&#xA;        },&#xA;    }&#xA;occurred&#xA;In [It] at: /Users/seancorkum/projects/devops-mcp/test/e2e/scenarios/performance_test.go:311 @ 07/05/25 19:04:57.974&#xA;&lt; Exit [It] should handle high message throughput - /Users/seancorkum/projects/devops-mcp/test/e2e/scenarios/performance_test.go:289 @ 07/05/25 19:04:57.974 (90ms)&#xA;&gt; Enter [AfterEach] Performance and Stress E2E Tests - /Users/seancorkum/projects/devops-mcp/test/e2e/scenarios/performance_test.go:41 @ 07/05/25 19:04:57.974&#xA;&lt; Exit [AfterEach] Performance and Stress E2E Tests - /Users/seancorkum/projects/devops-mcp/test/e2e/scenarios/performance_test.go:41 @ 07/05/25 19:04:57.977 (3ms)&#xA;</system-err>
          </testcase>
          <testcase name="[It] Multi-Agent Collaboration E2E Tests Basic Multi-Agent Setup should connect multiple agents simultaneously" classname="Multi-Agent Collaboration E2E Test Suite" status="failed" time="0.211020049">
              <failure message="Expected&#xA;    &lt;int&gt;: 3&#xA;to equal&#xA;    &lt;int&gt;: 0" type="failed">[FAILED] Expected&#xA;    &lt;int&gt;: 3&#xA;to equal&#xA;    &lt;int&gt;: 0&#xA;In [It] at: /Users/seancorkum/projects/devops-mcp/test/e2e/scenarios/multi_agent_test.go:116 @ 07/05/25 19:04:58.186&#xA;&#xA;There were additional failures detected after the initial failure. These are visible in the timeline&#xA;</failure>
              <system-out>[19:04:58] [ERROR] multi-agent: Connection error: failed to connect: failed to WebSocket dial: expected handshake response status code 101 but got 426&#xA;[19:04:58] [ERROR] multi-agent: Connection error: failed to connect: failed to WebSocket dial: expected handshake response status code 101 but got 426&#xA;[19:04:58] [ERROR] multi-agent: Connection error: failed to connect: failed to WebSocket dial: expected handshake response status code 101 but got 426&#xA;[19:04:58] [ERROR] multi-agent: Connection error: failed to connect: failed to WebSocket dial: expected handshake response status code 101 but got 426&#xA;[19:04:58] [ERROR] multi-agent: Connection error: failed to connect: failed to WebSocket dial: expected handshake response status code 101 but got 426&#xA;[19:04:58] [ERROR] multi-agent: Connection error: failed to connect: failed to WebSocket dial: expected handshake response status code 101 but got 426&#xA;</system-out>
              <system-err>&gt; Enter [BeforeEach] Multi-Agent Collaboration E2E Tests - /Users/seancorkum/projects/devops-mcp/test/e2e/scenarios/multi_agent_test.go:28 @ 07/05/25 19:04:57.978&#xA;&lt; Exit [BeforeEach] Multi-Agent Collaboration E2E Tests - /Users/seancorkum/projects/devops-mcp/test/e2e/scenarios/multi_agent_test.go:28 @ 07/05/25 19:04:57.983 (5ms)&#xA;&gt; Enter [It] should connect multiple agents simultaneously - /Users/seancorkum/projects/devops-mcp/test/e2e/scenarios/multi_agent_test.go:45 @ 07/05/25 19:04:57.983&#xA;[FAILED] Failure recorded during attempt 1:&#xA;Expected&#xA;    &lt;int&gt;: 3&#xA;to equal&#xA;    &lt;int&gt;: 0&#xA;In [It] at: /Users/seancorkum/projects/devops-mcp/test/e2e/scenarios/multi_agent_test.go:116 @ 07/05/25 19:04:58.12&#xA;&lt; Exit [It] should connect multiple agents simultaneously - /Users/seancorkum/projects/devops-mcp/test/e2e/scenarios/multi_agent_test.go:45 @ 07/05/25 19:04:58.12 (137ms)&#xA;&gt; Enter [AfterEach] Multi-Agent Collaboration E2E Tests - /Users/seancorkum/projects/devops-mcp/test/e2e/scenarios/multi_agent_test.go:38 @ 07/05/25 19:04:58.12&#xA;&lt; Exit [AfterEach] Multi-Agent Collaboration E2E Tests - /Users/seancorkum/projects/devops-mcp/test/e2e/scenarios/multi_agent_test.go:38 @ 07/05/25 19:04:58.122 (2ms)&#xA;&#xA;Attempt #1 Failed.  Retrying ↺ @ 07/05/25 19:04:58.122&#xA;&#xA;&gt; Enter [BeforeEach] Multi-Agent Collaboration E2E Tests - /Users/seancorkum/projects/devops-mcp/test/e2e/scenarios/multi_agent_test.go:28 @ 07/05/25 19:04:58.122&#xA;&lt; Exit [BeforeEach] Multi-Agent Collaboration E2E Tests - /Users/seancorkum/projects/devops-mcp/test/e2e/scenarios/multi_agent_test.go:28 @ 07/05/25 19:04:58.124 (3ms)&#xA;&gt; Enter [It] should connect multiple agents simultaneously - /Users/seancorkum/projects/devops-mcp/test/e2e/scenarios/multi_agent_test.go:45 @ 07/05/25 19:04:58.124&#xA;[FAILED] Expected&#xA;    &lt;int&gt;: 3&#xA;to equal&#xA;    &lt;int&gt;: 0&#xA;In [It] at: /Users/seancorkum/projects/devops-mcp/test/e2e/scenarios/multi_agent_test.go:116 @ 07/05/25 19:04:58.186&#xA;&lt; Exit [It] should connect multiple agents simultaneously - /Users/seancorkum/projects/devops-mcp/test/e2e/scenarios/multi_agent_test.go:45 @ 07/05/25 19:04:58.186 (62ms)&#xA;&gt; Enter [AfterEach] Multi-Agent Collaboration E2E Tests - /Users/seancorkum/projects/devops-mcp/test/e2e/scenarios/multi_agent_test.go:38 @ 07/05/25 19:04:58.187&#xA;&lt; Exit [AfterEach] Multi-Agent Collaboration E2E Tests - /Users/seancorkum/projects/devops-mcp/test/e2e/scenarios/multi_agent_test.go:38 @ 07/05/25 19:04:58.189 (3ms)&#xA;</system-err>
          </testcase>
          <testcase name="[It] Multi-Agent Collaboration E2E Tests Agent Coordination should coordinate deployment pipeline across agents" classname="Multi-Agent Collaboration E2E Test Suite" status="failed" time="0.111234638">
              <failure message="Unexpected error:&#xA;    &lt;*fmt.wrapError | 0xc0002b0040&gt;: &#xA;    failed to connect: failed to WebSocket dial: expected handshake response status code 101 but got 426&#xA;    {&#xA;        msg: &#34;failed to connect: failed to WebSocket dial: expected handshake response status code 101 but got 426&#34;,&#xA;        err: &lt;*fmt.wrapError | 0xc0002b0000&gt;{&#xA;            msg: &#34;failed to WebSocket dial: expected handshake response status code 101 but got 426&#34;,&#xA;            err: &lt;*errors.errorString | 0xc000280000&gt;{&#xA;                s: &#34;expected handshake response status code 101 but got 426&#34;,&#xA;            },&#xA;        },&#xA;    }&#xA;occurred" type="failed">[FAILED] Unexpected error:&#xA;    &lt;*fmt.wrapError | 0xc0002b0040&gt;: &#xA;    failed to connect: failed to WebSocket dial: expected handshake response status code 101 but got 426&#xA;    {&#xA;        msg: &#34;failed to connect: failed to WebSocket dial: expected handshake response status code 101 but got 426&#34;,&#xA;        err: &lt;*fmt.wrapError | 0xc0002b0000&gt;{&#xA;            msg: &#34;failed to WebSocket dial: expected handshake response status code 101 but got 426&#34;,&#xA;            err: &lt;*errors.errorString | 0xc000280000&gt;{&#xA;                s: &#34;expected handshake response status code 101 but got 426&#34;,&#xA;            },&#xA;        },&#xA;    }&#xA;occurred&#xA;In [It] at: /Users/seancorkum/projects/devops-mcp/test/e2e/scenarios/multi_agent_test.go:594 @ 07/05/25 19:04:58.299&#xA;&#xA;There were additional failures detected after the initial failure. These are visible in the timeline&#xA;</failure>
[...]
              <system-err>&gt; Enter [BeforeEach] Performance and Stress E2E Tests - /Users/seancorkum/projects/devops-mcp/test/e2e/scenarios/performance_test.go:31 @ 07/05/25 19:04:57.608&#xA;&lt; Exit [BeforeEach] Performance and Stress E2E Tests - /Users/seancorkum/projects/devops-mcp/test/e2e/scenarios/performance_test.go:31 @ 07/05/25 19:04:57.608 (0s)&#xA;&gt; Enter [It] should handle 50 concurrent agents - /Users/seancorkum/projects/devops-mcp/test/e2e/scenarios/performance_test.go:48 @ 07/05/25 19:04:57.608&#xA;[FAILED] Failure recorded during attempt 1:&#xA;Expected&#xA;    &lt;int32&gt;: 0&#xA;to be &gt;=&#xA;    &lt;int32&gt;: 47&#xA;In [It] at: /Users/seancorkum/projects/devops-mcp/test/e2e/scenarios/performance_test.go:158 @ 07/05/25 19:04:58.011&#xA;&lt; Exit [It] should handle 50 concurrent agents - /Users/seancorkum/projects/devops-mcp/test/e2e/scenarios/performance_test.go:48 @ 07/05/25 19:04:58.011 (402ms)&#xA;&gt; Enter [AfterEach] Performance and Stress E2E Tests - /Users/seancorkum/projects/devops-mcp/test/e2e/scenarios/performance_test.go:41 @ 07/05/25 19:04:58.011&#xA;&lt; Exit [AfterEach] Performance and Stress E2E Tests - /Users/seancorkum/projects/devops-mcp/test/e2e/scenarios/performance_test.go:41 @ 07/05/25 19:04:58.013 (3ms)&#xA;&#xA;Attempt #1 Failed.  Retrying ↺ @ 07/05/25 19:04:58.013&#xA;&#xA;&gt; Enter [BeforeEach] Performance and Stress E2E Tests - /Users/seancorkum/projects/devops-mcp/test/e2e/scenarios/performance_test.go:31 @ 07/05/25 19:04:58.014&#xA;&lt; Exit [BeforeEach] Performance and Stress E2E Tests - /Users/seancorkum/projects/devops-mcp/test/e2e/scenarios/performance_test.go:31 @ 07/05/25 19:04:58.014 (0s)&#xA;&gt; Enter [It] should handle 50 concurrent agents - /Users/seancorkum/projects/devops-mcp/test/e2e/scenarios/performance_test.go:48 @ 07/05/25 19:04:58.014&#xA;[FAILED] Expected&#xA;    &lt;int32&gt;: 0&#xA;to be &gt;=&#xA;    &lt;int32&gt;: 47&#xA;In [It] at: /Users/seancorkum/projects/devops-mcp/test/e2e/scenarios/performance_test.go:158 @ 07/05/25 19:04:58.266&#xA;&lt; Exit [It] should handle 50 concurrent agents - /Users/seancorkum/projects/devops-mcp/test/e2e/scenarios/performance_test.go:48 @ 07/05/25 19:04:58.266 (253ms)&#xA;&gt; Enter [AfterEach] Performance and Stress E2E Tests - /Users/seancorkum/projects/devops-mcp/test/e2e/scenarios/performance_test.go:41 @ 07/05/25 19:04:58.267&#xA;&lt; Exit [AfterEach] Performance and Stress E2E Tests - /Users/seancorkum/projects/devops-mcp/test/e2e/scenarios/performance_test.go:41 @ 07/05/25 19:04:58.268 (2ms)&#xA;</system-err>
          </testcase>
          <testcase name="[It] Single Agent E2E Tests Basic Agent Lifecycle should handle reconnection" classname="Multi-Agent Collaboration E2E Test Suite" status="failed" time="0.147090386">
              <failure message="Unexpected error:&#xA;    &lt;*fmt.wrapError | 0xc0003260e0&gt;: &#xA;    failed to connect: failed to WebSocket dial: expected handshake response status code 101 but got 429&#xA;    {&#xA;        msg: &#34;failed to connect: failed to WebSocket dial: expected handshake response status code 101 but got 429&#34;,&#xA;        err: &lt;*fmt.wrapError | 0xc0003260c0&gt;{&#xA;            msg: &#34;failed to WebSocket dial: expected handshake response status code 101 but got 429&#34;,&#xA;            err: &lt;*errors.errorString | 0xc000202000&gt;{&#xA;                s: &#34;expected handshake response status code 101 but got 429&#34;,&#xA;            },&#xA;        },&#xA;    }&#xA;occurred" type="failed">[FAILED] Unexpected error:&#xA;    &lt;*fmt.wrapError | 0xc0003260e0&gt;: &#xA;    failed to connect: failed to WebSocket dial: expected handshake response status code 101 but got 429&#xA;    {&#xA;        msg: &#34;failed to connect: failed to WebSocket dial: expected handshake response status code 101 but got 429&#34;,&#xA;        err: &lt;*fmt.wrapError | 0xc0003260c0&gt;{&#xA;            msg: &#34;failed to WebSocket dial: expected handshake response status code 101 but got 429&#34;,&#xA;            err: &lt;*errors.errorString | 0xc000202000&gt;{&#xA;                s: &#34;expected handshake response status code 101 but got 429&#34;,&#xA;            },&#xA;        },&#xA;    }&#xA;occurred&#xA;In [It] at: /Users/seancorkum/projects/devops-mcp/test/e2e/scenarios/single_agent_test.go:129 @ 07/05/25 19:04:58.376&#xA;&#xA;There were additional failures detected after the initial failure. These are visible in the timeline&#xA;</failure>
              <system-err>&gt; Enter [BeforeEach] Single Agent E2E Tests - /Users/seancorkum/projects/devops-mcp/test/e2e/scenarios/single_agent_test.go:30 @ 07/05/25 19:04:58.271&#xA;&lt; Exit [BeforeEach] Single Agent E2E Tests - /Users/seancorkum/projects/devops-mcp/test/e2e/scenarios/single_agent_test.go:30 @ 07/05/25 19:04:58.275 (5ms)&#xA;&gt; Enter [It] should handle reconnection - /Users/seancorkum/projects/devops-mcp/test/e2e/scenarios/single_agent_test.go:107 @ 07/05/25 19:04:58.276&#xA;[FAILED] Failure recorded during attempt 1:&#xA;Unexpected error:&#xA;    &lt;*fmt.wrapError | 0xc000326120&gt;: &#xA;    failed to connect: failed to WebSocket dial: expected handshake response status code 101 but got 429&#xA;    {&#xA;        msg: &#34;failed to connect: failed to WebSocket dial: expected handshake response status code 101 but got 429&#34;,&#xA;        err: &lt;*fmt.wrapError | 0xc000326100&gt;{&#xA;            msg: &#34;failed to WebSocket dial: expected handshake response status code 101 but got 429&#34;,&#xA;            err: &lt;*errors.errorString | 0xc00060a000&gt;{&#xA;                s: &#34;expected handshake response status code 101 but got 429&#34;,&#xA;            },&#xA;        },&#xA;    }&#xA;occurred&#xA;In [It] at: /Users/seancorkum/projects/devops-mcp/test/e2e/scenarios/single_agent_test.go:129 @ 07/05/25 19:04:58.327&#xA;&lt; Exit [It] should handle reconnection - /Users/seancorkum/projects/devops-mcp/test/e2e/scenarios/single_agent_test.go:107 @ 07/05/25 19:04:58.327 (51ms)&#xA;&gt; Enter [AfterEach] Single Agent E2E Tests - /Users/seancorkum/projects/devops-mcp/test/e2e/scenarios/single_agent_test.go:40 @ 07/05/25 19:04:58.327&#xA;&lt; Exit [AfterEach] Single Agent E2E Tests - /Users/seancorkum/projects/devops-mcp/test/e2e/scenarios/single_agent_test.go:40 @ 07/05/25 19:04:58.329 (2ms)&#xA;&#xA;Attempt #1 Failed.  Retrying ↺ @ 07/05/25 19:04:58.329&#xA;&#xA;&gt; Enter [BeforeEach] Single Agent E2E Tests - /Users/seancorkum/projects/devops-mcp/test/e2e/scenarios/single_agent_test.go:30 @ 07/05/25 19:04:58.33&#xA;&lt; Exit [BeforeEach] Single Agent E2E Tests - /Users/seancorkum/projects/devops-mcp/test/e2e/scenarios/single_agent_test.go:30 @ 07/05/25 19:04:58.332 (3ms)&#xA;&gt; Enter [It] should handle reconnection - /Users/seancorkum/projects/devops-mcp/test/e2e/scenarios/single_agent_test.go:107 @ 07/05/25 19:04:58.333&#xA;[FAILED] Unexpected error:&#xA;    &lt;*fmt.wrapError | 0xc0003260e0&gt;: &#xA;    failed to connect: failed to WebSocket dial: expected handshake response status code 101 but got 429&#xA;    {&#xA;        msg: &#34;failed to connect: failed to WebSocket dial: expected handshake response status code 101 but got 429&#34;,&#xA;        err: &lt;*fmt.wrapError | 0xc0003260c0&gt;{&#xA;            msg: &#34;failed to WebSocket dial: expected handshake response status code 101 but got 429&#34;,&#xA;            err: &lt;*errors.errorString | 0xc000202000&gt;{&#xA;                s: &#34;expected handshake response status code 101 but got 429&#34;,&#xA;            },&#xA;        },&#xA;    }&#xA;occurred&#xA;In [It] at: /Users/seancorkum/projects/devops-mcp/test/e2e/scenarios/single_agent_test.go:129 @ 07/05/25 19:04:58.376&#xA;&lt; Exit [It] should handle reconnection - /Users/seancorkum/projects/devops-mcp/test/e2e/scenarios/single_agent_test.go:107 @ 07/05/25 19:04:58.376 (43ms)&#xA;&gt; Enter [AfterEach] Single Agent E2E Tests - /Users/seancorkum/projects/devops-mcp/test/e2e/scenarios/single_agent_test.go:40 @ 07/05/25 19:04:58.376&#xA;&lt; Exit [AfterEach] Single Agent E2E Tests - /Users/seancorkum/projects/devops-mcp/test/e2e/scenarios/single_agent_test.go:40 @ 07/05/25 19:04:58.418 (42ms)&#xA;</system-err>
          </testcase>
          <testcase name="[It] Single Agent E2E Tests Error Handling should handle authentication errors" classname="Multi-Agent Collaboration E2E Test Suite" status="passed" time="0.087885624">
              <system-out>�[32m✓�[0m auth_error_handling (82.136724ms)&#xA;</system-out>
              <system-err>&gt; Enter [BeforeEach] Single Agent E2E Tests - /Users/seancorkum/projects/devops-mcp/test/e2e/scenarios/single_agent_test.go:30 @ 07/05/25 19:04:58.419&#xA;&lt; Exit [BeforeEach] Single Agent E2E Tests - /Users/seancorkum/projects/devops-mcp/test/e2e/scenarios/single_agent_test.go:30 @ 07/05/25 19:04:58.422 (3ms)&#xA;&gt; Enter [It] should handle authentication errors - /Users/seancorkum/projects/devops-mcp/test/e2e/scenarios/single_agent_test.go:398 @ 07/05/25 19:04:58.422&#xA;&lt; Exit [It] should handle authentication errors - /Users/seancorkum/projects/devops-mcp/test/e2e/scenarios/single_agent_test.go:398 @ 07/05/25 19:04:58.504 (82ms)&#xA;&gt; Enter [AfterEach] Single Agent E2E Tests - /Users/seancorkum/projects/devops-mcp/test/e2e/scenarios/single_agent_test.go:40 @ 07/05/25 19:04:58.504&#xA;&lt; Exit [AfterEach] Single Agent E2E Tests - /Users/seancorkum/projects/devops-mcp/test/e2e/scenarios/single_agent_test.go:40 @ 07/05/25 19:04:58.507 (2ms)&#xA;</system-err>
          </testcase>
          <testcase name="[It] Single Agent E2E Tests Error Handling should handle timeout scenarios" classname="Multi-Agent Collaboration E2E Test Suite" status="failed" time="0.098580529">
              <failure message="Unexpected error:&#xA;    &lt;*fmt.wrapError | 0xc00069e080&gt;: &#xA;    failed to connect: failed to WebSocket dial: expected handshake response status code 101 but got 426&#xA;    {&#xA;        msg: &#34;failed to connect: failed to WebSocket dial: expected handshake response status code 101 but got 426&#34;,&#xA;        err: &lt;*fmt.wrapError | 0xc00069e060&gt;{&#xA;            msg: &#34;failed to WebSocket dial: expected handshake response status code 101 but got 426&#34;,&#xA;            err: &lt;*errors.errorString | 0xc00051a000&gt;{&#xA;                s: &#34;expected handshake response status code 101 but got 426&#34;,&#xA;            },&#xA;        },&#xA;    }&#xA;occurred" type="failed">[FAILED] Unexpected error:&#xA;    &lt;*fmt.wrapError | 0xc00069e080&gt;: &#xA;    failed to connect: failed to WebSocket dial: expected handshake response status code 101 but got 426&#xA;    {&#xA;        msg: &#34;failed to connect: failed to WebSocket dial: expected handshake response status code 101 but got 426&#34;,&#xA;        err: &lt;*fmt.wrapError | 0xc00069e060&gt;{&#xA;            msg: &#34;failed to WebSocket dial: expected handshake response status code 101 but got 426&#34;,&#xA;            err: &lt;*errors.errorString | 0xc00051a000&gt;{&#xA;                s: &#34;expected handshake response status code 101 but got 426&#34;,&#xA;            },&#xA;        },&#xA;    }&#xA;occurred&#xA;In [It] at: /Users/seancorkum/projects/devops-mcp/test/e2e/scenarios/single_agent_test.go:488 @ 07/05/25 19:04:58.603&#xA;&#xA;There were additional failures detected after the initial failure. These are visible in the timeline&#xA;</failure>
              <system-err>&gt; Enter [BeforeEach] Single Agent E2E Tests - /Users/seancorkum/projects/devops-mcp/test/e2e/scenarios/single_agent_test.go:30 @ 07/05/25 19:04:58.508&#xA;&lt; Exit [BeforeEach] Single Agent E2E Tests - /Users/seancorkum/projects/devops-mcp/test/e2e/scenarios/single_agent_test.go:30 @ 07/05/25 19:04:58.51 (3ms)&#xA;&gt; Enter [It] should handle timeout scenarios - /Users/seancorkum/projects/devops-mcp/test/e2e/scenarios/single_agent_test.go:468 @ 07/05/25 19:04:58.511&#xA;[FAILED] Failure recorded during attempt 1:&#xA;Unexpected error:&#xA;    &lt;*fmt.wrapError | 0xc0002b4100&gt;: &#xA;    failed to connect: failed to WebSocket dial: expected handshake response status code 101 but got 429&#xA;    {&#xA;        msg: &#34;failed to connect: failed to WebSocket dial: expected handshake response status code 101 but got 429&#34;,&#xA;        err: &lt;*fmt.wrapError | 0xc0002b40e0&gt;{&#xA;            msg: &#34;failed to WebSocket dial: expected handshake response status code 101 but got 429&#34;,&#xA;            err: &lt;*errors.errorString | 0xc000202000&gt;{&#xA;                s: &#34;expected handshake response status code 101 but got 429&#34;,&#xA;            },&#xA;        },&#xA;    }&#xA;occurred&#xA;In [It] at: /Users/seancorkum/projects/devops-mcp/test/e2e/scenarios/single_agent_test.go:488 @ 07/05/25 19:04:58.552&#xA;&lt; Exit [It] should handle timeout scenarios - /Users/seancorkum/projects/devops-mcp/test/e2e/scenarios/single_agent_test.go:468 @ 07/05/25 19:04:58.552 (41ms)&#xA;&gt; Enter [AfterEach] Single Agent E2E Tests - /Users/seancorkum/projects/devops-mcp/test/e2e/scenarios/single_agent_test.go:40 @ 07/05/25 19:04:58.552&#xA;&lt; Exit [AfterEach] Single Agent E2E Tests - /Users/seancorkum/projects/devops-mcp/test/e2e/scenarios/single_agent_test.go:40 @ 07/05/25 19:04:58.555 (2ms)&#xA;&#xA;Attempt #1 Failed.  Retrying ↺ @ 07/05/25 19:04:58.555&#xA;&#xA;&gt; Enter [BeforeEach] Single Agent E2E Tests - /Users/seancorkum/projects/devops-mcp/test/e2e/scenarios/single_agent_test.go:30 @ 07/05/25 19:04:58.555&#xA;&lt; Exit [BeforeEach] Single Agent E2E Tests - /Users/seancorkum/projects/devops-mcp/test/e2e/scenarios/single_agent_test.go:30 @ 07/05/25 19:04:58.558 (3ms)&#xA;&gt; Enter [It] should handle timeout scenarios - /Users/seancorkum/projects/devops-mcp/test/e2e/scenarios/single_agent_test.go:468 @ 07/05/25 19:04:58.558&#xA;[FAILED] Unexpected error:&#xA;    &lt;*fmt.wrapError | 0xc00069e080&gt;: &#xA;    failed to connect: failed to WebSocket dial: expected handshake response status code 101 but got 426&#xA;    {&#xA;        msg: &#34;failed to connect: failed to WebSocket dial: expected handshake response status code 101 but got 426&#34;,&#xA;        err: &lt;*fmt.wrapError | 0xc00069e060&gt;{&#xA;            msg: &#34;failed to WebSocket dial: expected handshake response status code 101 but got 426&#34;,&#xA;            err: &lt;*errors.errorString | 0xc00051a000&gt;{&#xA;                s: &#34;expected handshake response status code 101 but got 426&#34;,&#xA;            },&#xA;        },&#xA;    }&#xA;occurred&#xA;In [It] at: /Users/seancorkum/projects/devops-mcp/test/e2e/scenarios/single_agent_test.go:488 @ 07/05/25 19:04:58.603&#xA;&lt; Exit [It] should handle timeout scenarios - /Users/seancorkum/projects/devops-mcp/test/e2e/scenarios/single_agent_test.go:468 @ 07/05/25 19:04:58.603 (44ms)&#xA;&gt; Enter [AfterEach] Single Agent E2E Tests - /Users/seancorkum/projects/devops-mcp/test/e2e/scenarios/single_agent_test.go:40 @ 07/05/25 19:04:58.603&#xA;&lt; Exit [AfterEach] Single Agent E2E Tests - /Users/seancorkum/projects/devops-mcp/test/e2e/scenarios/single_agent_test.go:40 @ 07/05/25 19:04:58.606 (3ms)&#xA;</system-err>
          </testcase>
          <testcase name="[It] Performance and Stress E2E Tests Agent Swarm Tests should handle agent churn" classname="Multi-Agent Collaboration E2E Test Suite" status="failed" time="61.527906484">
              <failure message="Expected&#xA;    &lt;int64&gt;: 0&#xA;to be &gt;&#xA;    &lt;int&gt;: 20" type="failed">[FAILED] Expected&#xA;    &lt;int64&gt;: 0&#xA;to be &gt;&#xA;    &lt;int&gt;: 20&#xA;In [It] at: /Users/seancorkum/projects/devops-mcp/test/e2e/scenarios/performance_test.go:275 @ 07/05/25 19:05:59.137&#xA;&#xA;There were additional failures detected after the initial failure. These are visible in the timeline&#xA;</failure>
              <system-out>[19:05:28] [INFO] performance: Agent Churn Results:&#xA;[19:05:28] [INFO] performance:   Total connections: 0&#xA;[19:05:28] [INFO] performance:   Total disconnections: 0&#xA;[19:05:28] [INFO] performance:   Total errors: 290&#xA;[19:05:28] [INFO] performance:   Error rate: 100.00%&#xA;[19:05:59] [INFO] performance: Agent Churn Results:&#xA;[19:05:59] [INFO] performance:   Total connections: 0&#xA;[19:05:59] [INFO] performance:   Total disconnections: 0&#xA;[19:05:59] [INFO] performance:   Total errors: 290&#xA;[19:05:59] [INFO] performance:   Error rate: 100.00%&#xA;</system-out>
              <system-err>&gt; Enter [BeforeEach] Performance and Stress E2E Tests - /Users/seancorkum/projects/devops-mcp/test/e2e/scenarios/performance_test.go:31 @ 07/05/25 19:04:57.609&#xA;&lt; Exit [BeforeEach] Performance and Stress E2E Tests - /Users/seancorkum/projects/devops-mcp/test/e2e/scenarios/performance_test.go:31 @ 07/05/25 19:04:57.609 (0s)&#xA;&gt; Enter [It] should handle agent churn - /Users/seancorkum/projects/devops-mcp/test/e2e/scenarios/performance_test.go:179 @ 07/05/25 19:04:57.609&#xA;[FAILED] Failure recorded during attempt 1:&#xA;Expected&#xA;    &lt;int64&gt;: 0&#xA;to be &gt;&#xA;    &lt;int&gt;: 20&#xA;In [It] at: /Users/seancorkum/projects/devops-mcp/test/e2e/scenarios/performance_test.go:275 @ 07/05/25 19:05:28.471&#xA;&lt; Exit [It] should handle agent churn - /Users/seancorkum/projects/devops-mcp/test/e2e/scenarios/performance_test.go:179 @ 07/05/25 19:05:28.471 (30.861s)&#xA;&gt; Enter [AfterEach] Performance and Stress E2E Tests - /Users/seancorkum/projects/devops-mcp/test/e2e/scenarios/performance_test.go:41 @ 07/05/25 19:05:28.471&#xA;&lt; Exit [AfterEach] Performance and Stress E2E Tests - /Users/seancorkum/projects/devops-mcp/test/e2e/scenarios/performance_test.go:41 @ 07/05/25 19:05:28.474 (2ms)&#xA;&#xA;Attempt #1 Failed.  Retrying ↺ @ 07/05/25 19:05:28.474&#xA;&#xA;&gt; Enter [BeforeEach] Performance and Stress E2E Tests - /Users/seancorkum/projects/devops-mcp/test/e2e/scenarios/performance_test.go:31 @ 07/05/25 19:05:28.474&#xA;&lt; Exit [BeforeEach] Performance and Stress E2E Tests - /Users/seancorkum/projects/devops-mcp/test/e2e/scenarios/performance_test.go:31 @ 07/05/25 19:05:28.474 (0s)&#xA;&gt; Enter [It] should handle agent churn - /Users/seancorkum/projects/devops-mcp/test/e2e/scenarios/performance_test.go:179 @ 07/05/25 19:05:28.474&#xA;[FAILED] Expected&#xA;    &lt;int64&gt;: 0&#xA;to be &gt;&#xA;    &lt;int&gt;: 20&#xA;In [It] at: /Users/seancorkum/projects/devops-mcp/test/e2e/scenarios/performance_test.go:275 @ 07/05/25 19:05:59.137&#xA;&lt; Exit [It] should handle agent churn - /Users/seancorkum/projects/devops-mcp/test/e2e/scenarios/performance_test.go:179 @ 07/05/25 19:05:59.137 (30.662s)&#xA;&gt; Enter [AfterEach] Performance and Stress E2E Tests - /Users/seancorkum/projects/devops-mcp/test/e2e/scenarios/performance_test.go:41 @ 07/05/25 19:05:59.137&#xA;&lt; Exit [AfterEach] Performance and Stress E2E Tests - /Users/seancorkum/projects/devops-mcp/test/e2e/scenarios/performance_test.go:41 @ 07/05/25 19:05:59.138 (1ms)&#xA;</system-err>
          </testcase>
      </testsuite>
  </testsuites>