<?xml version="1.0" encoding="UTF-8"?>
  <testsuites tests="31" disabled="22" errors="0" failures="8" time="0.212374018">
      <testsuite name="DevOps MCP E2E Test Suite" package="/Users/seancorkum/projects/devops-mcp/test/e2e" tests="0" disabled="0" skipped="0" errors="0" failures="0" time="0.00010414" timestamp="2025-07-10T14:24:19">
          <properties>
              <property name="SuiteSucceeded" value="true"></property>
              <property name="SuiteHasProgrammaticFocus" value="false"></property>
              <property name="SpecialSuiteFailureReason" value=""></property>
              <property name="SuiteLabels" value="[]"></property>
              <property name="RandomSeed" value="1752171856"></property>
              <property name="RandomizeAllSpecs" value="false"></property>
              <property name="LabelFilter" value=""></property>
              <property name="FocusStrings" value="Single Agent"></property>
              <property name="SkipStrings" value=""></property>
              <property name="FocusFiles" value=""></property>
              <property name="SkipFiles" value=""></property>
              <property name="FailOnPending" value="false"></property>
              <property name="FailOnEmpty" value="false"></property>
              <property name="FailFast" value="false"></property>
              <property name="FlakeAttempts" value="0"></property>
              <property name="DryRun" value="false"></property>
              <property name="ParallelTotal" value="1"></property>
              <property name="OutputInterceptorMode" value=""></property>
          </properties>
      </testsuite>
      <testsuite name="Multi-Agent Collaboration E2E Test Suite" package="/Users/seancorkum/projects/devops-mcp/test/e2e/scenarios" tests="31" disabled="0" skipped="22" errors="0" failures="8" time="0.212269878" timestamp="2025-07-10T14:24:23">
          <properties>
              <property name="SuiteSucceeded" value="false"></property>
              <property name="SuiteHasProgrammaticFocus" value="false"></property>
              <property name="SpecialSuiteFailureReason" value=""></property>
              <property name="SuiteLabels" value="[]"></property>
              <property name="RandomSeed" value="1752171856"></property>
              <property name="RandomizeAllSpecs" value="false"></property>
              <property name="LabelFilter" value=""></property>
              <property name="FocusStrings" value="Single Agent"></property>
              <property name="SkipStrings" value=""></property>
              <property name="FocusFiles" value=""></property>
              <property name="SkipFiles" value=""></property>
              <property name="FailOnPending" value="false"></property>
              <property name="FailOnEmpty" value="false"></property>
              <property name="FailFast" value="false"></property>
              <property name="FlakeAttempts" value="0"></property>
              <property name="DryRun" value="false"></property>
              <property name="ParallelTotal" value="1"></property>
              <property name="OutputInterceptorMode" value=""></property>
          </properties>
          <testcase name="[It] Multi-Tenant E2E Tests Rate Limiting should enforce rate limits per API key type" classname="Multi-Agent Collaboration E2E Test Suite" status="skipped" time="0">
              <skipped message="skipped"></skipped>
          </testcase>
          <testcase name="[It] Multi-Tenant E2E Tests Rate Limiting should apply different rate limits for different key types" classname="Multi-Agent Collaboration E2E Test Suite" status="skipped" time="0">
              <skipped message="skipped"></skipped>
          </testcase>
          <testcase name="[It] Multi-Tenant E2E Tests Token Passthrough should pass through service tokens for gateway keys" classname="Multi-Agent Collaboration E2E Test Suite" status="skipped" time="0">
              <skipped message="skipped"></skipped>
          </testcase>
          <testcase name="[It] Multi-Tenant E2E Tests Tenant Isolation should enforce tenant isolation for API keys" classname="Multi-Agent Collaboration E2E Test Suite" status="skipped" time="0">
              <skipped message="skipped"></skipped>
          </testcase>
          <testcase name="[It] Multi-Tenant E2E Tests Feature Flags should respect tenant-specific feature flags" classname="Multi-Agent Collaboration E2E Test Suite" status="skipped" time="0">
              <skipped message="skipped"></skipped>
          </testcase>
          <testcase name="[It] Multi-Tenant E2E Tests API Key Hierarchy should enforce parent-child key relationships" classname="Multi-Agent Collaboration E2E Test Suite" status="skipped" time="0">
              <skipped message="skipped"></skipped>
          </testcase>
          <testcase name="[It] Multi-Tenant E2E Tests Load Testing should handle concurrent multi-tenant operations" classname="Multi-Agent Collaboration E2E Test Suite" status="skipped" time="0">
              <skipped message="skipped"></skipped>
          </testcase>
          <testcase name="[It] Multi-Tenant E2E Tests Security should prevent cross-tenant access" classname="Multi-Agent Collaboration E2E Test Suite" status="skipped" time="0">
              <skipped message="skipped"></skipped>
          </testcase>
          <testcase name="[It] Multi-Tenant E2E Tests Security should validate API key permissions" classname="Multi-Agent Collaboration E2E Test Suite" status="skipped" time="0">
              <skipped message="skipped"></skipped>
          </testcase>
          <testcase name="[It] Multi-Tenant E2E Tests Performance should maintain performance with tenant configuration caching" classname="Multi-Agent Collaboration E2E Test Suite" status="skipped" time="0">
              <skipped message="skipped"></skipped>
          </testcase>
          <testcase name="[It] Performance and Stress E2E Tests Agent Swarm Tests should handle 50 concurrent agents" classname="Multi-Agent Collaboration E2E Test Suite" status="skipped" time="0">
              <skipped message="skipped"></skipped>
          </testcase>
          <testcase name="[It] Performance and Stress E2E Tests Agent Swarm Tests should handle agent churn" classname="Multi-Agent Collaboration E2E Test Suite" status="skipped" time="0">
              <skipped message="skipped"></skipped>
          </testcase>
          <testcase name="[It] Performance and Stress E2E Tests Message Throughput Tests should handle high message throughput" classname="Multi-Agent Collaboration E2E Test Suite" status="skipped" time="0">
              <skipped message="skipped"></skipped>
          </testcase>
          <testcase name="[It] Performance and Stress E2E Tests Message Throughput Tests should handle large message payloads" classname="Multi-Agent Collaboration E2E Test Suite" status="skipped" time="0">
              <skipped message="skipped"></skipped>
          </testcase>
          <testcase name="[It] Performance and Stress E2E Tests Resource Utilization Tests should maintain stable performance under sustained load" classname="Multi-Agent Collaboration E2E Test Suite" status="skipped" time="0">
              <skipped message="skipped"></skipped>
          </testcase>
          <testcase name="[It] Performance and Stress E2E Tests Binary Protocol Performance should demonstrate binary protocol efficiency" classname="Multi-Agent Collaboration E2E Test Suite" status="skipped" time="0">
              <skipped message="skipped"></skipped>
          </testcase>
          <testcase name="[It] Single Agent E2E Tests Basic Agent Lifecycle should complete full agent lifecycle" classname="Multi-Agent Collaboration E2E Test Suite" status="failed" time="0.056149245">
              <failure message="Unexpected error:&#xA;    &lt;*fmt.wrapError | 0xc00049a420&gt;: &#xA;    failed to connect: failed to WebSocket dial: expected handshake response status code 101 but got 401&#xA;    {&#xA;        msg: &#34;failed to connect: failed to WebSocket dial: expected handshake response status code 101 but got 401&#34;,&#xA;        err: &lt;*fmt.wrapError | 0xc00049a3e0&gt;{&#xA;            msg: &#34;failed to WebSocket dial: expected handshake response status code 101 but got 401&#34;,&#xA;            err: &lt;*errors.errorString | 0xc000508000&gt;{&#xA;                s: &#34;expected handshake response status code 101 but got 401&#34;,&#xA;            },&#xA;        },&#xA;    }&#xA;occurred" type="failed">[FAILED] Unexpected error:&#xA;    &lt;*fmt.wrapError | 0xc00049a420&gt;: &#xA;    failed to connect: failed to WebSocket dial: expected handshake response status code 101 but got 401&#xA;    {&#xA;        msg: &#34;failed to connect: failed to WebSocket dial: expected handshake response status code 101 but got 401&#34;,&#xA;        err: &lt;*fmt.wrapError | 0xc00049a3e0&gt;{&#xA;            msg: &#34;failed to WebSocket dial: expected handshake response status code 101 but got 401&#34;,&#xA;            err: &lt;*errors.errorString | 0xc000508000&gt;{&#xA;                s: &#34;expected handshake response status code 101 but got 401&#34;,&#xA;            },&#xA;        },&#xA;    }&#xA;occurred&#xA;In [It] at: /Users/seancorkum/projects/devops-mcp/test/e2e/scenarios/single_agent_test.go:73 @ 07/10/25 14:24:23.603&#xA;</failure>
              <system-err>&gt; Enter [BeforeEach] Single Agent E2E Tests - /Users/seancorkum/projects/devops-mcp/test/e2e/scenarios/single_agent_test.go:30 @ 07/10/25 14:24:23.549&#xA;&lt; Exit [BeforeEach] Single Agent E2E Tests - /Users/seancorkum/projects/devops-mcp/test/e2e/scenarios/single_agent_test.go:30 @ 07/10/25 14:24:23.553 (4ms)&#xA;&gt; Enter [It] should complete full agent lifecycle - /Users/seancorkum/projects/devops-mcp/test/e2e/scenarios/single_agent_test.go:47 @ 07/10/25 14:24:23.553&#xA;[FAILED] Unexpected error:&#xA;    &lt;*fmt.wrapError | 0xc00049a420&gt;: &#xA;    failed to connect: failed to WebSocket dial: expected handshake response status code 101 but got 401&#xA;    {&#xA;        msg: &#34;failed to connect: failed to WebSocket dial: expected handshake response status code 101 but got 401&#34;,&#xA;        err: &lt;*fmt.wrapError | 0xc00049a3e0&gt;{&#xA;            msg: &#34;failed to WebSocket dial: expected handshake response status code 101 but got 401&#34;,&#xA;            err: &lt;*errors.errorString | 0xc000508000&gt;{&#xA;                s: &#34;expected handshake response status code 101 but got 401&#34;,&#xA;            },&#xA;        },&#xA;    }&#xA;occurred&#xA;In [It] at: /Users/seancorkum/projects/devops-mcp/test/e2e/scenarios/single_agent_test.go:73 @ 07/10/25 14:24:23.603&#xA;&lt; Exit [It] should complete full agent lifecycle - /Users/seancorkum/projects/devops-mcp/test/e2e/scenarios/single_agent_test.go:47 @ 07/10/25 14:24:23.603 (50ms)&#xA;&gt; Enter [AfterEach] Single Agent E2E Tests - /Users/seancorkum/projects/devops-mcp/test/e2e/scenarios/single_agent_test.go:40 @ 07/10/25 14:24:23.603&#xA;&lt; Exit [AfterEach] Single Agent E2E Tests - /Users/seancorkum/projects/devops-mcp/test/e2e/scenarios/single_agent_test.go:40 @ 07/10/25 14:24:23.605 (2ms)&#xA;</system-err>
          </testcase>
          <testcase name="[It] Single Agent E2E Tests Basic Agent Lifecycle should handle reconnection" classname="Multi-Agent Collaboration E2E Test Suite" status="failed" time="0.017149279">
              <failure message="Unexpected error:&#xA;    &lt;*fmt.wrapError | 0xc00013a7c0&gt;: &#xA;    failed to connect: failed to WebSocket dial: expected handshake response status code 101 but got 401&#xA;    {&#xA;        msg: &#34;failed to connect: failed to WebSocket dial: expected handshake response status code 101 but got 401&#34;,&#xA;        err: &lt;*fmt.wrapError | 0xc00013a680&gt;{&#xA;            msg: &#34;failed to WebSocket dial: expected handshake response status code 101 but got 401&#34;,&#xA;            err: &lt;*errors.errorString | 0xc000362aa0&gt;{&#xA;                s: &#34;expected handshake response status code 101 but got 401&#34;,&#xA;            },&#xA;        },&#xA;    }&#xA;occurred" type="failed">[FAILED] Unexpected error:&#xA;    &lt;*fmt.wrapError | 0xc00013a7c0&gt;: &#xA;    failed to connect: failed to WebSocket dial: expected handshake response status code 101 but got 401&#xA;    {&#xA;        msg: &#34;failed to connect: failed to WebSocket dial: expected handshake response status code 101 but got 401&#34;,&#xA;        err: &lt;*fmt.wrapError | 0xc00013a680&gt;{&#xA;            msg: &#34;failed to WebSocket dial: expected handshake response status code 101 but got 401&#34;,&#xA;            err: &lt;*errors.errorString | 0xc000362aa0&gt;{&#xA;                s: &#34;expected handshake response status code 101 but got 401&#34;,&#xA;            },&#xA;        },&#xA;    }&#xA;occurred&#xA;In [It] at: /Users/seancorkum/projects/devops-mcp/test/e2e/scenarios/single_agent_test.go:129 @ 07/10/25 14:24:23.62&#xA;</failure>
              <system-err>&gt; Enter [BeforeEach] Single Agent E2E Tests - /Users/seancorkum/projects/devops-mcp/test/e2e/scenarios/single_agent_test.go:30 @ 07/10/25 14:24:23.605&#xA;&lt; Exit [BeforeEach] Single Agent E2E Tests - /Users/seancorkum/projects/devops-mcp/test/e2e/scenarios/single_agent_test.go:30 @ 07/10/25 14:24:23.608 (3ms)&#xA;&gt; Enter [It] should handle reconnection - /Users/seancorkum/projects/devops-mcp/test/e2e/scenarios/single_agent_test.go:107 @ 07/10/25 14:24:23.608&#xA;[FAILED] Unexpected error:&#xA;    &lt;*fmt.wrapError | 0xc00013a7c0&gt;: &#xA;    failed to connect: failed to WebSocket dial: expected handshake response status code 101 but got 401&#xA;    {&#xA;        msg: &#34;failed to connect: failed to WebSocket dial: expected handshake response status code 101 but got 401&#34;,&#xA;        err: &lt;*fmt.wrapError | 0xc00013a680&gt;{&#xA;            msg: &#34;failed to WebSocket dial: expected handshake response status code 101 but got 401&#34;,&#xA;            err: &lt;*errors.errorString | 0xc000362aa0&gt;{&#xA;                s: &#34;expected handshake response status code 101 but got 401&#34;,&#xA;            },&#xA;        },&#xA;    }&#xA;occurred&#xA;In [It] at: /Users/seancorkum/projects/devops-mcp/test/e2e/scenarios/single_agent_test.go:129 @ 07/10/25 14:24:23.62&#xA;&lt; Exit [It] should handle reconnection - /Users/seancorkum/projects/devops-mcp/test/e2e/scenarios/single_agent_test.go:107 @ 07/10/25 14:24:23.621 (12ms)&#xA;&gt; Enter [AfterEach] Single Agent E2E Tests - /Users/seancorkum/projects/devops-mcp/test/e2e/scenarios/single_agent_test.go:40 @ 07/10/25 14:24:23.621&#xA;&lt; Exit [AfterEach] Single Agent E2E Tests - /Users/seancorkum/projects/devops-mcp/test/e2e/scenarios/single_agent_test.go:40 @ 07/10/25 14:24:23.622 (2ms)&#xA;</system-err>
          </testcase>
          <testcase name="[It] Single Agent E2E Tests Tool Discovery and Execution should discover available tools" classname="Multi-Agent Collaboration E2E Test Suite" status="failed" time="0.054728806">
              <failure message="Unexpected error:&#xA;    &lt;*fmt.wrapError | 0xc00013a480&gt;: &#xA;    failed to connect: failed to WebSocket dial: expected handshake response status code 101 but got 401&#xA;    {&#xA;        msg: &#34;failed to connect: failed to WebSocket dial: expected handshake response status code 101 but got 401&#34;,&#xA;        err: &lt;*fmt.wrapError | 0xc00013a460&gt;{&#xA;            msg: &#34;failed to WebSocket dial: expected handshake response status code 101 but got 401&#34;,&#xA;            err: &lt;*errors.errorString | 0xc000508000&gt;{&#xA;                s: &#34;expected handshake response status code 101 but got 401&#34;,&#xA;            },&#xA;        },&#xA;    }&#xA;occurred" type="failed">[FAILED] Unexpected error:&#xA;    &lt;*fmt.wrapError | 0xc00013a480&gt;: &#xA;    failed to connect: failed to WebSocket dial: expected handshake response status code 101 but got 401&#xA;    {&#xA;        msg: &#34;failed to connect: failed to WebSocket dial: expected handshake response status code 101 but got 401&#34;,&#xA;        err: &lt;*fmt.wrapError | 0xc00013a460&gt;{&#xA;            msg: &#34;failed to WebSocket dial: expected handshake response status code 101 but got 401&#34;,&#xA;            err: &lt;*errors.errorString | 0xc000508000&gt;{&#xA;                s: &#34;expected handshake response status code 101 but got 401&#34;,&#xA;            },&#xA;        },&#xA;    }&#xA;occurred&#xA;In [It] at: /Users/seancorkum/projects/devops-mcp/test/e2e/scenarios/single_agent_test.go:183 @ 07/10/25 14:24:23.674&#xA;</failure>
              <system-err>&gt; Enter [BeforeEach] Single Agent E2E Tests - /Users/seancorkum/projects/devops-mcp/test/e2e/scenarios/single_agent_test.go:30 @ 07/10/25 14:24:23.622&#xA;&lt; Exit [BeforeEach] Single Agent E2E Tests - /Users/seancorkum/projects/devops-mcp/test/e2e/scenarios/single_agent_test.go:30 @ 07/10/25 14:24:23.625 (2ms)&#xA;&gt; Enter [It] should discover available tools - /Users/seancorkum/projects/devops-mcp/test/e2e/scenarios/single_agent_test.go:163 @ 07/10/25 14:24:23.625&#xA;[FAILED] Unexpected error:&#xA;    &lt;*fmt.wrapError | 0xc00013a480&gt;: &#xA;    failed to connect: failed to WebSocket dial: expected handshake response status code 101 but got 401&#xA;    {&#xA;        msg: &#34;failed to connect: failed to WebSocket dial: expected handshake response status code 101 but got 401&#34;,&#xA;        err: &lt;*fmt.wrapError | 0xc00013a460&gt;{&#xA;            msg: &#34;failed to WebSocket dial: expected handshake response status code 101 but got 401&#34;,&#xA;            err: &lt;*errors.errorString | 0xc000508000&gt;{&#xA;                s: &#34;expected handshake response status code 101 but got 401&#34;,&#xA;            },&#xA;        },&#xA;    }&#xA;occurred&#xA;In [It] at: /Users/seancorkum/projects/devops-mcp/test/e2e/scenarios/single_agent_test.go:183 @ 07/10/25 14:24:23.674&#xA;&lt; Exit [It] should discover available tools - /Users/seancorkum/projects/devops-mcp/test/e2e/scenarios/single_agent_test.go:163 @ 07/10/25 14:24:23.674 (50ms)&#xA;&gt; Enter [AfterEach] Single Agent E2E Tests - /Users/seancorkum/projects/devops-mcp/test/e2e/scenarios/single_agent_test.go:40 @ 07/10/25 14:24:23.674&#xA;&lt; Exit [AfterEach] Single Agent E2E Tests - /Users/seancorkum/projects/devops-mcp/test/e2e/scenarios/single_agent_test.go:40 @ 07/10/25 14:24:23.677 (3ms)&#xA;</system-err>
          </testcase>
          <testcase name="[It] Single Agent E2E Tests Tool Discovery and Execution should execute GitHub tool" classname="Multi-Agent Collaboration E2E Test Suite" status="failed" time="0.016196714">
              <failure message="Unexpected error:&#xA;    &lt;*fmt.wrapError | 0xc000692100&gt;: &#xA;    failed to connect: failed to WebSocket dial: expected handshake response status code 101 but got 401&#xA;    {&#xA;        msg: &#34;failed to connect: failed to WebSocket dial: expected handshake response status code 101 but got 401&#34;,&#xA;        err: &lt;*fmt.wrapError | 0xc0006920c0&gt;{&#xA;            msg: &#34;failed to WebSocket dial: expected handshake response status code 101 but got 401&#34;,&#xA;            err: &lt;*errors.errorString | 0xc000342000&gt;{&#xA;                s: &#34;expected handshake response status code 101 but got 401&#34;,&#xA;            },&#xA;        },&#xA;    }&#xA;occurred" type="failed">[FAILED] Unexpected error:&#xA;    &lt;*fmt.wrapError | 0xc000692100&gt;: &#xA;    failed to connect: failed to WebSocket dial: expected handshake response status code 101 but got 401&#xA;    {&#xA;        msg: &#34;failed to connect: failed to WebSocket dial: expected handshake response status code 101 but got 401&#34;,&#xA;        err: &lt;*fmt.wrapError | 0xc0006920c0&gt;{&#xA;            msg: &#34;failed to WebSocket dial: expected handshake response status code 101 but got 401&#34;,&#xA;            err: &lt;*errors.errorString | 0xc000342000&gt;{&#xA;                s: &#34;expected handshake response status code 101 but got 401&#34;,&#xA;            },&#xA;        },&#xA;    }&#xA;occurred&#xA;In [It] at: /Users/seancorkum/projects/devops-mcp/test/e2e/scenarios/single_agent_test.go:234 @ 07/10/25 14:24:23.687&#xA;</failure>
              <system-err>&gt; Enter [BeforeEach] Single Agent E2E Tests - /Users/seancorkum/projects/devops-mcp/test/e2e/scenarios/single_agent_test.go:30 @ 07/10/25 14:24:23.677&#xA;&lt; Exit [BeforeEach] Single Agent E2E Tests - /Users/seancorkum/projects/devops-mcp/test/e2e/scenarios/single_agent_test.go:30 @ 07/10/25 14:24:23.68 (3ms)&#xA;&gt; Enter [It] should execute GitHub tool - /Users/seancorkum/projects/devops-mcp/test/e2e/scenarios/single_agent_test.go:215 @ 07/10/25 14:24:23.68&#xA;[FAILED] Unexpected error:&#xA;    &lt;*fmt.wrapError | 0xc000692100&gt;: &#xA;    failed to connect: failed to WebSocket dial: expected handshake response status code 101 but got 401&#xA;    {&#xA;        msg: &#34;failed to connect: failed to WebSocket dial: expected handshake response status code 101 but got 401&#34;,&#xA;        err: &lt;*fmt.wrapError | 0xc0006920c0&gt;{&#xA;            msg: &#34;failed to WebSocket dial: expected handshake response status code 101 but got 401&#34;,&#xA;            err: &lt;*errors.errorString | 0xc000342000&gt;{&#xA;                s: &#34;expected handshake response status code 101 but got 401&#34;,&#xA;            },&#xA;        },&#xA;    }&#xA;occurred&#xA;In [It] at: /Users/seancorkum/projects/devops-mcp/test/e2e/scenarios/single_agent_test.go:234 @ 07/10/25 14:24:23.687&#xA;&lt; Exit [It] should execute GitHub tool - /Users/seancorkum/projects/devops-mcp/test/e2e/scenarios/single_agent_test.go:215 @ 07/10/25 14:24:23.687 (7ms)&#xA;&gt; Enter [AfterEach] Single Agent E2E Tests - /Users/seancorkum/projects/devops-mcp/test/e2e/scenarios/single_agent_test.go:40 @ 07/10/25 14:24:23.687&#xA;&lt; Exit [AfterEach] Single Agent E2E Tests - /Users/seancorkum/projects/devops-mcp/test/e2e/scenarios/single_agent_test.go:40 @ 07/10/25 14:24:23.693 (6ms)&#xA;</system-err>
          </testcase>
          <testcase name="[It] Single Agent E2E Tests Context Management should create and retrieve context" classname="Multi-Agent Collaboration E2E Test Suite" status="failed" time="0.011254646">
              <failure message="Unexpected error:&#xA;    &lt;*fmt.wrapError | 0xc0006920c0&gt;: &#xA;    failed to connect: failed to WebSocket dial: expected handshake response status code 101 but got 401&#xA;    {&#xA;        msg: &#34;failed to connect: failed to WebSocket dial: expected handshake response status code 101 but got 401&#34;,&#xA;        err: &lt;*fmt.wrapError | 0xc0006920a0&gt;{&#xA;            msg: &#34;failed to WebSocket dial: expected handshake response status code 101 but got 401&#34;,&#xA;            err: &lt;*errors.errorString | 0xc000524000&gt;{&#xA;                s: &#34;expected handshake response status code 101 but got 401&#34;,&#xA;            },&#xA;        },&#xA;    }&#xA;occurred" type="failed">[FAILED] Unexpected error:&#xA;    &lt;*fmt.wrapError | 0xc0006920c0&gt;: &#xA;    failed to connect: failed to WebSocket dial: expected handshake response status code 101 but got 401&#xA;    {&#xA;        msg: &#34;failed to connect: failed to WebSocket dial: expected handshake response status code 101 but got 401&#34;,&#xA;        err: &lt;*fmt.wrapError | 0xc0006920a0&gt;{&#xA;            msg: &#34;failed to WebSocket dial: expected handshake response status code 101 but got 401&#34;,&#xA;            err: &lt;*errors.errorString | 0xc000524000&gt;{&#xA;                s: &#34;expected handshake response status code 101 but got 401&#34;,&#xA;            },&#xA;        },&#xA;    }&#xA;occurred&#xA;In [It] at: /Users/seancorkum/projects/devops-mcp/test/e2e/scenarios/single_agent_test.go:285 @ 07/10/25 14:24:23.703&#xA;</failure>
              <system-err>&gt; Enter [BeforeEach] Single Agent E2E Tests - /Users/seancorkum/projects/devops-mcp/test/e2e/scenarios/single_agent_test.go:30 @ 07/10/25 14:24:23.694&#xA;&lt; Exit [BeforeEach] Single Agent E2E Tests - /Users/seancorkum/projects/devops-mcp/test/e2e/scenarios/single_agent_test.go:30 @ 07/10/25 14:24:23.696 (3ms)&#xA;&gt; Enter [It] should create and retrieve context - /Users/seancorkum/projects/devops-mcp/test/e2e/scenarios/single_agent_test.go:265 @ 07/10/25 14:24:23.696&#xA;[FAILED] Unexpected error:&#xA;    &lt;*fmt.wrapError | 0xc0006920c0&gt;: &#xA;    failed to connect: failed to WebSocket dial: expected handshake response status code 101 but got 401&#xA;    {&#xA;        msg: &#34;failed to connect: failed to WebSocket dial: expected handshake response status code 101 but got 401&#34;,&#xA;        err: &lt;*fmt.wrapError | 0xc0006920a0&gt;{&#xA;            msg: &#34;failed to WebSocket dial: expected handshake response status code 101 but got 401&#34;,&#xA;            err: &lt;*errors.errorString | 0xc000524000&gt;{&#xA;                s: &#34;expected handshake response status code 101 but got 401&#34;,&#xA;            },&#xA;        },&#xA;    }&#xA;occurred&#xA;In [It] at: /Users/seancorkum/projects/devops-mcp/test/e2e/scenarios/single_agent_test.go:285 @ 07/10/25 14:24:23.703&#xA;&lt; Exit [It] should create and retrieve context - /Users/seancorkum/projects/devops-mcp/test/e2e/scenarios/single_agent_test.go:265 @ 07/10/25 14:24:23.703 (6ms)&#xA;&gt; Enter [AfterEach] Single Agent E2E Tests - /Users/seancorkum/projects/devops-mcp/test/e2e/scenarios/single_agent_test.go:40 @ 07/10/25 14:24:23.703&#xA;&lt; Exit [AfterEach] Single Agent E2E Tests - /Users/seancorkum/projects/devops-mcp/test/e2e/scenarios/single_agent_test.go:40 @ 07/10/25 14:24:23.705 (2ms)&#xA;</system-err>
          </testcase>
          <testcase name="[It] Single Agent E2E Tests Session Management should manage sessions correctly" classname="Multi-Agent Collaboration E2E Test Suite" status="failed" time="0.011262241">
              <failure message="Unexpected error:&#xA;    &lt;*fmt.wrapError | 0xc00049a120&gt;: &#xA;    failed to connect: failed to WebSocket dial: expected handshake response status code 101 but got 401&#xA;    {&#xA;        msg: &#34;failed to connect: failed to WebSocket dial: expected handshake response status code 101 but got 401&#34;,&#xA;        err: &lt;*fmt.wrapError | 0xc00049a100&gt;{&#xA;            msg: &#34;failed to WebSocket dial: expected handshake response status code 101 but got 401&#34;,&#xA;            err: &lt;*errors.errorString | 0xc00057c000&gt;{&#xA;                s: &#34;expected handshake response status code 101 but got 401&#34;,&#xA;            },&#xA;        },&#xA;    }&#xA;occurred" type="failed">[FAILED] Unexpected error:&#xA;    &lt;*fmt.wrapError | 0xc00049a120&gt;: &#xA;    failed to connect: failed to WebSocket dial: expected handshake response status code 101 but got 401&#xA;    {&#xA;        msg: &#34;failed to connect: failed to WebSocket dial: expected handshake response status code 101 but got 401&#34;,&#xA;        err: &lt;*fmt.wrapError | 0xc00049a100&gt;{&#xA;            msg: &#34;failed to WebSocket dial: expected handshake response status code 101 but got 401&#34;,&#xA;            err: &lt;*errors.errorString | 0xc00057c000&gt;{&#xA;                s: &#34;expected handshake response status code 101 but got 401&#34;,&#xA;            },&#xA;        },&#xA;    }&#xA;occurred&#xA;In [It] at: /Users/seancorkum/projects/devops-mcp/test/e2e/scenarios/single_agent_test.go:347 @ 07/10/25 14:24:23.715&#xA;</failure>
              <system-err>&gt; Enter [BeforeEach] Single Agent E2E Tests - /Users/seancorkum/projects/devops-mcp/test/e2e/scenarios/single_agent_test.go:30 @ 07/10/25 14:24:23.705&#xA;&lt; Exit [BeforeEach] Single Agent E2E Tests - /Users/seancorkum/projects/devops-mcp/test/e2e/scenarios/single_agent_test.go:30 @ 07/10/25 14:24:23.708 (3ms)&#xA;&gt; Enter [It] should manage sessions correctly - /Users/seancorkum/projects/devops-mcp/test/e2e/scenarios/single_agent_test.go:327 @ 07/10/25 14:24:23.708&#xA;[FAILED] Unexpected error:&#xA;    &lt;*fmt.wrapError | 0xc00049a120&gt;: &#xA;    failed to connect: failed to WebSocket dial: expected handshake response status code 101 but got 401&#xA;    {&#xA;        msg: &#34;failed to connect: failed to WebSocket dial: expected handshake response status code 101 but got 401&#34;,&#xA;        err: &lt;*fmt.wrapError | 0xc00049a100&gt;{&#xA;            msg: &#34;failed to WebSocket dial: expected handshake response status code 101 but got 401&#34;,&#xA;            err: &lt;*errors.errorString | 0xc00057c000&gt;{&#xA;                s: &#34;expected handshake response status code 101 but got 401&#34;,&#xA;            },&#xA;        },&#xA;    }&#xA;occurred&#xA;In [It] at: /Users/seancorkum/projects/devops-mcp/test/e2e/scenarios/single_agent_test.go:347 @ 07/10/25 14:24:23.715&#xA;&lt; Exit [It] should manage sessions correctly - /Users/seancorkum/projects/devops-mcp/test/e2e/scenarios/single_agent_test.go:327 @ 07/10/25 14:24:23.715 (6ms)&#xA;&gt; Enter [AfterEach] Single Agent E2E Tests - /Users/seancorkum/projects/devops-mcp/test/e2e/scenarios/single_agent_test.go:40 @ 07/10/25 14:24:23.715&#xA;&lt; Exit [AfterEach] Single Agent E2E Tests - /Users/seancorkum/projects/devops-mcp/test/e2e/scenarios/single_agent_test.go:40 @ 07/10/25 14:24:23.716 (2ms)&#xA;</system-err>
          </testcase>
          <testcase name="[It] Single Agent E2E Tests Error Handling should handle authentication errors" classname="Multi-Agent Collaboration E2E Test Suite" status="passed" time="0.017630906">
              <system-err>&gt; Enter [BeforeEach] Single Agent E2E Tests - /Users/seancorkum/projects/devops-mcp/test/e2e/scenarios/single_agent_test.go:30 @ 07/10/25 14:24:23.716&#xA;&lt; Exit [BeforeEach] Single Agent E2E Tests - /Users/seancorkum/projects/devops-mcp/test/e2e/scenarios/single_agent_test.go:30 @ 07/10/25 14:24:23.719 (2ms)&#xA;&gt; Enter [It] should handle authentication errors - /Users/seancorkum/projects/devops-mcp/test/e2e/scenarios/single_agent_test.go:398 @ 07/10/25 14:24:23.719&#xA;&lt; Exit [It] should handle authentication errors - /Users/seancorkum/projects/devops-mcp/test/e2e/scenarios/single_agent_test.go:398 @ 07/10/25 14:24:23.732 (13ms)&#xA;&gt; Enter [AfterEach] Single Agent E2E Tests - /Users/seancorkum/projects/devops-mcp/test/e2e/scenarios/single_agent_test.go:40 @ 07/10/25 14:24:23.732&#xA;&lt; Exit [AfterEach] Single Agent E2E Tests - /Users/seancorkum/projects/devops-mcp/test/e2e/scenarios/single_agent_test.go:40 @ 07/10/25 14:24:23.734 (2ms)&#xA;</system-err>
          </testcase>
          <testcase name="[It] Single Agent E2E Tests Error Handling should handle invalid method calls" classname="Multi-Agent Collaboration E2E Test Suite" status="failed" time="0.012478509">
              <failure message="Unexpected error:&#xA;    &lt;*fmt.wrapError | 0xc000692040&gt;: &#xA;    failed to connect: failed to WebSocket dial: expected handshake response status code 101 but got 401&#xA;    {&#xA;        msg: &#34;failed to connect: failed to WebSocket dial: expected handshake response status code 101 but got 401&#34;,&#xA;        err: &lt;*fmt.wrapError | 0xc000692000&gt;{&#xA;            msg: &#34;failed to WebSocket dial: expected handshake response status code 101 but got 401&#34;,&#xA;            err: &lt;*errors.errorString | 0xc0004a4010&gt;{&#xA;                s: &#34;expected handshake response status code 101 but got 401&#34;,&#xA;            },&#xA;        },&#xA;    }&#xA;occurred" type="failed">[FAILED] Unexpected error:&#xA;    &lt;*fmt.wrapError | 0xc000692040&gt;: &#xA;    failed to connect: failed to WebSocket dial: expected handshake response status code 101 but got 401&#xA;    {&#xA;        msg: &#34;failed to connect: failed to WebSocket dial: expected handshake response status code 101 but got 401&#34;,&#xA;        err: &lt;*fmt.wrapError | 0xc000692000&gt;{&#xA;            msg: &#34;failed to WebSocket dial: expected handshake response status code 101 but got 401&#34;,&#xA;            err: &lt;*errors.errorString | 0xc0004a4010&gt;{&#xA;                s: &#34;expected handshake response status code 101 but got 401&#34;,&#xA;            },&#xA;        },&#xA;    }&#xA;occurred&#xA;In [It] at: /Users/seancorkum/projects/devops-mcp/test/e2e/scenarios/single_agent_test.go:448 @ 07/10/25 14:24:23.744&#xA;</failure>
              <system-err>&gt; Enter [BeforeEach] Single Agent E2E Tests - /Users/seancorkum/projects/devops-mcp/test/e2e/scenarios/single_agent_test.go:30 @ 07/10/25 14:24:23.734&#xA;&lt; Exit [BeforeEach] Single Agent E2E Tests - /Users/seancorkum/projects/devops-mcp/test/e2e/scenarios/single_agent_test.go:30 @ 07/10/25 14:24:23.736 (3ms)&#xA;&gt; Enter [It] should handle invalid method calls - /Users/seancorkum/projects/devops-mcp/test/e2e/scenarios/single_agent_test.go:428 @ 07/10/25 14:24:23.736&#xA;[FAILED] Unexpected error:&#xA;    &lt;*fmt.wrapError | 0xc000692040&gt;: &#xA;    failed to connect: failed to WebSocket dial: expected handshake response status code 101 but got 401&#xA;    {&#xA;        msg: &#34;failed to connect: failed to WebSocket dial: expected handshake response status code 101 but got 401&#34;,&#xA;        err: &lt;*fmt.wrapError | 0xc000692000&gt;{&#xA;            msg: &#34;failed to WebSocket dial: expected handshake response status code 101 but got 401&#34;,&#xA;            err: &lt;*errors.errorString | 0xc0004a4010&gt;{&#xA;                s: &#34;expected handshake response status code 101 but got 401&#34;,&#xA;            },&#xA;        },&#xA;    }&#xA;occurred&#xA;In [It] at: /Users/seancorkum/projects/devops-mcp/test/e2e/scenarios/single_agent_test.go:448 @ 07/10/25 14:24:23.744&#xA;&lt; Exit [It] should handle invalid method calls - /Users/seancorkum/projects/devops-mcp/test/e2e/scenarios/single_agent_test.go:428 @ 07/10/25 14:24:23.744 (8ms)&#xA;&gt; Enter [AfterEach] Single Agent E2E Tests - /Users/seancorkum/projects/devops-mcp/test/e2e/scenarios/single_agent_test.go:40 @ 07/10/25 14:24:23.744&#xA;&lt; Exit [AfterEach] Single Agent E2E Tests - /Users/seancorkum/projects/devops-mcp/test/e2e/scenarios/single_agent_test.go:40 @ 07/10/25 14:24:23.746 (2ms)&#xA;</system-err>
          </testcase>
          <testcase name="[It] Single Agent E2E Tests Error Handling should handle timeout scenarios" classname="Multi-Agent Collaboration E2E Test Suite" status="failed" time="0.014139565">
              <failure message="Unexpected error:&#xA;    &lt;*fmt.wrapError | 0xc00013a460&gt;: &#xA;    failed to connect: failed to WebSocket dial: expected handshake response status code 101 but got 401&#xA;    {&#xA;        msg: &#34;failed to connect: failed to WebSocket dial: expected handshake response status code 101 but got 401&#34;,&#xA;        err: &lt;*fmt.wrapError | 0xc00013a440&gt;{&#xA;            msg: &#34;failed to WebSocket dial: expected handshake response status code 101 but got 401&#34;,&#xA;            err: &lt;*errors.errorString | 0xc00057c000&gt;{&#xA;                s: &#34;expected handshake response status code 101 but got 401&#34;,&#xA;            },&#xA;        },&#xA;    }&#xA;occurred" type="failed">[FAILED] Unexpected error:&#xA;    &lt;*fmt.wrapError | 0xc00013a460&gt;: &#xA;    failed to connect: failed to WebSocket dial: expected handshake response status code 101 but got 401&#xA;    {&#xA;        msg: &#34;failed to connect: failed to WebSocket dial: expected handshake response status code 101 but got 401&#34;,&#xA;        err: &lt;*fmt.wrapError | 0xc00013a440&gt;{&#xA;            msg: &#34;failed to WebSocket dial: expected handshake response status code 101 but got 401&#34;,&#xA;            err: &lt;*errors.errorString | 0xc00057c000&gt;{&#xA;                s: &#34;expected handshake response status code 101 but got 401&#34;,&#xA;            },&#xA;        },&#xA;    }&#xA;occurred&#xA;In [It] at: /Users/seancorkum/projects/devops-mcp/test/e2e/scenarios/single_agent_test.go:488 @ 07/10/25 14:24:23.759&#xA;</failure>
              <system-err>&gt; Enter [BeforeEach] Single Agent E2E Tests - /Users/seancorkum/projects/devops-mcp/test/e2e/scenarios/single_agent_test.go:30 @ 07/10/25 14:24:23.746&#xA;&lt; Exit [BeforeEach] Single Agent E2E Tests - /Users/seancorkum/projects/devops-mcp/test/e2e/scenarios/single_agent_test.go:30 @ 07/10/25 14:24:23.749 (2ms)&#xA;&gt; Enter [It] should handle timeout scenarios - /Users/seancorkum/projects/devops-mcp/test/e2e/scenarios/single_agent_test.go:468 @ 07/10/25 14:24:23.749&#xA;[FAILED] Unexpected error:&#xA;    &lt;*fmt.wrapError | 0xc00013a460&gt;: &#xA;    failed to connect: failed to WebSocket dial: expected handshake response status code 101 but got 401&#xA;    {&#xA;        msg: &#34;failed to connect: failed to WebSocket dial: expected handshake response status code 101 but got 401&#34;,&#xA;        err: &lt;*fmt.wrapError | 0xc00013a440&gt;{&#xA;            msg: &#34;failed to WebSocket dial: expected handshake response status code 101 but got 401&#34;,&#xA;            err: &lt;*errors.errorString | 0xc00057c000&gt;{&#xA;                s: &#34;expected handshake response status code 101 but got 401&#34;,&#xA;            },&#xA;        },&#xA;    }&#xA;occurred&#xA;In [It] at: /Users/seancorkum/projects/devops-mcp/test/e2e/scenarios/single_agent_test.go:488 @ 07/10/25 14:24:23.759&#xA;&lt; Exit [It] should handle timeout scenarios - /Users/seancorkum/projects/devops-mcp/test/e2e/scenarios/single_agent_test.go:468 @ 07/10/25 14:24:23.759 (10ms)&#xA;&gt; Enter [AfterEach] Single Agent E2E Tests - /Users/seancorkum/projects/devops-mcp/test/e2e/scenarios/single_agent_test.go:40 @ 07/10/25 14:24:23.759&#xA;&lt; Exit [AfterEach] Single Agent E2E Tests - /Users/seancorkum/projects/devops-mcp/test/e2e/scenarios/single_agent_test.go:40 @ 07/10/25 14:24:23.761 (2ms)&#xA;</system-err>
          </testcase>
          <testcase name="[It] Multi-Agent Collaboration E2E Tests Basic Multi-Agent Setup should connect multiple agents simultaneously" classname="Multi-Agent Collaboration E2E Test Suite" status="skipped" time="0">
              <skipped message="skipped"></skipped>
          </testcase>
          <testcase name="[It] Multi-Agent Collaboration E2E Tests Code Review Workflow should coordinate code review between multiple agents" classname="Multi-Agent Collaboration E2E Test Suite" status="skipped" time="0">
              <skipped message="skipped"></skipped>
          </testcase>
          <testcase name="[It] Multi-Agent Collaboration E2E Tests Parallel Task Execution should execute tasks in parallel across multiple agents" classname="Multi-Agent Collaboration E2E Test Suite" status="skipped" time="0">
              <skipped message="skipped"></skipped>
          </testcase>
          <testcase name="[It] Multi-Agent Collaboration E2E Tests Consensus Mechanism should reach consensus among multiple agents" classname="Multi-Agent Collaboration E2E Test Suite" status="skipped" time="0">
              <skipped message="skipped"></skipped>
          </testcase>
          <testcase name="[It] Multi-Agent Collaboration E2E Tests MapReduce Pattern should execute MapReduce workflow across agents" classname="Multi-Agent Collaboration E2E Test Suite" status="skipped" time="0">
              <skipped message="skipped"></skipped>
          </testcase>
          <testcase name="[It] Multi-Agent Collaboration E2E Tests Agent Coordination should coordinate deployment pipeline across agents" classname="Multi-Agent Collaboration E2E Test Suite" status="skipped" time="0">
              <skipped message="skipped"></skipped>
          </testcase>
      </testsuite>
  </testsuites>